[0m[[0m[0mdebug[0m] [0m[0m> Exec(early(addDefaultCommands), None, None)[0m
[0m[[0m[0mdebug[0m] [0m[0m> Exec(addDefaultCommands, None, None)[0m
[0m[[0m[0mdebug[0m] [0m[0m> Exec(early(initialize), None, None)[0m
[0m[[0m[0mdebug[0m] [0m[0m> Exec(initialize, None, None)[0m
[0m[[0m[0mdebug[0m] [0m[0m> Exec(boot, None, None)[0m
[0m[[0m[0mdebug[0m] [0m[0m> Exec(writeSbtVersion, None, None)[0m
[0m[[0m[0mdebug[0m] [0m[0m> Exec(reload, None, None)[0m
[0m[[0m[0mdebug[0m] [0m[0m> Exec(sbtStashOnFailure, None, None)[0m
[0m[[0m[0mdebug[0m] [0m[0m> Exec(onFailure loadFailed, None, None)[0m
[0m[[0m[0mdebug[0m] [0m[0m> Exec(loadp, None, None)[0m
[0m[[0m[0minfo[0m] [0m[0mwelcome to sbt 1.10.11 (Homebrew Java 17.0.14)[0m
[0m[[0m[0mdebug[0m] [0m[0mLoad.defaultLoad until apply took 70.429042ms[0m
[0m[[0m[0mdebug[0m] [0m[0m          Load.loadUnit: plugins took 54.562125ms[0m
[0m[[0m[0mdebug[0m] [0m[0m          Load.loadUnit: defsScala took 0.126ms[0m
[0m[[0m[0mdebug[0m] [0m[0m[Loading] Scanning directory /Users/io/GitHub/WebProjects/Fullstack/tea-growth-record/server/project[0m
[0m[[0m[0mdebug[0m] [0m[0m            Load.loadUnit: mkEval took 4.681042ms[0m
[0m[[0m[0mdebug[0m] [0m[0m[Loading] Found non-root projects [0m
[0m[[0m[0mdebug[0m] [0m[0m[Loading] Done in /Users/io/GitHub/WebProjects/Fullstack/tea-growth-record/server/project, returning: ()[0m
[0m[[0m[0mdebug[0m] [0m[0mdeducing auto plugins based on known facts Set(Atom(sbt.plugins.CorePlugin)) and clauses Clauses(Clause(Atom(sbt.plugins.JvmPlugin),Set(Atom(sbt.plugins.IvyPlugin)))[0m
[0m[[0m[0mdebug[0m] [0m[0mClause(Atom(sbt.ScriptedPlugin),Set(Atom(sbt.plugins.JvmPlugin)))[0m
[0m[[0m[0mdebug[0m] [0m[0mClause(Atom(sbt.plugins.SbtPlugin),Set(Atom(sbt.ScriptedPlugin)))[0m
[0m[[0m[0mdebug[0m] [0m[0mClause(Atom(sbt.plugins.SemanticdbPlugin),Set(Atom(sbt.plugins.JvmPlugin)))[0m
[0m[[0m[0mdebug[0m] [0m[0mClause(Atom(sbt.plugins.JUnitXmlReportPlugin),Set(Atom(sbt.plugins.JvmPlugin)))[0m
[0m[[0m[0mdebug[0m] [0m[0mClause(Atom(sbt.plugins.MiniDependencyTreePlugin),Set(Atom(sbt.plugins.JvmPlugin)))[0m
[0m[[0m[0mdebug[0m] [0m[0mClause(Atom(sbt.plugins.CorePlugin),Set(Atom(sbt.plugins.IvyPlugin)))[0m
[0m[[0m[0mdebug[0m] [0m[0mClause(Atom(sbt.plugins.IvyPlugin),Set(Atom(sbt.plugins.JvmPlugin)))[0m
[0m[[0m[0mdebug[0m] [0m[0mClause(Atom(sbt.plugins.JvmPlugin),Set(Atom(sbt.plugins.SemanticdbPlugin)))[0m
[0m[[0m[0mdebug[0m] [0m[0mClause(Atom(sbt.plugins.JvmPlugin),Set(Atom(sbt.plugins.JUnitXmlReportPlugin)))[0m
[0m[[0m[0mdebug[0m] [0m[0mClause(Atom(sbt.plugins.CorePlugin),Set(Atom(sbt.plugins.Giter8TemplatePlugin)))[0m
[0m[[0m[0mdebug[0m] [0m[0mClause(Atom(sbt.plugins.JvmPlugin),Set(Atom(sbt.plugins.MiniDependencyTreePlugin))))[0m
[0m[[0m[0mdebug[0m] [0m[0m  :: deduced result: Matched(sbt.plugins.CorePlugin,sbt.plugins.Giter8TemplatePlugin,sbt.plugins.IvyPlugin,sbt.plugins.JvmPlugin,sbt.plugins.MiniDependencyTreePlugin,sbt.plugins.JUnitXmlReportPlugin,sbt.plugins.SemanticdbPlugin)[0m
[0m[[0m[0mdebug[0m] [0m[0mPlugins.deducer#function took 13.284375 ms[0m
[0m[[0m[0minfo[0m] [0m[0mloading settings for project server-build from plugins.sbt...[0m
[0m[[0m[0mdebug[0m] [0m[0m              Load.resolveProject(server-build) took 29.205833ms[0m
[0m[[0m[0mdebug[0m] [0m[0m            Load.loadTransitive: finalizeProject(Project(id server-build, base: /Users/io/GitHub/WebProjects/Fullstack/tea-growth-record/server/project, plugins: List(<none>))) took 54.284209ms[0m
[0m[[0m[0mdebug[0m] [0m[0m[Loading] Done in /Users/io/GitHub/WebProjects/Fullstack/tea-growth-record/server/project, returning: (server-build)[0m
[0m[[0m[0mdebug[0m] [0m[0m          Load.loadUnit: loadedProjectsRaw took 270.746875ms[0m
[0m[[0m[0mdebug[0m] [0m[0m          Load.loadUnit: cleanEvalClasses took 6.907834ms[0m
[0m[[0m[0mdebug[0m] [0m[0m        Load.loadUnit(file:/Users/io/GitHub/WebProjects/Fullstack/tea-growth-record/server/project/, ...) took 339.679041ms[0m
[0m[[0m[0mdebug[0m] [0m[0m      Load.apply: load took 834.462292ms[0m
[0m[[0m[0mdebug[0m] [0m[0m      Load.apply: resolveProjects took 3.601916ms[0m
[0m[[0m[0mdebug[0m] [0m[0m      Load.apply: finalTransforms took 78.131042ms[0m
[0m[[0m[0mdebug[0m] [0m[0m      Load.apply: config.delegates took 5.447959ms[0m
[0m[[0m[0mdebug[0m] [0m[0m      Load.apply: Def.make(settings)... took 891.067375ms[0m
[0m[[0m[0mdebug[0m] [0m[0m      Load.apply: structureIndex took 178.700834ms[0m
[0m[[0m[0mdebug[0m] [0m[0m      Load.apply: mkStreams took 0.637542ms[0m
[0m[[0m[0minfo[0m] [0m[0mloading project definition from /Users/io/GitHub/WebProjects/Fullstack/tea-growth-record/server/project[0m
[0m[[0m[0mdebug[0m] [0m[0mRunning task... Cancel: Signal, check cycles: false, forcegc: true[0m
[0m[[0m[0mdebug[0m] [0m[0m    Load.loadUnit: plugins took 3863.100958ms[0m
[0m[[0m[0mdebug[0m] [0m[0m    Load.loadUnit: defsScala took 0.003667ms[0m
[0m[[0m[0mdebug[0m] [0m[0m[Loading] Scanning directory /Users/io/GitHub/WebProjects/Fullstack/tea-growth-record/server[0m
[0m[[0m[0mdebug[0m] [0m[0m      Load.loadUnit: mkEval took 0.725209ms[0m
[0m[[0m[0mdebug[0m] [0m[0m[Loading] Found root project root w/ remaining [0m
[0m[[0m[0mdebug[0m] [0m[0mdeducing auto plugins based on known facts Set(Atom(play.sbt.PlayScala), Atom(sbt.plugins.CorePlugin)) and clauses Clauses(Clause(Atom(sbt.plugins.JvmPlugin),Set(Atom(sbt.plugins.IvyPlugin)))[0m
[0m[[0m[0mdebug[0m] [0m[0mClause(Atom(sbt.ScriptedPlugin),Set(Atom(sbt.plugins.JvmPlugin)))[0m
[0m[[0m[0mdebug[0m] [0m[0mClause(Atom(sbt.plugins.SbtPlugin),Set(Atom(sbt.ScriptedPlugin)))[0m
[0m[[0m[0mdebug[0m] [0m[0mClause(Atom(sbt.plugins.SemanticdbPlugin),Set(Atom(sbt.plugins.JvmPlugin)))[0m
[0m[[0m[0mdebug[0m] [0m[0mClause(Atom(sbt.plugins.JUnitXmlReportPlugin),Set(Atom(sbt.plugins.JvmPlugin)))[0m
[0m[[0m[0mdebug[0m] [0m[0mClause(Atom(sbt.plugins.MiniDependencyTreePlugin),Set(Atom(sbt.plugins.JvmPlugin)))[0m
[0m[[0m[0mdebug[0m] [0m[0mClause(Atom(play.sbt.Play),Set(Atom(play.sbt.routes.RoutesCompiler)))[0m
[0m[[0m[0mdebug[0m] [0m[0mClause(Atom(play.sbt.Play),Set(Atom(com.typesafe.sbt.jse.SbtJsTask)))[0m
[0m[[0m[0mdebug[0m] [0m[0mClause(Atom(play.sbt.Play),Set(Atom(com.typesafe.sbt.packager.archetypes.JavaServerAppPackaging)))[0m
[0m[[0m[0mdebug[0m] [0m[0mClause(Atom(play.sbt.Play),Set(Atom(play.twirl.sbt.SbtTwirl)))[0m
[0m[[0m[0mdebug[0m] [0m[0mClause(Atom(play.sbt.PlayAkkaHttp2Support),Set(Atom(play.sbt.PlayAkkaHttpServer)))[0m
[0m[[0m[0mdebug[0m] [0m[0mClause(Atom(play.sbt.PlayAkkaHttpServer),Set(Atom(play.sbt.PlayService)))[0m
[0m[[0m[0mdebug[0m] [0m[0mClause(Atom(play.sbt.PlayFilters),Set(Atom(play.sbt.PlayWeb)))[0m
[0m[[0m[0mdebug[0m] [0m[0mClause(Atom(play.sbt.PlayJava),Set(Atom(play.sbt.PlayWeb)))[0m
[0m[[0m[0mdebug[0m] [0m[0mClause(Atom(play.sbt.PlayLayoutPlugin),Set(Atom(play.sbt.PlayWeb)))[0m
[0m[[0m[0mdebug[0m] [0m[0mClause(Atom(play.sbt.PlayLogback),Set(Atom(play.sbt.PlayService)))[0m
[0m[[0m[0mdebug[0m] [0m[0mClause(Atom(play.sbt.PlayMinimalJava),Set(Atom(play.sbt.PlayWeb)))[0m
[0m[[0m[0mdebug[0m] [0m[0mClause(Atom(play.sbt.PlayNettyServer),Set(Atom(play.sbt.PlayService)))[0m
[0m[[0m[0mdebug[0m] [0m[0mClause(Atom(play.sbt.PlayScala),Set(Atom(play.sbt.PlayWeb)))[0m
[0m[[0m[0mdebug[0m] [0m[0mClause(Atom(play.sbt.PlayService),Set(Atom(com.typesafe.sbt.packager.archetypes.JavaServerAppPackaging)))[0m
[0m[[0m[0mdebug[0m] [0m[0mClause(Atom(play.sbt.PlayWeb),Set(Atom(play.sbt.routes.RoutesCompiler)))[0m
[0m[[0m[0mdebug[0m] [0m[0mClause(Atom(play.sbt.PlayWeb),Set(Atom(com.typesafe.sbt.jse.SbtJsTask)))[0m
[0m[[0m[0mdebug[0m] [0m[0mClause(Atom(play.sbt.PlayWeb),Set(Atom(play.sbt.PlayService)))[0m
[0m[[0m[0mdebug[0m] [0m[0mClause(Atom(play.sbt.PlayWeb),Set(Atom(play.twirl.sbt.SbtTwirl)))[0m
[0m[[0m[0mdebug[0m] [0m[0mClause(Atom(play.sbt.routes.RoutesCompiler),Set(Atom(sbt.plugins.JvmPlugin)))[0m
[0m[[0m[0mdebug[0m] [0m[0mClause(Atom(com.typesafe.sbt.SbtScalariform),Set(Atom(sbt.plugins.JvmPlugin)))[0m
[0m[[0m[0mdebug[0m] [0m[0mClause(Atom(com.typesafe.sbt.digest.SbtDigest),Set(Atom(com.typesafe.sbt.web.SbtWeb)))[0m
[0m[[0m[0mdebug[0m] [0m[0mClause(Atom(com.typesafe.sbt.gzip.SbtGzip),Set(Atom(com.typesafe.sbt.web.SbtWeb)))[0m
[0m[[0m[0mdebug[0m] [0m[0mClause(Atom(play.twirl.sbt.SbtTwirl),Set(Atom(sbt.plugins.JvmPlugin)))[0m
[0m[[0m[0mdebug[0m] [0m[0mClause(Atom(com.typesafe.sbt.SbtNativePackager),Set(Atom(sbt.plugins.JvmPlugin)))[0m
[0m[[0m[0mdebug[0m] [0m[0mClause(Atom(com.typesafe.sbt.packager.archetypes.JavaAppPackaging),Set(Atom(com.typesafe.sbt.packager.windows.WindowsPlugin)))[0m
[0m[[0m[0mdebug[0m] [0m[0mClause(Atom(com.typesafe.sbt.packager.archetypes.JavaAppPackaging),Set(Atom(com.typesafe.sbt.packager.docker.DockerPlugin)))[0m
[0m[[0m[0mdebug[0m] [0m[0mClause(Atom(com.typesafe.sbt.packager.archetypes.JavaAppPackaging),Set(Atom(com.typesafe.sbt.packager.debian.DebianPlugin)))[0m
[0m[[0m[0mdebug[0m] [0m[0mClause(Atom(com.typesafe.sbt.packager.archetypes.JavaAppPackaging),Set(Atom(com.typesafe.sbt.packager.rpm.RpmPlugin)))[0m
[0m[[0m[0mdebug[0m] [0m[0mClause(Atom(com.typesafe.sbt.packager.archetypes.JavaServerAppPackaging),Set(Atom(com.typesafe.sbt.packager.archetypes.JavaAppPackaging)))[0m
[0m[[0m[0mdebug[0m] [0m[0mClause(Atom(com.typesafe.sbt.packager.archetypes.jar.ClasspathJarPlugin),Set(Atom(com.typesafe.sbt.packager.archetypes.JavaAppPackaging)))[0m
[0m[[0m[0mdebug[0m] [0m[0mClause(Atom(com.typesafe.sbt.packager.archetypes.jar.LauncherJarPlugin),Set(Atom(com.typesafe.sbt.packager.archetypes.JavaAppPackaging)))[0m
[0m[[0m[0mdebug[0m] [0m[0mClause(Atom(com.typesafe.sbt.packager.archetypes.jlink.JlinkPlugin),Set(Atom(com.typesafe.sbt.packager.archetypes.JavaAppPackaging)))[0m
[0m[[0m[0mdebug[0m] [0m[0mClause(Atom(com.typesafe.sbt.packager.archetypes.scripts.AshScriptPlugin),Set(Atom(com.typesafe.sbt.packager.archetypes.JavaAppPackaging)))[0m
[0m[[0m[0mdebug[0m] [0m[0mClause(Atom(com.typesafe.sbt.packager.archetypes.scripts.AshScriptPlugin),Set(Atom(com.typesafe.sbt.packager.archetypes.scripts.BashStartScriptPlugin)))[0m
[0m[[0m[0mdebug[0m] [0m[0mClause(Atom(com.typesafe.sbt.packager.archetypes.scripts.BashStartScriptPlugin),Set(Atom(com.typesafe.sbt.packager.archetypes.JavaAppPackaging)))[0m
[0m[[0m[0mdebug[0m] [0m[0mClause(Atom(com.typesafe.sbt.packager.archetypes.scripts.BatStartScriptPlugin),Set(Atom(com.typesafe.sbt.packager.archetypes.JavaAppPackaging)))[0m
[0m[[0m[0mdebug[0m] [0m[0mClause(Atom(com.typesafe.sbt.packager.archetypes.systemloader.SystemVPlugin),Set(Atom(com.typesafe.sbt.packager.archetypes.systemloader.SystemloaderPlugin)))[0m
[0m[[0m[0mdebug[0m] [0m[0mClause(Atom(com.typesafe.sbt.packager.archetypes.systemloader.SystemdPlugin),Set(Atom(com.typesafe.sbt.packager.archetypes.systemloader.SystemloaderPlugin)))[0m
[0m[[0m[0mdebug[0m] [0m[0mClause(Atom(com.typesafe.sbt.packager.archetypes.systemloader.SystemloaderPlugin),Set(Atom(com.typesafe.sbt.packager.debian.DebianPlugin)))[0m
[0m[[0m[0mdebug[0m] [0m[0mClause(Atom(com.typesafe.sbt.packager.archetypes.systemloader.SystemloaderPlugin),Set(Atom(com.typesafe.sbt.packager.rpm.RpmPlugin)))[0m
[0m[[0m[0mdebug[0m] [0m[0mClause(Atom(com.typesafe.sbt.packager.archetypes.systemloader.UpstartPlugin),Set(Atom(com.typesafe.sbt.packager.archetypes.systemloader.SystemloaderPlugin)))[0m
[0m[[0m[0mdebug[0m] [0m[0mClause(Atom(com.typesafe.sbt.packager.debian.DebianDeployPlugin),Set(Atom(com.typesafe.sbt.packager.debian.DebianPlugin)))[0m
[0m[[0m[0mdebug[0m] [0m[0mClause(Atom(com.typesafe.sbt.packager.debian.DebianPlugin),Set(Atom(com.typesafe.sbt.packager.linux.LinuxPlugin)))[0m
[0m[[0m[0mdebug[0m] [0m[0mClause(Atom(com.typesafe.sbt.packager.debian.JDebPackaging),Set(Atom(com.typesafe.sbt.packager.debian.DebianPlugin)))[0m
[0m[[0m[0mdebug[0m] [0m[0mClause(Atom(com.typesafe.sbt.packager.docker.DockerPlugin),Set(Atom(com.typesafe.sbt.packager.universal.UniversalPlugin)))[0m
[0m[[0m[0mdebug[0m] [0m[0mClause(Atom(com.typesafe.sbt.packager.docker.DockerSpotifyClientPlugin),Set(Atom(com.typesafe.sbt.packager.docker.DockerPlugin)))[0m
[0m[[0m[0mdebug[0m] [0m[0mClause(Atom(com.typesafe.sbt.packager.graalvmnativeimage.GraalVMNativeImagePlugin),Set(Atom(com.typesafe.sbt.packager.archetypes.JavaAppPackaging)))[0m
[0m[[0m[0mdebug[0m] [0m[0mClause(Atom(com.typesafe.sbt.packager.jdkpackager.JDKPackagerDeployPlugin),Set(Atom(com.typesafe.sbt.packager.jdkpackager.JDKPackagerPlugin)))[0m
[0m[[0m[0mdebug[0m] [0m[0mClause(Atom(com.typesafe.sbt.packager.jdkpackager.JDKPackagerPlugin),Set(Atom(com.typesafe.sbt.packager.archetypes.JavaAppPackaging)))[0m
[0m[[0m[0mdebug[0m] [0m[0mClause(Atom(com.typesafe.sbt.packager.jdkpackager.JDKPackagerPlugin),Set(Atom(com.typesafe.sbt.packager.archetypes.jar.LauncherJarPlugin)))[0m
[0m[[0m[0mdebug[0m] [0m[0mClause(Atom(com.typesafe.sbt.packager.linux.LinuxPlugin),Set(Atom(com.typesafe.sbt.packager.universal.UniversalPlugin)))[0m
[0m[[0m[0mdebug[0m] [0m[0mClause(Atom(com.typesafe.sbt.packager.rpm.RpmDeployPlugin),Set(Atom(com.typesafe.sbt.packager.rpm.RpmPlugin)))[0m
[0m[[0m[0mdebug[0m] [0m[0mClause(Atom(com.typesafe.sbt.packager.rpm.RpmPlugin),Set(Atom(com.typesafe.sbt.packager.linux.LinuxPlugin)))[0m
[0m[[0m[0mdebug[0m] [0m[0mClause(Atom(com.typesafe.sbt.packager.universal.UniversalDeployPlugin),Set(Atom(com.typesafe.sbt.packager.universal.UniversalPlugin)))[0m
[0m[[0m[0mdebug[0m] [0m[0mClause(Atom(com.typesafe.sbt.packager.universal.UniversalPlugin),Set(Atom(com.typesafe.sbt.SbtNativePackager)))[0m
[0m[[0m[0mdebug[0m] [0m[0mClause(Atom(com.typesafe.sbt.packager.windows.WindowsDeployPlugin),Set(Atom(com.typesafe.sbt.packager.windows.WindowsPlugin)))[0m
[0m[[0m[0mdebug[0m] [0m[0mClause(Atom(com.typesafe.sbt.packager.windows.WindowsPlugin),Set(Atom(com.typesafe.sbt.packager.universal.UniversalPlugin)))[0m
[0m[[0m[0mdebug[0m] [0m[0mClause(Atom(com.typesafe.sbt.web.SbtWeb),Set(Atom(sbt.plugins.JvmPlugin)))[0m
[0m[[0m[0mdebug[0m] [0m[0mClause(Atom(com.typesafe.sbt.jse.SbtJsEngine),Set(Atom(com.typesafe.sbt.web.SbtWeb)))[0m
[0m[[0m[0mdebug[0m] [0m[0mClause(Atom(com.typesafe.sbt.jse.SbtJsTask),Set(Atom(com.typesafe.sbt.jse.SbtJsEngine)))[0m
[0m[[0m[0mdebug[0m] [0m[0mClause(Atom(sbt.plugins.CorePlugin),Set(Atom(sbt.plugins.IvyPlugin)))[0m
[0m[[0m[0mdebug[0m] [0m[0mClause(Atom(sbt.plugins.IvyPlugin),Set(Atom(sbt.plugins.JvmPlugin)))[0m
[0m[[0m[0mdebug[0m] [0m[0mClause(Atom(sbt.plugins.JvmPlugin),Set(Atom(sbt.plugins.SemanticdbPlugin)))[0m
[0m[[0m[0mdebug[0m] [0m[0mClause(Atom(sbt.plugins.JvmPlugin),Set(Atom(sbt.plugins.JUnitXmlReportPlugin)))[0m
[0m[[0m[0mdebug[0m] [0m[0mClause(Atom(sbt.plugins.CorePlugin),Set(Atom(sbt.plugins.Giter8TemplatePlugin)))[0m
[0m[[0m[0mdebug[0m] [0m[0mClause(Atom(sbt.plugins.JvmPlugin),Set(Atom(sbt.plugins.MiniDependencyTreePlugin)))[0m
[0m[[0m[0mdebug[0m] [0m[0mClause(Atom(play.sbt.PlayService),Set(Atom(play.sbt.PlayAkkaHttpServer)))[0m
[0m[[0m[0mdebug[0m] [0m[0mClause(Atom(play.sbt.PlayWeb),Set(Atom(play.sbt.PlayFilters)))[0m
[0m[[0m[0mdebug[0m] [0m[0mClause(Atom(play.sbt.PlayWeb),Set(Atom(play.sbt.PlayLayoutPlugin)))[0m
[0m[[0m[0mdebug[0m] [0m[0mClause(Atom(play.sbt.PlayService),Set(Atom(play.sbt.PlayLogback)))[0m
[0m[[0m[0mdebug[0m] [0m[0mClause(Atom(sbt.plugins.JvmPlugin),Set(Atom(com.typesafe.sbt.SbtScalariform)))[0m
[0m[[0m[0mdebug[0m] [0m[0mClause(Atom(com.typesafe.sbt.web.SbtWeb),Set(Atom(com.typesafe.sbt.digest.SbtDigest)))[0m
[0m[[0m[0mdebug[0m] [0m[0mClause(Atom(com.typesafe.sbt.web.SbtWeb),Set(Atom(com.typesafe.sbt.gzip.SbtGzip)))[0m
[0m[[0m[0mdebug[0m] [0m[0mClause(Atom(com.typesafe.sbt.packager.archetypes.JavaAppPackaging),Set(Atom(com.typesafe.sbt.packager.archetypes.scripts.BashStartScriptPlugin)))[0m
[0m[[0m[0mdebug[0m] [0m[0mClause(Atom(com.typesafe.sbt.packager.archetypes.JavaAppPackaging),Set(Atom(com.typesafe.sbt.packager.archetypes.scripts.BatStartScriptPlugin)))[0m
[0m[[0m[0mdebug[0m] [0m[0mClause(Atom(com.typesafe.sbt.web.SbtWeb),Set(Atom(com.typesafe.sbt.jse.SbtJsEngine)))[0m
[0m[[0m[0mdebug[0m] [0m[0mClause(Atom(com.typesafe.sbt.jse.SbtJsEngine),Set(Atom(com.typesafe.sbt.jse.SbtJsTask))))[0m
[0m[[0m[0mdebug[0m] [0m[0m  :: deduced result: Matched(sbt.plugins.CorePlugin,play.sbt.PlayScala,sbt.plugins.Giter8TemplatePlugin,sbt.plugins.IvyPlugin,play.sbt.PlayWeb,play.twirl.sbt.SbtTwirl,sbt.plugins.JvmPlugin,play.sbt.PlayService,play.sbt.PlayFilters,play.sbt.PlayLayoutPlugin,play.sbt.routes.RoutesCompiler,com.typesafe.sbt.jse.SbtJsTask,com.typesafe.sbt.packager.archetypes.JavaServerAppPackaging,sbt.plugins.SemanticdbPlugin,sbt.plugins.JUnitXmlReportPlugin,com.typesafe.sbt.SbtScalariform,play.sbt.PlayLogback,sbt.plugins.MiniDependencyTreePlugin,com.typesafe.sbt.jse.SbtJsEngine,play.sbt.PlayAkkaHttpServer,com.typesafe.sbt.web.SbtWeb,com.typesafe.sbt.packager.archetypes.JavaAppPackaging,com.typesafe.sbt.digest.SbtDigest,com.typesafe.sbt.packager.rpm.RpmPlugin,com.typesafe.sbt.packager.archetypes.scripts.BashStartScriptPlugin,com.typesafe.sbt.packager.windows.WindowsPlugin,com.typesafe.sbt.packager.archetypes.scripts.BatStartScriptPlugin,com.typesafe.sbt.packager.docker.DockerPlugin,com.typesafe.sbt.gzip.SbtGzip,com.typesafe.sbt.packager.debian.DebianPlugin,com.typesafe.sbt.packager.universal.UniversalPlugin,com.typesafe.sbt.packager.linux.LinuxPlugin,com.typesafe.sbt.SbtNativePackager)[0m
[0m[[0m[0mdebug[0m] [0m[0mPlugins.deducer#function took 20.73375 ms[0m
[0m[[0m[0minfo[0m] [0m[0mloading settings for project root from build.sbt...[0m
[0m[[0m[0mdebug[0m] [0m[0m        Load.resolveProject(root) took 70.890333ms[0m
[0m[[0m[0mdebug[0m] [0m[0m      Load.loadTransitive: finalizeProject(Project(id root, base: /Users/io/GitHub/WebProjects/Fullstack/tea-growth-record/server, plugins: List(play.sbt.PlayScala))) took 97.6785ms[0m
[0m[[0m[0mdebug[0m] [0m[0m[Loading] Done in /Users/io/GitHub/WebProjects/Fullstack/tea-growth-record/server, returning: (root)[0m
[0m[[0m[0mdebug[0m] [0m[0m    Load.loadUnit: loadedProjectsRaw took 225.25575ms[0m
[0m[[0m[0mdebug[0m] [0m[0m    Load.loadUnit: cleanEvalClasses took 2.825292ms[0m
[0m[[0m[0mdebug[0m] [0m[0m  Load.loadUnit(file:/Users/io/GitHub/WebProjects/Fullstack/tea-growth-record/server/, ...) took 4092.435041ms[0m
[0m[[0m[0mdebug[0m] [0m[0mLoad.apply: load took 4108.168208ms[0m
[0m[[0m[0mdebug[0m] [0m[0mLoad.apply: resolveProjects took 0.383958ms[0m
[0m[[0m[0mdebug[0m] [0m[0mLoad.apply: finalTransforms took 28.085834ms[0m
[0m[[0m[0mdebug[0m] [0m[0mLoad.apply: config.delegates took 1.607958ms[0m
[0m[[0m[0mdebug[0m] [0m[0mLoad.apply: Def.make(settings)... took 289.587667ms[0m
[0m[[0m[0mdebug[0m] [0m[0mLoad.apply: structureIndex took 62.728417ms[0m
[0m[[0m[0mdebug[0m] [0m[0mLoad.apply: mkStreams took 0.008542ms[0m
[0m[[0m[0minfo[0m] [0m[0m[32m  __              __[0m[0m
[0m[[0m[0minfo[0m] [0m[0m[32m  \ \     ____   / /____ _ __  __[0m[0m
[0m[[0m[0minfo[0m] [0m[0m[32m   \ \   / __ \ / // __ `// / / /[0m[0m
[0m[[0m[0minfo[0m] [0m[0m[32m   / /  / /_/ // // /_/ // /_/ /[0m[0m
[0m[[0m[0minfo[0m] [0m[0m[32m  /_/  / .___//_/ \__,_/ \__, /[0m[0m
[0m[[0m[0minfo[0m] [0m[0m[32m      /_/               /____/[0m[0m
[0m[[0m[0minfo[0m] [0m[0m[0m
[0m[[0m[0minfo[0m] [0m[0mVersion 2.9.0 running Java 17.0.14[0m
[0m[[0m[0minfo[0m] [0m[0m[0m
[0m[[0m[0minfo[0m] [0m[0m[1mPlay is run entirely by the community. Please consider contributing and/or donating:[0m[0m
[0m[[0m[0minfo[0m] [0m[0mhttps://www.playframework.com/sponsors[0m
[0m[[0m[0minfo[0m] [0m[0m[0m
[0m[[0m[0mdebug[0m] [0m[0m> Exec(sbtPopOnFailure, None, None)[0m
[0m[[0m[0mdebug[0m] [0m[0m> Exec(resumeFromFailure, None, None)[0m
[0m[[0m[0mdebug[0m] [0m[0m> Exec(notifyUsersAboutShell, None, None)[0m
[0m[[0m[0mdebug[0m] [0m[0m> Exec(iflast shell, None, None)[0m
[0m[[0m[0mdebug[0m] [0m[0m> Exec(run, None, None)[0m
[0m[[0m[0mdebug[0m] [0m[0mEvaluating tasks: Compile / run[0m
[0m[[0m[0mdebug[0m] [0m[0mRunning task... Cancel: Signal, check cycles: false, forcegc: true[0m
[0m[[0m[0mdebug[0m] [0m[0mRunning task... Cancel: Signal, check cycles: false, forcegc: true[0m
[0m[[0m[0minfo[0m] [0m[0mFormatting 1 Scala source ProjectRef(uri("file:/Users/io/GitHub/WebProjects/Fullstack/tea-growth-record/server/"), "root")(compile) ...[0m
[0m[[0m[0minfo[0m] [0m[0mReformatted 1 Scala source ProjectRef(uri("file:/Users/io/GitHub/WebProjects/Fullstack/tea-growth-record/server/"), "root")(compile).[0m
[0m[[0m[0minfo[0m] [0m[0mcompiling 9 Scala sources to /Users/io/GitHub/WebProjects/Fullstack/tea-growth-record/server/target/scala-2.13/classes ...[0m
[0m[[0m[31merror[0m] [0m[0m/Users/io/GitHub/WebProjects/Fullstack/tea-growth-record/server/app/controllers/AuthController.scala:42:25: type mismatch;[0m
[0m[[0m[31merror[0m] [0m[0m found   : play.api.data.Form[controllers.LoginData][0m
[0m[[0m[31merror[0m] [0m[0m required: play.api.data.Form[forms.Forms.LoginData][0m
[0m[[0m[31merror[0m] [0m[0m    Ok(views.html.login(loginForm))[0m
[0m[[0m[31merror[0m] [0m[0m                        ^[0m
[0m[[0m[31merror[0m] [0m[0m/Users/io/GitHub/WebProjects/Fullstack/tea-growth-record/server/app/controllers/AuthController.scala:49:28: type mismatch;[0m
[0m[[0m[31merror[0m] [0m[0m found   : play.api.data.Form[controllers.RegisterData][0m
[0m[[0m[31merror[0m] [0m[0m required: play.api.data.Form[forms.Forms.RegisterData][0m
[0m[[0m[31merror[0m] [0m[0m    Ok(views.html.register(registerForm))[0m
[0m[[0m[31merror[0m] [0m[0m                           ^[0m
[0m[[0m[31merror[0m] [0m[0m/Users/io/GitHub/WebProjects/Fullstack/tea-growth-record/server/app/controllers/AuthController.scala:66:16: constructor cannot be instantiated to expected type;[0m
[0m[[0m[31merror[0m] [0m[0m found   : Some[A][0m
[0m[[0m[31merror[0m] [0m[0m required: scala.concurrent.Future[Option[models.User]][0m
[0m[[0m[31merror[0m] [0m[0m          case Some(user) if user.verifyPassword(loginData.password) =>[0m
[0m[[0m[31merror[0m] [0m[0m               ^[0m
[0m[[0m[31merror[0m] [0m[0m/Users/io/GitHub/WebProjects/Fullstack/tea-growth-record/server/app/controllers/AuthController.scala:93:21: value getUserById is not a member of services.UserService[0m
[0m[[0m[31merror[0m] [0m[0m        userService.getUserById(userId).map {[0m
[0m[[0m[31merror[0m] [0m[0m                    ^[0m
[0m[[0m[31merror[0m] [0m[0m/Users/io/GitHub/WebProjects/Fullstack/tea-growth-record/server/app/controllers/AuthController.scala:97:30: value id is not a member of Any[0m
[0m[[0m[31merror[0m] [0m[0m                "id" -> user.id,[0m
[0m[[0m[31merror[0m] [0m[0m                             ^[0m
[0m[[0m[31merror[0m] [0m[0m/Users/io/GitHub/WebProjects/Fullstack/tea-growth-record/server/app/controllers/AuthController.scala:98:33: value email is not a member of Any[0m
[0m[[0m[31merror[0m] [0m[0m                "email" -> user.email)))[0m
[0m[[0m[31merror[0m] [0m[0m                                ^[0m
[0m[[0m[31merror[0m] [0m[0m/Users/io/GitHub/WebProjects/Fullstack/tea-growth-record/server/app/controllers/AuthController.scala:121:16: constructor cannot be instantiated to expected type;[0m
[0m[[0m[31merror[0m] [0m[0m found   : Some[A][0m
[0m[[0m[31merror[0m] [0m[0m required: scala.concurrent.Future[Option[models.User]][0m
[0m[[0m[31merror[0m] [0m[0m          case Some(_) =>[0m
[0m[[0m[31merror[0m] [0m[0m               ^[0m
[0m[[0m[31merror[0m] [0m[0m/Users/io/GitHub/WebProjects/Fullstack/tea-growth-record/server/app/controllers/AuthController.scala:124:16: pattern type is incompatible with expected type;[0m
[0m[[0m[31merror[0m] [0m[0m found   : None.type[0m
[0m[[0m[31merror[0m] [0m[0m required: scala.concurrent.Future[Option[models.User]][0m
[0m[[0m[31merror[0m] [0m[0m          case None =>[0m
[0m[[0m[31merror[0m] [0m[0m               ^[0m
[0m[[0m[31merror[0m] [0m[0m/Users/io/GitHub/WebProjects/Fullstack/tea-growth-record/server/app/controllers/AuthController.scala:129:20: unknown parameter name: name[0m
[0m[[0m[31merror[0m] [0m[0m              name = registerData.name,[0m
[0m[[0m[31merror[0m] [0m[0m                   ^[0m
[0m[[0m[31merror[0m] [0m[0m/Users/io/GitHub/WebProjects/Fullstack/tea-growth-record/server/app/controllers/AuthController.scala:125:28: too many arguments (found 6, expected 5) for method apply: (id: Long, email: String, password: String, createdAt: java.sql.Timestamp, updatedAt: java.sql.Timestamp): models.User in object User[0m
[0m[[0m[31merror[0m] [0m[0m            val user = User([0m
[0m[[0m[31merror[0m] [0m[0m                           ^[0m
[0m[[0m[31merror[0m] [0m[0m/Users/io/GitHub/WebProjects/Fullstack/tea-growth-record/server/app/controllers/AuthController.scala:132:31: not enough arguments for method create: (username: String, email: String, password: String): scala.concurrent.Future[Option[models.User]].[0m
[0m[[0m[31merror[0m] [0m[0mUnspecified value parameters email, password.[0m
[0m[[0m[31merror[0m] [0m[0m            userService.create(user) match {[0m
[0m[[0m[31merror[0m] [0m[0m                              ^[0m
[0m[[0m[31merror[0m] [0m[0m/Users/io/GitHub/WebProjects/Fullstack/tea-growth-record/server/app/controllers/AuthController.scala:137:41: value id is not a member of Any[0m
[0m[[0m[31merror[0m] [0m[0m                    "id" -> createdUser.id,[0m
[0m[[0m[31merror[0m] [0m[0m                                        ^[0m
[0m[[0m[31merror[0m] [0m[0m/Users/io/GitHub/WebProjects/Fullstack/tea-growth-record/server/app/controllers/AuthController.scala:138:44: value email is not a member of Any[0m
[0m[[0m[31merror[0m] [0m[0m                    "email" -> createdUser.email,[0m
[0m[[0m[31merror[0m] [0m[0m                                           ^[0m
[0m[[0m[31merror[0m] [0m[0m/Users/io/GitHub/WebProjects/Fullstack/tea-growth-record/server/app/controllers/AuthController.scala:139:43: value name is not a member of Any[0m
[0m[[0m[31merror[0m] [0m[0m                    "name" -> createdUser.name)))[0m
[0m[[0m[31merror[0m] [0m[0m                                          ^[0m
[0m[[0m[31merror[0m] [0m[0m/Users/io/GitHub/WebProjects/Fullstack/tea-growth-record/server/app/models/User.scala:21:28: not found: type Format[0m
[0m[[0m[31merror[0m] [0m[0m  implicit val userFormat: Format[User] = Json.format[User][0m
[0m[[0m[31merror[0m] [0m[0m                           ^[0m
[0m[[0m[31merror[0m] [0m[0m/Users/io/GitHub/WebProjects/Fullstack/tea-growth-record/server/app/models/User.scala:13:33: not found: type Format[0m
[0m[[0m[31merror[0m] [0m[0m  implicit val timestampFormat: Format[Timestamp] = new Format[Timestamp] {[0m
[0m[[0m[31merror[0m] [0m[0m                                ^[0m
[0m[[0m[31merror[0m] [0m[0m/Users/io/GitHub/WebProjects/Fullstack/tea-growth-record/server/app/controllers/AuthController.scala:162:47: No Json serializer found for type Option[models.User]. Try to implement an implicit Writes or Format for this type.[0m
[0m[[0m[31merror[0m] [0m[0m              .map(user => Created(Json.toJson(user)))[0m
[0m[[0m[31merror[0m] [0m[0m                                              ^[0m
[0m[[0m[33mwarn[0m] [0m[0m/Users/io/GitHub/WebProjects/Fullstack/tea-growth-record/server/app/controllers/AuthController.scala:56:15: Auto-application to `()` is deprecated. Supply the empty argument list `()` explicitly to invoke method bindFromRequest,[0m
[0m[[0m[33mwarn[0m] [0m[0mor remove the empty argument list from its definition (Java-defined methods are exempt).[0m
[0m[[0m[33mwarn[0m] [0m[0mIn Scala 3, an unapplied method like this will be eta-expanded into a function. [quickfixable][0m
[0m[[0m[33mwarn[0m] [0m[0m    loginForm.bindFromRequest.fold([0m
[0m[[0m[33mwarn[0m] [0m[0m              ^[0m
[0m[[0m[33mwarn[0m] [0m[0m/Users/io/GitHub/WebProjects/Fullstack/tea-growth-record/server/app/controllers/AuthController.scala:111:18: Auto-application to `()` is deprecated. Supply the empty argument list `()` explicitly to invoke method bindFromRequest,[0m
[0m[[0m[33mwarn[0m] [0m[0mor remove the empty argument list from its definition (Java-defined methods are exempt).[0m
[0m[[0m[33mwarn[0m] [0m[0mIn Scala 3, an unapplied method like this will be eta-expanded into a function. [quickfixable][0m
[0m[[0m[33mwarn[0m] [0m[0m    registerForm.bindFromRequest.fold([0m
[0m[[0m[33mwarn[0m] [0m[0m                 ^[0m
[0m[[0m[31merror[0m] [0m[0m/Users/io/GitHub/WebProjects/Fullstack/tea-growth-record/server/app/models/User.scala:13:57: not found: type Format[0m
[0m[[0m[31merror[0m] [0m[0m  implicit val timestampFormat: Format[Timestamp] = new Format[Timestamp] {[0m
[0m[[0m[31merror[0m] [0m[0m                                                        ^[0m
[0m[[0m[31merror[0m] [0m[0m/Users/io/GitHub/WebProjects/Fullstack/tea-growth-record/server/app/models/User.scala:14:31: not found: type JsResult[0m
[0m[[0m[31merror[0m] [0m[0m    def reads(json: JsValue): JsResult[Timestamp] = json match {[0m
[0m[[0m[31merror[0m] [0m[0m                              ^[0m
[0m[[0m[31merror[0m] [0m[0m/Users/io/GitHub/WebProjects/Fullstack/tea-growth-record/server/app/models/User.scala:14:21: not found: type JsValue[0m
[0m[[0m[31merror[0m] [0m[0m    def reads(json: JsValue): JsResult[Timestamp] = json match {[0m
[0m[[0m[31merror[0m] [0m[0m                    ^[0m
[0m[[0m[31merror[0m] [0m[0m/Users/io/GitHub/WebProjects/Fullstack/tea-growth-record/server/app/models/User.scala:15:12: not found: value JsNumber[0m
[0m[[0m[31merror[0m] [0m[0m      case JsNumber(value) => JsSuccess(new Timestamp(value.toLong))[0m
[0m[[0m[31merror[0m] [0m[0m           ^[0m
[0m[[0m[31merror[0m] [0m[0m/Users/io/GitHub/WebProjects/Fullstack/tea-growth-record/server/app/models/User.scala:15:31: not found: value JsSuccess[0m
[0m[[0m[31merror[0m] [0m[0m      case JsNumber(value) => JsSuccess(new Timestamp(value.toLong))[0m
[0m[[0m[31merror[0m] [0m[0m                              ^[0m
[0m[[0m[31merror[0m] [0m[0m/Users/io/GitHub/WebProjects/Fullstack/tea-growth-record/server/app/models/User.scala:16:17: not found: value JsError[0m
[0m[[0m[31merror[0m] [0m[0m      case _ => JsError("Expected JsNumber")[0m
[0m[[0m[31merror[0m] [0m[0m                ^[0m
[0m[[0m[31merror[0m] [0m[0m/Users/io/GitHub/WebProjects/Fullstack/tea-growth-record/server/app/models/User.scala:18:39: not found: type JsValue[0m
[0m[[0m[31merror[0m] [0m[0m    def writes(timestamp: Timestamp): JsValue = JsNumber(timestamp.getTime)[0m
[0m[[0m[31merror[0m] [0m[0m                                      ^[0m
[0m[[0m[31merror[0m] [0m[0m/Users/io/GitHub/WebProjects/Fullstack/tea-growth-record/server/app/models/User.scala:18:49: not found: value JsNumber[0m
[0m[[0m[31merror[0m] [0m[0m    def writes(timestamp: Timestamp): JsValue = JsNumber(timestamp.getTime)[0m
[0m[[0m[31merror[0m] [0m[0m                                                ^[0m
[0m[[0m[31merror[0m] [0m[0m/Users/io/GitHub/WebProjects/Fullstack/tea-growth-record/server/app/models/User.scala:21:43: not found: value Json[0m
[0m[[0m[31merror[0m] [0m[0m  implicit val userFormat: Format[User] = Json.format[User][0m
[0m[[0m[31merror[0m] [0m[0m                                          ^[0m
[0m[[0m[31merror[0m] [0m[0m/Users/io/GitHub/WebProjects/Fullstack/tea-growth-record/server/app/models/User.scala:24:31: not found: type Table[0m
[0m[[0m[31merror[0m] [0m[0mclass Users(tag: Tag) extends Table[User](tag, "users") {[0m
[0m[[0m[31merror[0m] [0m[0m                              ^[0m
[0m[[0m[31merror[0m] [0m[0m/Users/io/GitHub/WebProjects/Fullstack/tea-growth-record/server/app/models/User.scala:24:18: not found: type Tag[0m
[0m[[0m[31merror[0m] [0m[0mclass Users(tag: Tag) extends Table[User](tag, "users") {[0m
[0m[[0m[31merror[0m] [0m[0m                 ^[0m
[0m[[0m[31merror[0m] [0m[0m/Users/io/GitHub/WebProjects/Fullstack/tea-growth-record/server/app/models/User.scala:24:43: no arguments allowed for nullary constructor Object: (): Object[0m
[0m[[0m[31merror[0m] [0m[0mclass Users(tag: Tag) extends Table[User](tag, "users") {[0m
[0m[[0m[31merror[0m] [0m[0m                                          ^[0m
[0m[[0m[31merror[0m] [0m[0m/Users/io/GitHub/WebProjects/Fullstack/tea-growth-record/server/app/models/User.scala:25:12: not found: value column[0m
[0m[[0m[31merror[0m] [0m[0m  def id = column[Long]("id", O.PrimaryKey, O.AutoInc)[0m
[0m[[0m[31merror[0m] [0m[0m           ^[0m
[0m[[0m[31merror[0m] [0m[0m/Users/io/GitHub/WebProjects/Fullstack/tea-growth-record/server/app/models/User.scala:25:31: not found: value O[0m
[0m[[0m[31merror[0m] [0m[0m  def id = column[Long]("id", O.PrimaryKey, O.AutoInc)[0m
[0m[[0m[31merror[0m] [0m[0m                              ^[0m
[0m[[0m[31merror[0m] [0m[0m/Users/io/GitHub/WebProjects/Fullstack/tea-growth-record/server/app/models/User.scala:25:45: not found: value O[0m
[0m[[0m[31merror[0m] [0m[0m  def id = column[Long]("id", O.PrimaryKey, O.AutoInc)[0m
[0m[[0m[31merror[0m] [0m[0m                                            ^[0m
[0m[[0m[31merror[0m] [0m[0m/Users/io/GitHub/WebProjects/Fullstack/tea-growth-record/server/app/models/User.scala:26:18: not found: value column[0m
[0m[[0m[31merror[0m] [0m[0m  def username = column[String]("username")[0m
[0m[[0m[31merror[0m] [0m[0m                 ^[0m
[0m[[0m[31merror[0m] [0m[0m/Users/io/GitHub/WebProjects/Fullstack/tea-growth-record/server/app/models/User.scala:27:15: not found: value column[0m
[0m[[0m[31merror[0m] [0m[0m  def email = column[String]("email")[0m
[0m[[0m[31merror[0m] [0m[0m              ^[0m
[0m[[0m[31merror[0m] [0m[0m/Users/io/GitHub/WebProjects/Fullstack/tea-growth-record/server/app/models/User.scala:28:22: not found: value column[0m
[0m[[0m[31merror[0m] [0m[0m  def passwordHash = column[String]("password_hash")[0m
[0m[[0m[31merror[0m] [0m[0m                     ^[0m
[0m[[0m[31merror[0m] [0m[0m/Users/io/GitHub/WebProjects/Fullstack/tea-growth-record/server/app/models/User.scala:29:19: not found: value column[0m
[0m[[0m[31merror[0m] [0m[0m  def createdAt = column[Timestamp]("created_at")[0m
[0m[[0m[31merror[0m] [0m[0m                  ^[0m
[0m[[0m[31merror[0m] [0m[0m/Users/io/GitHub/WebProjects/Fullstack/tea-growth-record/server/app/models/User.scala:30:19: not found: value column[0m
[0m[[0m[31merror[0m] [0m[0m  def updatedAt = column[Timestamp]("updated_at")[0m
[0m[[0m[31merror[0m] [0m[0m                  ^[0m
[0m[[0m[31merror[0m] [0m[0m/Users/io/GitHub/WebProjects/Fullstack/tea-growth-record/server/app/services/UserService.scala:18:23: type arguments [models.Users] conform to the bounds of none of the overloaded alternatives of[0m
[0m[[0m[31merror[0m] [0m[0m value apply: [E <: slick.lifted.AbstractTable[_]]slick.lifted.TableQuery[E] <and> [E <: slick.lifted.AbstractTable[_]](cons: slick.lifted.Tag => E): slick.lifted.TableQuery[E][0m
[0m[[0m[31merror[0m] [0m[0m  private val users = TableQuery[Users][0m
[0m[[0m[31merror[0m] [0m[0m                      ^[0m
[0m[[0m[31merror[0m] [0m[0m/Users/io/GitHub/WebProjects/Fullstack/tea-growth-record/server/app/services/UserService.scala:40:16: unknown parameter name: username[0m
[0m[[0m[31merror[0m] [0m[0m      username = username,[0m
[0m[[0m[31merror[0m] [0m[0m               ^[0m
[0m[[0m[31merror[0m] [0m[0m/Users/io/GitHub/WebProjects/Fullstack/tea-growth-record/server/app/services/UserService.scala:42:20: unknown parameter name: passwordHash[0m
[0m[[0m[31merror[0m] [0m[0m      passwordHash = hashedPassword,[0m
[0m[[0m[31merror[0m] [0m[0m                   ^[0m
[0m[[0m[31merror[0m] [0m[0m/Users/io/GitHub/WebProjects/Fullstack/tea-growth-record/server/app/services/UserService.scala:38:20: too many arguments (found 6, expected 5) for method apply: (id: Long, email: String, password: String, createdAt: java.sql.Timestamp, updatedAt: java.sql.Timestamp): models.User in object User[0m
[0m[[0m[31merror[0m] [0m[0m    val user = User([0m
[0m[[0m[31merror[0m] [0m[0m                   ^[0m
[0m[[0m[33mwarn[0m] [0m[0mtwo warnings found[0m
[0m[[0m[31merror[0m] [0m[0m41 errors found[0m
[0m[[0m[0mdebug[0m] [0m[0mForcing garbage collection...[0m
[0m[[0m[31merror[0m] [0m[0m(Compile / [31mcompileIncremental[0m) Compilation failed[0m
[0m[[0m[0mdebug[0m] [0m[0mRunning task... Cancel: Signal, check cycles: false, forcegc: true[0m
[0m[[0m[0mdebug[0m] [0m[0mRunning task... Cancel: Signal, check cycles: false, forcegc: true[0m
[0m[[0m[0mdebug[0m] [0m[0mRunning task... Cancel: Signal, check cycles: false, forcegc: true[0m
[0m[[0m[0minfo[0m] [0m[0mcompiling 9 Scala sources to /Users/io/GitHub/WebProjects/Fullstack/tea-growth-record/server/target/scala-2.13/classes ...[0m
[0m[[0m[31merror[0m] [0m[0m/Users/io/GitHub/WebProjects/Fullstack/tea-growth-record/server/app/controllers/AuthController.scala:42:25: type mismatch;[0m
[0m[[0m[31merror[0m] [0m[0m found   : play.api.data.Form[controllers.LoginData][0m
[0m[[0m[31merror[0m] [0m[0m required: play.api.data.Form[forms.Forms.LoginData][0m
[0m[[0m[31merror[0m] [0m[0m    Ok(views.html.login(loginForm))[0m
[0m[[0m[31merror[0m] [0m[0m                        ^[0m
[0m[[0m[31merror[0m] [0m[0m/Users/io/GitHub/WebProjects/Fullstack/tea-growth-record/server/app/controllers/AuthController.scala:49:28: type mismatch;[0m
[0m[[0m[31merror[0m] [0m[0m found   : play.api.data.Form[controllers.RegisterData][0m
[0m[[0m[31merror[0m] [0m[0m required: play.api.data.Form[forms.Forms.RegisterData][0m
[0m[[0m[31merror[0m] [0m[0m    Ok(views.html.register(registerForm))[0m
[0m[[0m[31merror[0m] [0m[0m                           ^[0m
[0m[[0m[31merror[0m] [0m[0m/Users/io/GitHub/WebProjects/Fullstack/tea-growth-record/server/app/controllers/AuthController.scala:66:16: constructor cannot be instantiated to expected type;[0m
[0m[[0m[31merror[0m] [0m[0m found   : Some[A][0m
[0m[[0m[31merror[0m] [0m[0m required: scala.concurrent.Future[Option[models.User]][0m
[0m[[0m[31merror[0m] [0m[0m          case Some(user) if user.verifyPassword(loginData.password) =>[0m
[0m[[0m[31merror[0m] [0m[0m               ^[0m
[0m[[0m[31merror[0m] [0m[0m/Users/io/GitHub/WebProjects/Fullstack/tea-growth-record/server/app/controllers/AuthController.scala:93:21: value getUserById is not a member of services.UserService[0m
[0m[[0m[31merror[0m] [0m[0m        userService.getUserById(userId).map {[0m
[0m[[0m[31merror[0m] [0m[0m                    ^[0m
[0m[[0m[31merror[0m] [0m[0m/Users/io/GitHub/WebProjects/Fullstack/tea-growth-record/server/app/controllers/AuthController.scala:97:30: value id is not a member of Any[0m
[0m[[0m[31merror[0m] [0m[0m                "id" -> user.id,[0m
[0m[[0m[31merror[0m] [0m[0m                             ^[0m
[0m[[0m[31merror[0m] [0m[0m/Users/io/GitHub/WebProjects/Fullstack/tea-growth-record/server/app/controllers/AuthController.scala:98:33: value email is not a member of Any[0m
[0m[[0m[31merror[0m] [0m[0m                "email" -> user.email)))[0m
[0m[[0m[31merror[0m] [0m[0m                                ^[0m
[0m[[0m[31merror[0m] [0m[0m/Users/io/GitHub/WebProjects/Fullstack/tea-growth-record/server/app/controllers/AuthController.scala:121:16: constructor cannot be instantiated to expected type;[0m
[0m[[0m[31merror[0m] [0m[0m found   : Some[A][0m
[0m[[0m[31merror[0m] [0m[0m required: scala.concurrent.Future[Option[models.User]][0m
[0m[[0m[31merror[0m] [0m[0m          case Some(_) =>[0m
[0m[[0m[31merror[0m] [0m[0m               ^[0m
[0m[[0m[31merror[0m] [0m[0m/Users/io/GitHub/WebProjects/Fullstack/tea-growth-record/server/app/controllers/AuthController.scala:124:16: pattern type is incompatible with expected type;[0m
[0m[[0m[31merror[0m] [0m[0m found   : None.type[0m
[0m[[0m[31merror[0m] [0m[0m required: scala.concurrent.Future[Option[models.User]][0m
[0m[[0m[31merror[0m] [0m[0m          case None =>[0m
[0m[[0m[31merror[0m] [0m[0m               ^[0m
[0m[[0m[31merror[0m] [0m[0m/Users/io/GitHub/WebProjects/Fullstack/tea-growth-record/server/app/controllers/AuthController.scala:129:20: unknown parameter name: name[0m
[0m[[0m[31merror[0m] [0m[0m              name = registerData.name,[0m
[0m[[0m[31merror[0m] [0m[0m                   ^[0m
[0m[[0m[31merror[0m] [0m[0m/Users/io/GitHub/WebProjects/Fullstack/tea-growth-record/server/app/controllers/AuthController.scala:125:28: too many arguments (found 6, expected 5) for method apply: (id: Long, email: String, password: String, createdAt: java.sql.Timestamp, updatedAt: java.sql.Timestamp): models.User in object User[0m
[0m[[0m[31merror[0m] [0m[0m            val user = User([0m
[0m[[0m[31merror[0m] [0m[0m                           ^[0m
[0m[[0m[31merror[0m] [0m[0m/Users/io/GitHub/WebProjects/Fullstack/tea-growth-record/server/app/controllers/AuthController.scala:132:31: not enough arguments for method create: (username: String, email: String, password: String): scala.concurrent.Future[Option[models.User]].[0m
[0m[[0m[31merror[0m] [0m[0mUnspecified value parameters email, password.[0m
[0m[[0m[31merror[0m] [0m[0m            userService.create(user) match {[0m
[0m[[0m[31merror[0m] [0m[0m                              ^[0m
[0m[[0m[31merror[0m] [0m[0m/Users/io/GitHub/WebProjects/Fullstack/tea-growth-record/server/app/controllers/AuthController.scala:137:41: value id is not a member of Any[0m
[0m[[0m[31merror[0m] [0m[0m                    "id" -> createdUser.id,[0m
[0m[[0m[31merror[0m] [0m[0m                                        ^[0m
[0m[[0m[31merror[0m] [0m[0m/Users/io/GitHub/WebProjects/Fullstack/tea-growth-record/server/app/controllers/AuthController.scala:138:44: value email is not a member of Any[0m
[0m[[0m[31merror[0m] [0m[0m                    "email" -> createdUser.email,[0m
[0m[[0m[31merror[0m] [0m[0m                                           ^[0m
[0m[[0m[31merror[0m] [0m[0m/Users/io/GitHub/WebProjects/Fullstack/tea-growth-record/server/app/controllers/AuthController.scala:139:43: value name is not a member of Any[0m
[0m[[0m[31merror[0m] [0m[0m                    "name" -> createdUser.name)))[0m
[0m[[0m[31merror[0m] [0m[0m                                          ^[0m
[0m[[0m[31merror[0m] [0m[0m/Users/io/GitHub/WebProjects/Fullstack/tea-growth-record/server/app/models/User.scala:21:28: not found: type Format[0m
[0m[[0m[31merror[0m] [0m[0m  implicit val userFormat: Format[User] = Json.format[User][0m
[0m[[0m[31merror[0m] [0m[0m                           ^[0m
[0m[[0m[31merror[0m] [0m[0m/Users/io/GitHub/WebProjects/Fullstack/tea-growth-record/server/app/models/User.scala:13:33: not found: type Format[0m
[0m[[0m[31merror[0m] [0m[0m  implicit val timestampFormat: Format[Timestamp] = new Format[Timestamp] {[0m
[0m[[0m[31merror[0m] [0m[0m                                ^[0m
[0m[[0m[31merror[0m] [0m[0m/Users/io/GitHub/WebProjects/Fullstack/tea-growth-record/server/app/controllers/AuthController.scala:162:47: No Json serializer found for type Option[models.User]. Try to implement an implicit Writes or Format for this type.[0m
[0m[[0m[31merror[0m] [0m[0m              .map(user => Created(Json.toJson(user)))[0m
[0m[[0m[31merror[0m] [0m[0m                                              ^[0m
[0m[[0m[33mwarn[0m] [0m[0m/Users/io/GitHub/WebProjects/Fullstack/tea-growth-record/server/app/controllers/AuthController.scala:56:15: Auto-application to `()` is deprecated. Supply the empty argument list `()` explicitly to invoke method bindFromRequest,[0m
[0m[[0m[33mwarn[0m] [0m[0mor remove the empty argument list from its definition (Java-defined methods are exempt).[0m
[0m[[0m[33mwarn[0m] [0m[0mIn Scala 3, an unapplied method like this will be eta-expanded into a function. [quickfixable][0m
[0m[[0m[33mwarn[0m] [0m[0m    loginForm.bindFromRequest.fold([0m
[0m[[0m[33mwarn[0m] [0m[0m              ^[0m
[0m[[0m[33mwarn[0m] [0m[0m/Users/io/GitHub/WebProjects/Fullstack/tea-growth-record/server/app/controllers/AuthController.scala:111:18: Auto-application to `()` is deprecated. Supply the empty argument list `()` explicitly to invoke method bindFromRequest,[0m
[0m[[0m[33mwarn[0m] [0m[0mor remove the empty argument list from its definition (Java-defined methods are exempt).[0m
[0m[[0m[33mwarn[0m] [0m[0mIn Scala 3, an unapplied method like this will be eta-expanded into a function. [quickfixable][0m
[0m[[0m[33mwarn[0m] [0m[0m    registerForm.bindFromRequest.fold([0m
[0m[[0m[33mwarn[0m] [0m[0m                 ^[0m
[0m[[0m[31merror[0m] [0m[0m/Users/io/GitHub/WebProjects/Fullstack/tea-growth-record/server/app/models/User.scala:13:57: not found: type Format[0m
[0m[[0m[31merror[0m] [0m[0m  implicit val timestampFormat: Format[Timestamp] = new Format[Timestamp] {[0m
[0m[[0m[31merror[0m] [0m[0m                                                        ^[0m
[0m[[0m[31merror[0m] [0m[0m/Users/io/GitHub/WebProjects/Fullstack/tea-growth-record/server/app/models/User.scala:14:31: not found: type JsResult[0m
[0m[[0m[31merror[0m] [0m[0m    def reads(json: JsValue): JsResult[Timestamp] = json match {[0m
[0m[[0m[31merror[0m] [0m[0m                              ^[0m
[0m[[0m[31merror[0m] [0m[0m/Users/io/GitHub/WebProjects/Fullstack/tea-growth-record/server/app/models/User.scala:14:21: not found: type JsValue[0m
[0m[[0m[31merror[0m] [0m[0m    def reads(json: JsValue): JsResult[Timestamp] = json match {[0m
[0m[[0m[31merror[0m] [0m[0m                    ^[0m
[0m[[0m[31merror[0m] [0m[0m/Users/io/GitHub/WebProjects/Fullstack/tea-growth-record/server/app/models/User.scala:15:12: not found: value JsNumber[0m
[0m[[0m[31merror[0m] [0m[0m      case JsNumber(value) => JsSuccess(new Timestamp(value.toLong))[0m
[0m[[0m[31merror[0m] [0m[0m           ^[0m
[0m[[0m[31merror[0m] [0m[0m/Users/io/GitHub/WebProjects/Fullstack/tea-growth-record/server/app/models/User.scala:15:31: not found: value JsSuccess[0m
[0m[[0m[31merror[0m] [0m[0m      case JsNumber(value) => JsSuccess(new Timestamp(value.toLong))[0m
[0m[[0m[31merror[0m] [0m[0m                              ^[0m
[0m[[0m[31merror[0m] [0m[0m/Users/io/GitHub/WebProjects/Fullstack/tea-growth-record/server/app/models/User.scala:16:17: not found: value JsError[0m
[0m[[0m[31merror[0m] [0m[0m      case _ => JsError("Expected JsNumber")[0m
[0m[[0m[31merror[0m] [0m[0m                ^[0m
[0m[[0m[31merror[0m] [0m[0m/Users/io/GitHub/WebProjects/Fullstack/tea-growth-record/server/app/models/User.scala:18:39: not found: type JsValue[0m
[0m[[0m[31merror[0m] [0m[0m    def writes(timestamp: Timestamp): JsValue = JsNumber(timestamp.getTime)[0m
[0m[[0m[31merror[0m] [0m[0m                                      ^[0m
[0m[[0m[31merror[0m] [0m[0m/Users/io/GitHub/WebProjects/Fullstack/tea-growth-record/server/app/models/User.scala:18:49: not found: value JsNumber[0m
[0m[[0m[31merror[0m] [0m[0m    def writes(timestamp: Timestamp): JsValue = JsNumber(timestamp.getTime)[0m
[0m[[0m[31merror[0m] [0m[0m                                                ^[0m
[0m[[0m[31merror[0m] [0m[0m/Users/io/GitHub/WebProjects/Fullstack/tea-growth-record/server/app/models/User.scala:21:43: not found: value Json[0m
[0m[[0m[31merror[0m] [0m[0m  implicit val userFormat: Format[User] = Json.format[User][0m
[0m[[0m[31merror[0m] [0m[0m                                          ^[0m
[0m[[0m[31merror[0m] [0m[0m/Users/io/GitHub/WebProjects/Fullstack/tea-growth-record/server/app/models/User.scala:24:31: not found: type Table[0m
[0m[[0m[31merror[0m] [0m[0mclass Users(tag: Tag) extends Table[User](tag, "users") {[0m
[0m[[0m[31merror[0m] [0m[0m                              ^[0m
[0m[[0m[31merror[0m] [0m[0m/Users/io/GitHub/WebProjects/Fullstack/tea-growth-record/server/app/models/User.scala:24:18: not found: type Tag[0m
[0m[[0m[31merror[0m] [0m[0mclass Users(tag: Tag) extends Table[User](tag, "users") {[0m
[0m[[0m[31merror[0m] [0m[0m                 ^[0m
[0m[[0m[31merror[0m] [0m[0m/Users/io/GitHub/WebProjects/Fullstack/tea-growth-record/server/app/models/User.scala:24:43: no arguments allowed for nullary constructor Object: (): Object[0m
[0m[[0m[31merror[0m] [0m[0mclass Users(tag: Tag) extends Table[User](tag, "users") {[0m
[0m[[0m[31merror[0m] [0m[0m                                          ^[0m
[0m[[0m[31merror[0m] [0m[0m/Users/io/GitHub/WebProjects/Fullstack/tea-growth-record/server/app/models/User.scala:25:12: not found: value column[0m
[0m[[0m[31merror[0m] [0m[0m  def id = column[Long]("id", O.PrimaryKey, O.AutoInc)[0m
[0m[[0m[31merror[0m] [0m[0m           ^[0m
[0m[[0m[31merror[0m] [0m[0m/Users/io/GitHub/WebProjects/Fullstack/tea-growth-record/server/app/models/User.scala:25:31: not found: value O[0m
[0m[[0m[31merror[0m] [0m[0m  def id = column[Long]("id", O.PrimaryKey, O.AutoInc)[0m
[0m[[0m[31merror[0m] [0m[0m                              ^[0m
[0m[[0m[31merror[0m] [0m[0m/Users/io/GitHub/WebProjects/Fullstack/tea-growth-record/server/app/models/User.scala:25:45: not found: value O[0m
[0m[[0m[31merror[0m] [0m[0m  def id = column[Long]("id", O.PrimaryKey, O.AutoInc)[0m
[0m[[0m[31merror[0m] [0m[0m                                            ^[0m
[0m[[0m[31merror[0m] [0m[0m/Users/io/GitHub/WebProjects/Fullstack/tea-growth-record/server/app/models/User.scala:26:18: not found: value column[0m
[0m[[0m[31merror[0m] [0m[0m  def username = column[String]("username")[0m
[0m[[0m[31merror[0m] [0m[0m                 ^[0m
[0m[[0m[31merror[0m] [0m[0m/Users/io/GitHub/WebProjects/Fullstack/tea-growth-record/server/app/models/User.scala:27:15: not found: value column[0m
[0m[[0m[31merror[0m] [0m[0m  def email = column[String]("email")[0m
[0m[[0m[31merror[0m] [0m[0m              ^[0m
[0m[[0m[31merror[0m] [0m[0m/Users/io/GitHub/WebProjects/Fullstack/tea-growth-record/server/app/models/User.scala:28:22: not found: value column[0m
[0m[[0m[31merror[0m] [0m[0m  def passwordHash = column[String]("password_hash")[0m
[0m[[0m[31merror[0m] [0m[0m                     ^[0m
[0m[[0m[31merror[0m] [0m[0m/Users/io/GitHub/WebProjects/Fullstack/tea-growth-record/server/app/models/User.scala:29:19: not found: value column[0m
[0m[[0m[31merror[0m] [0m[0m  def createdAt = column[Timestamp]("created_at")[0m
[0m[[0m[31merror[0m] [0m[0m                  ^[0m
[0m[[0m[31merror[0m] [0m[0m/Users/io/GitHub/WebProjects/Fullstack/tea-growth-record/server/app/models/User.scala:30:19: not found: value column[0m
[0m[[0m[31merror[0m] [0m[0m  def updatedAt = column[Timestamp]("updated_at")[0m
[0m[[0m[31merror[0m] [0m[0m                  ^[0m
[0m[[0m[31merror[0m] [0m[0m/Users/io/GitHub/WebProjects/Fullstack/tea-growth-record/server/app/services/UserService.scala:18:23: type arguments [models.Users] conform to the bounds of none of the overloaded alternatives of[0m
[0m[[0m[31merror[0m] [0m[0m value apply: [E <: slick.lifted.AbstractTable[_]]slick.lifted.TableQuery[E] <and> [E <: slick.lifted.AbstractTable[_]](cons: slick.lifted.Tag => E): slick.lifted.TableQuery[E][0m
[0m[[0m[31merror[0m] [0m[0m  private val users = TableQuery[Users][0m
[0m[[0m[31merror[0m] [0m[0m                      ^[0m
[0m[[0m[31merror[0m] [0m[0m/Users/io/GitHub/WebProjects/Fullstack/tea-growth-record/server/app/services/UserService.scala:40:16: unknown parameter name: username[0m
[0m[[0m[31merror[0m] [0m[0m      username = username,[0m
[0m[[0m[31merror[0m] [0m[0m               ^[0m
[0m[[0m[31merror[0m] [0m[0m/Users/io/GitHub/WebProjects/Fullstack/tea-growth-record/server/app/services/UserService.scala:42:20: unknown parameter name: passwordHash[0m
[0m[[0m[31merror[0m] [0m[0m      passwordHash = hashedPassword,[0m
[0m[[0m[31merror[0m] [0m[0m                   ^[0m
[0m[[0m[31merror[0m] [0m[0m/Users/io/GitHub/WebProjects/Fullstack/tea-growth-record/server/app/services/UserService.scala:38:20: too many arguments (found 6, expected 5) for method apply: (id: Long, email: String, password: String, createdAt: java.sql.Timestamp, updatedAt: java.sql.Timestamp): models.User in object User[0m
[0m[[0m[31merror[0m] [0m[0m    val user = User([0m
[0m[[0m[31merror[0m] [0m[0m                   ^[0m
[0m[[0m[33mwarn[0m] [0m[0mtwo warnings found[0m
[0m[[0m[31merror[0m] [0m[0m41 errors found[0m
[0m[[0m[0mdebug[0m] [0m[0mForcing garbage collection...[0m
[0m[[0m[31merror[0m] [0m[0m(Compile / [31mcompileIncremental[0m) Compilation failed[0m
[0m[[0m[0mdebug[0m] [0m[0mRunning task... Cancel: Signal, check cycles: false, forcegc: true[0m
[0m[[0m[0mdebug[0m] [0m[0mRunning task... Cancel: Signal, check cycles: false, forcegc: true[0m
[0m[[0m[0mdebug[0m] [0m[0mRunning task... Cancel: Signal, check cycles: false, forcegc: true[0m
[0m[[0m[0minfo[0m] [0m[0mcompiling 9 Scala sources to /Users/io/GitHub/WebProjects/Fullstack/tea-growth-record/server/target/scala-2.13/classes ...[0m
[0m[[0m[31merror[0m] [0m[0m/Users/io/GitHub/WebProjects/Fullstack/tea-growth-record/server/app/controllers/AuthController.scala:42:25: type mismatch;[0m
[0m[[0m[31merror[0m] [0m[0m found   : play.api.data.Form[controllers.LoginData][0m
[0m[[0m[31merror[0m] [0m[0m required: play.api.data.Form[forms.Forms.LoginData][0m
[0m[[0m[31merror[0m] [0m[0m    Ok(views.html.login(loginForm))[0m
[0m[[0m[31merror[0m] [0m[0m                        ^[0m
[0m[[0m[31merror[0m] [0m[0m/Users/io/GitHub/WebProjects/Fullstack/tea-growth-record/server/app/controllers/AuthController.scala:49:28: type mismatch;[0m
[0m[[0m[31merror[0m] [0m[0m found   : play.api.data.Form[controllers.RegisterData][0m
[0m[[0m[31merror[0m] [0m[0m required: play.api.data.Form[forms.Forms.RegisterData][0m
[0m[[0m[31merror[0m] [0m[0m    Ok(views.html.register(registerForm))[0m
[0m[[0m[31merror[0m] [0m[0m                           ^[0m
[0m[[0m[31merror[0m] [0m[0m/Users/io/GitHub/WebProjects/Fullstack/tea-growth-record/server/app/controllers/AuthController.scala:66:16: constructor cannot be instantiated to expected type;[0m
[0m[[0m[31merror[0m] [0m[0m found   : Some[A][0m
[0m[[0m[31merror[0m] [0m[0m required: scala.concurrent.Future[Option[models.User]][0m
[0m[[0m[31merror[0m] [0m[0m          case Some(user) if user.verifyPassword(loginData.password) =>[0m
[0m[[0m[31merror[0m] [0m[0m               ^[0m
[0m[[0m[31merror[0m] [0m[0m/Users/io/GitHub/WebProjects/Fullstack/tea-growth-record/server/app/controllers/AuthController.scala:93:21: value getUserById is not a member of services.UserService[0m
[0m[[0m[31merror[0m] [0m[0m        userService.getUserById(userId).map {[0m
[0m[[0m[31merror[0m] [0m[0m                    ^[0m
[0m[[0m[31merror[0m] [0m[0m/Users/io/GitHub/WebProjects/Fullstack/tea-growth-record/server/app/controllers/AuthController.scala:97:30: value id is not a member of Any[0m
[0m[[0m[31merror[0m] [0m[0m                "id" -> user.id,[0m
[0m[[0m[31merror[0m] [0m[0m                             ^[0m
[0m[[0m[31merror[0m] [0m[0m/Users/io/GitHub/WebProjects/Fullstack/tea-growth-record/server/app/controllers/AuthController.scala:98:33: value email is not a member of Any[0m
[0m[[0m[31merror[0m] [0m[0m                "email" -> user.email)))[0m
[0m[[0m[31merror[0m] [0m[0m                                ^[0m
[0m[[0m[31merror[0m] [0m[0m/Users/io/GitHub/WebProjects/Fullstack/tea-growth-record/server/app/controllers/AuthController.scala:121:16: constructor cannot be instantiated to expected type;[0m
[0m[[0m[31merror[0m] [0m[0m found   : Some[A][0m
[0m[[0m[31merror[0m] [0m[0m required: scala.concurrent.Future[Option[models.User]][0m
[0m[[0m[31merror[0m] [0m[0m          case Some(_) =>[0m
[0m[[0m[31merror[0m] [0m[0m               ^[0m
[0m[[0m[31merror[0m] [0m[0m/Users/io/GitHub/WebProjects/Fullstack/tea-growth-record/server/app/controllers/AuthController.scala:124:16: pattern type is incompatible with expected type;[0m
[0m[[0m[31merror[0m] [0m[0m found   : None.type[0m
[0m[[0m[31merror[0m] [0m[0m required: scala.concurrent.Future[Option[models.User]][0m
[0m[[0m[31merror[0m] [0m[0m          case None =>[0m
[0m[[0m[31merror[0m] [0m[0m               ^[0m
[0m[[0m[31merror[0m] [0m[0m/Users/io/GitHub/WebProjects/Fullstack/tea-growth-record/server/app/controllers/AuthController.scala:129:20: unknown parameter name: name[0m
[0m[[0m[31merror[0m] [0m[0m              name = registerData.name,[0m
[0m[[0m[31merror[0m] [0m[0m                   ^[0m
[0m[[0m[31merror[0m] [0m[0m/Users/io/GitHub/WebProjects/Fullstack/tea-growth-record/server/app/controllers/AuthController.scala:125:28: too many arguments (found 6, expected 5) for method apply: (id: Long, email: String, password: String, createdAt: java.sql.Timestamp, updatedAt: java.sql.Timestamp): models.User in object User[0m
[0m[[0m[31merror[0m] [0m[0m            val user = User([0m
[0m[[0m[31merror[0m] [0m[0m                           ^[0m
[0m[[0m[31merror[0m] [0m[0m/Users/io/GitHub/WebProjects/Fullstack/tea-growth-record/server/app/controllers/AuthController.scala:132:31: not enough arguments for method create: (username: String, email: String, password: String): scala.concurrent.Future[Option[models.User]].[0m
[0m[[0m[31merror[0m] [0m[0mUnspecified value parameters email, password.[0m
[0m[[0m[31merror[0m] [0m[0m            userService.create(user) match {[0m
[0m[[0m[31merror[0m] [0m[0m                              ^[0m
[0m[[0m[31merror[0m] [0m[0m/Users/io/GitHub/WebProjects/Fullstack/tea-growth-record/server/app/controllers/AuthController.scala:137:41: value id is not a member of Any[0m
[0m[[0m[31merror[0m] [0m[0m                    "id" -> createdUser.id,[0m
[0m[[0m[31merror[0m] [0m[0m                                        ^[0m
[0m[[0m[31merror[0m] [0m[0m/Users/io/GitHub/WebProjects/Fullstack/tea-growth-record/server/app/controllers/AuthController.scala:138:44: value email is not a member of Any[0m
[0m[[0m[31merror[0m] [0m[0m                    "email" -> createdUser.email,[0m
[0m[[0m[31merror[0m] [0m[0m                                           ^[0m
[0m[[0m[31merror[0m] [0m[0m/Users/io/GitHub/WebProjects/Fullstack/tea-growth-record/server/app/controllers/AuthController.scala:139:43: value name is not a member of Any[0m
[0m[[0m[31merror[0m] [0m[0m                    "name" -> createdUser.name)))[0m
[0m[[0m[31merror[0m] [0m[0m                                          ^[0m
[0m[[0m[31merror[0m] [0m[0m/Users/io/GitHub/WebProjects/Fullstack/tea-growth-record/server/app/models/User.scala:21:28: not found: type Format[0m
[0m[[0m[31merror[0m] [0m[0m  implicit val userFormat: Format[User] = Json.format[User][0m
[0m[[0m[31merror[0m] [0m[0m                           ^[0m
[0m[[0m[31merror[0m] [0m[0m/Users/io/GitHub/WebProjects/Fullstack/tea-growth-record/server/app/models/User.scala:13:33: not found: type Format[0m
[0m[[0m[31merror[0m] [0m[0m  implicit val timestampFormat: Format[Timestamp] = new Format[Timestamp] {[0m
[0m[[0m[31merror[0m] [0m[0m                                ^[0m
[0m[[0m[31merror[0m] [0m[0m/Users/io/GitHub/WebProjects/Fullstack/tea-growth-record/server/app/controllers/AuthController.scala:162:47: No Json serializer found for type Option[models.User]. Try to implement an implicit Writes or Format for this type.[0m
[0m[[0m[31merror[0m] [0m[0m              .map(user => Created(Json.toJson(user)))[0m
[0m[[0m[31merror[0m] [0m[0m                                              ^[0m
[0m[[0m[33mwarn[0m] [0m[0m/Users/io/GitHub/WebProjects/Fullstack/tea-growth-record/server/app/controllers/AuthController.scala:56:15: Auto-application to `()` is deprecated. Supply the empty argument list `()` explicitly to invoke method bindFromRequest,[0m
[0m[[0m[33mwarn[0m] [0m[0mor remove the empty argument list from its definition (Java-defined methods are exempt).[0m
[0m[[0m[33mwarn[0m] [0m[0mIn Scala 3, an unapplied method like this will be eta-expanded into a function. [quickfixable][0m
[0m[[0m[33mwarn[0m] [0m[0m    loginForm.bindFromRequest.fold([0m
[0m[[0m[33mwarn[0m] [0m[0m              ^[0m
[0m[[0m[33mwarn[0m] [0m[0m/Users/io/GitHub/WebProjects/Fullstack/tea-growth-record/server/app/controllers/AuthController.scala:111:18: Auto-application to `()` is deprecated. Supply the empty argument list `()` explicitly to invoke method bindFromRequest,[0m
[0m[[0m[33mwarn[0m] [0m[0mor remove the empty argument list from its definition (Java-defined methods are exempt).[0m
[0m[[0m[33mwarn[0m] [0m[0mIn Scala 3, an unapplied method like this will be eta-expanded into a function. [quickfixable][0m
[0m[[0m[33mwarn[0m] [0m[0m    registerForm.bindFromRequest.fold([0m
[0m[[0m[33mwarn[0m] [0m[0m                 ^[0m
[0m[[0m[31merror[0m] [0m[0m/Users/io/GitHub/WebProjects/Fullstack/tea-growth-record/server/app/models/User.scala:13:57: not found: type Format[0m
[0m[[0m[31merror[0m] [0m[0m  implicit val timestampFormat: Format[Timestamp] = new Format[Timestamp] {[0m
[0m[[0m[31merror[0m] [0m[0m                                                        ^[0m
[0m[[0m[31merror[0m] [0m[0m/Users/io/GitHub/WebProjects/Fullstack/tea-growth-record/server/app/models/User.scala:14:31: not found: type JsResult[0m
[0m[[0m[31merror[0m] [0m[0m    def reads(json: JsValue): JsResult[Timestamp] = json match {[0m
[0m[[0m[31merror[0m] [0m[0m                              ^[0m
[0m[[0m[31merror[0m] [0m[0m/Users/io/GitHub/WebProjects/Fullstack/tea-growth-record/server/app/models/User.scala:14:21: not found: type JsValue[0m
[0m[[0m[31merror[0m] [0m[0m    def reads(json: JsValue): JsResult[Timestamp] = json match {[0m
[0m[[0m[31merror[0m] [0m[0m                    ^[0m
[0m[[0m[31merror[0m] [0m[0m/Users/io/GitHub/WebProjects/Fullstack/tea-growth-record/server/app/models/User.scala:15:12: not found: value JsNumber[0m
[0m[[0m[31merror[0m] [0m[0m      case JsNumber(value) => JsSuccess(new Timestamp(value.toLong))[0m
[0m[[0m[31merror[0m] [0m[0m           ^[0m
[0m[[0m[31merror[0m] [0m[0m/Users/io/GitHub/WebProjects/Fullstack/tea-growth-record/server/app/models/User.scala:15:31: not found: value JsSuccess[0m
[0m[[0m[31merror[0m] [0m[0m      case JsNumber(value) => JsSuccess(new Timestamp(value.toLong))[0m
[0m[[0m[31merror[0m] [0m[0m                              ^[0m
[0m[[0m[31merror[0m] [0m[0m/Users/io/GitHub/WebProjects/Fullstack/tea-growth-record/server/app/models/User.scala:16:17: not found: value JsError[0m
[0m[[0m[31merror[0m] [0m[0m      case _ => JsError("Expected JsNumber")[0m
[0m[[0m[31merror[0m] [0m[0m                ^[0m
[0m[[0m[31merror[0m] [0m[0m/Users/io/GitHub/WebProjects/Fullstack/tea-growth-record/server/app/models/User.scala:18:39: not found: type JsValue[0m
[0m[[0m[31merror[0m] [0m[0m    def writes(timestamp: Timestamp): JsValue = JsNumber(timestamp.getTime)[0m
[0m[[0m[31merror[0m] [0m[0m                                      ^[0m
[0m[[0m[31merror[0m] [0m[0m/Users/io/GitHub/WebProjects/Fullstack/tea-growth-record/server/app/models/User.scala:18:49: not found: value JsNumber[0m
[0m[[0m[31merror[0m] [0m[0m    def writes(timestamp: Timestamp): JsValue = JsNumber(timestamp.getTime)[0m
[0m[[0m[31merror[0m] [0m[0m                                                ^[0m
[0m[[0m[31merror[0m] [0m[0m/Users/io/GitHub/WebProjects/Fullstack/tea-growth-record/server/app/models/User.scala:21:43: not found: value Json[0m
[0m[[0m[31merror[0m] [0m[0m  implicit val userFormat: Format[User] = Json.format[User][0m
[0m[[0m[31merror[0m] [0m[0m                                          ^[0m
[0m[[0m[31merror[0m] [0m[0m/Users/io/GitHub/WebProjects/Fullstack/tea-growth-record/server/app/models/User.scala:24:31: not found: type Table[0m
[0m[[0m[31merror[0m] [0m[0mclass Users(tag: Tag) extends Table[User](tag, "users") {[0m
[0m[[0m[31merror[0m] [0m[0m                              ^[0m
[0m[[0m[31merror[0m] [0m[0m/Users/io/GitHub/WebProjects/Fullstack/tea-growth-record/server/app/models/User.scala:24:18: not found: type Tag[0m
[0m[[0m[31merror[0m] [0m[0mclass Users(tag: Tag) extends Table[User](tag, "users") {[0m
[0m[[0m[31merror[0m] [0m[0m                 ^[0m
[0m[[0m[31merror[0m] [0m[0m/Users/io/GitHub/WebProjects/Fullstack/tea-growth-record/server/app/models/User.scala:24:43: no arguments allowed for nullary constructor Object: (): Object[0m
[0m[[0m[31merror[0m] [0m[0mclass Users(tag: Tag) extends Table[User](tag, "users") {[0m
[0m[[0m[31merror[0m] [0m[0m                                          ^[0m
[0m[[0m[31merror[0m] [0m[0m/Users/io/GitHub/WebProjects/Fullstack/tea-growth-record/server/app/models/User.scala:25:12: not found: value column[0m
[0m[[0m[31merror[0m] [0m[0m  def id = column[Long]("id", O.PrimaryKey, O.AutoInc)[0m
[0m[[0m[31merror[0m] [0m[0m           ^[0m
[0m[[0m[31merror[0m] [0m[0m/Users/io/GitHub/WebProjects/Fullstack/tea-growth-record/server/app/models/User.scala:25:31: not found: value O[0m
[0m[[0m[31merror[0m] [0m[0m  def id = column[Long]("id", O.PrimaryKey, O.AutoInc)[0m
[0m[[0m[31merror[0m] [0m[0m                              ^[0m
[0m[[0m[31merror[0m] [0m[0m/Users/io/GitHub/WebProjects/Fullstack/tea-growth-record/server/app/models/User.scala:25:45: not found: value O[0m
[0m[[0m[31merror[0m] [0m[0m  def id = column[Long]("id", O.PrimaryKey, O.AutoInc)[0m
[0m[[0m[31merror[0m] [0m[0m                                            ^[0m
[0m[[0m[31merror[0m] [0m[0m/Users/io/GitHub/WebProjects/Fullstack/tea-growth-record/server/app/models/User.scala:26:18: not found: value column[0m
[0m[[0m[31merror[0m] [0m[0m  def username = column[String]("username")[0m
[0m[[0m[31merror[0m] [0m[0m                 ^[0m
[0m[[0m[31merror[0m] [0m[0m/Users/io/GitHub/WebProjects/Fullstack/tea-growth-record/server/app/models/User.scala:27:15: not found: value column[0m
[0m[[0m[31merror[0m] [0m[0m  def email = column[String]("email")[0m
[0m[[0m[31merror[0m] [0m[0m              ^[0m
[0m[[0m[31merror[0m] [0m[0m/Users/io/GitHub/WebProjects/Fullstack/tea-growth-record/server/app/models/User.scala:28:22: not found: value column[0m
[0m[[0m[31merror[0m] [0m[0m  def passwordHash = column[String]("password_hash")[0m
[0m[[0m[31merror[0m] [0m[0m                     ^[0m
[0m[[0m[31merror[0m] [0m[0m/Users/io/GitHub/WebProjects/Fullstack/tea-growth-record/server/app/models/User.scala:29:19: not found: value column[0m
[0m[[0m[31merror[0m] [0m[0m  def createdAt = column[Timestamp]("created_at")[0m
[0m[[0m[31merror[0m] [0m[0m                  ^[0m
[0m[[0m[31merror[0m] [0m[0m/Users/io/GitHub/WebProjects/Fullstack/tea-growth-record/server/app/models/User.scala:30:19: not found: value column[0m
[0m[[0m[31merror[0m] [0m[0m  def updatedAt = column[Timestamp]("updated_at")[0m
[0m[[0m[31merror[0m] [0m[0m                  ^[0m
[0m[[0m[31merror[0m] [0m[0m/Users/io/GitHub/WebProjects/Fullstack/tea-growth-record/server/app/services/UserService.scala:18:23: type arguments [models.Users] conform to the bounds of none of the overloaded alternatives of[0m
[0m[[0m[31merror[0m] [0m[0m value apply: [E <: slick.lifted.AbstractTable[_]]slick.lifted.TableQuery[E] <and> [E <: slick.lifted.AbstractTable[_]](cons: slick.lifted.Tag => E): slick.lifted.TableQuery[E][0m
[0m[[0m[31merror[0m] [0m[0m  private val users = TableQuery[Users][0m
[0m[[0m[31merror[0m] [0m[0m                      ^[0m
[0m[[0m[31merror[0m] [0m[0m/Users/io/GitHub/WebProjects/Fullstack/tea-growth-record/server/app/services/UserService.scala:40:16: unknown parameter name: username[0m
[0m[[0m[31merror[0m] [0m[0m      username = username,[0m
[0m[[0m[31merror[0m] [0m[0m               ^[0m
[0m[[0m[31merror[0m] [0m[0m/Users/io/GitHub/WebProjects/Fullstack/tea-growth-record/server/app/services/UserService.scala:42:20: unknown parameter name: passwordHash[0m
[0m[[0m[31merror[0m] [0m[0m      passwordHash = hashedPassword,[0m
[0m[[0m[31merror[0m] [0m[0m                   ^[0m
[0m[[0m[31merror[0m] [0m[0m/Users/io/GitHub/WebProjects/Fullstack/tea-growth-record/server/app/services/UserService.scala:38:20: too many arguments (found 6, expected 5) for method apply: (id: Long, email: String, password: String, createdAt: java.sql.Timestamp, updatedAt: java.sql.Timestamp): models.User in object User[0m
[0m[[0m[31merror[0m] [0m[0m    val user = User([0m
[0m[[0m[31merror[0m] [0m[0m                   ^[0m
[0m[[0m[33mwarn[0m] [0m[0mtwo warnings found[0m
[0m[[0m[31merror[0m] [0m[0m41 errors found[0m
[0m[[0m[31merror[0m] [0m[0m(Compile / [31mcompileIncremental[0m) Compilation failed[0m
[0m[[0m[0mdebug[0m] [0m[0mRunning task... Cancel: Signal, check cycles: false, forcegc: true[0m
[0m[[0m[0mdebug[0m] [0m[0mRunning task... Cancel: Signal, check cycles: false, forcegc: true[0m
[0m[[0m[0mdebug[0m] [0m[0mRunning task... Cancel: Signal, check cycles: false, forcegc: true[0m
[0m[[0m[0minfo[0m] [0m[0mcompiling 9 Scala sources to /Users/io/GitHub/WebProjects/Fullstack/tea-growth-record/server/target/scala-2.13/classes ...[0m
[0m[[0m[31merror[0m] [0m[0m/Users/io/GitHub/WebProjects/Fullstack/tea-growth-record/server/app/controllers/AuthController.scala:42:25: type mismatch;[0m
[0m[[0m[31merror[0m] [0m[0m found   : play.api.data.Form[controllers.LoginData][0m
[0m[[0m[31merror[0m] [0m[0m required: play.api.data.Form[forms.Forms.LoginData][0m
[0m[[0m[31merror[0m] [0m[0m    Ok(views.html.login(loginForm))[0m
[0m[[0m[31merror[0m] [0m[0m                        ^[0m
[0m[[0m[31merror[0m] [0m[0m/Users/io/GitHub/WebProjects/Fullstack/tea-growth-record/server/app/controllers/AuthController.scala:49:28: type mismatch;[0m
[0m[[0m[31merror[0m] [0m[0m found   : play.api.data.Form[controllers.RegisterData][0m
[0m[[0m[31merror[0m] [0m[0m required: play.api.data.Form[forms.Forms.RegisterData][0m
[0m[[0m[31merror[0m] [0m[0m    Ok(views.html.register(registerForm))[0m
[0m[[0m[31merror[0m] [0m[0m                           ^[0m
[0m[[0m[31merror[0m] [0m[0m/Users/io/GitHub/WebProjects/Fullstack/tea-growth-record/server/app/controllers/AuthController.scala:66:16: constructor cannot be instantiated to expected type;[0m
[0m[[0m[31merror[0m] [0m[0m found   : Some[A][0m
[0m[[0m[31merror[0m] [0m[0m required: scala.concurrent.Future[Option[models.User]][0m
[0m[[0m[31merror[0m] [0m[0m          case Some(user) if user.verifyPassword(loginData.password) =>[0m
[0m[[0m[31merror[0m] [0m[0m               ^[0m
[0m[[0m[31merror[0m] [0m[0m/Users/io/GitHub/WebProjects/Fullstack/tea-growth-record/server/app/controllers/AuthController.scala:93:21: value getUserById is not a member of services.UserService[0m
[0m[[0m[31merror[0m] [0m[0m        userService.getUserById(userId).map {[0m
[0m[[0m[31merror[0m] [0m[0m                    ^[0m
[0m[[0m[31merror[0m] [0m[0m/Users/io/GitHub/WebProjects/Fullstack/tea-growth-record/server/app/controllers/AuthController.scala:97:30: value id is not a member of Any[0m
[0m[[0m[31merror[0m] [0m[0m                "id" -> user.id,[0m
[0m[[0m[31merror[0m] [0m[0m                             ^[0m
[0m[[0m[31merror[0m] [0m[0m/Users/io/GitHub/WebProjects/Fullstack/tea-growth-record/server/app/controllers/AuthController.scala:98:33: value email is not a member of Any[0m
[0m[[0m[31merror[0m] [0m[0m                "email" -> user.email)))[0m
[0m[[0m[31merror[0m] [0m[0m                                ^[0m
[0m[[0m[31merror[0m] [0m[0m/Users/io/GitHub/WebProjects/Fullstack/tea-growth-record/server/app/controllers/AuthController.scala:121:16: constructor cannot be instantiated to expected type;[0m
[0m[[0m[31merror[0m] [0m[0m found   : Some[A][0m
[0m[[0m[31merror[0m] [0m[0m required: scala.concurrent.Future[Option[models.User]][0m
[0m[[0m[31merror[0m] [0m[0m          case Some(_) =>[0m
[0m[[0m[31merror[0m] [0m[0m               ^[0m
[0m[[0m[31merror[0m] [0m[0m/Users/io/GitHub/WebProjects/Fullstack/tea-growth-record/server/app/controllers/AuthController.scala:124:16: pattern type is incompatible with expected type;[0m
[0m[[0m[31merror[0m] [0m[0m found   : None.type[0m
[0m[[0m[31merror[0m] [0m[0m required: scala.concurrent.Future[Option[models.User]][0m
[0m[[0m[31merror[0m] [0m[0m          case None =>[0m
[0m[[0m[31merror[0m] [0m[0m               ^[0m
[0m[[0m[31merror[0m] [0m[0m/Users/io/GitHub/WebProjects/Fullstack/tea-growth-record/server/app/controllers/AuthController.scala:129:20: unknown parameter name: name[0m
[0m[[0m[31merror[0m] [0m[0m              name = registerData.name,[0m
[0m[[0m[31merror[0m] [0m[0m                   ^[0m
[0m[[0m[31merror[0m] [0m[0m/Users/io/GitHub/WebProjects/Fullstack/tea-growth-record/server/app/controllers/AuthController.scala:125:28: too many arguments (found 6, expected 5) for method apply: (id: Long, email: String, password: String, createdAt: java.sql.Timestamp, updatedAt: java.sql.Timestamp): models.User in object User[0m
[0m[[0m[31merror[0m] [0m[0m            val user = User([0m
[0m[[0m[31merror[0m] [0m[0m                           ^[0m
[0m[[0m[31merror[0m] [0m[0m/Users/io/GitHub/WebProjects/Fullstack/tea-growth-record/server/app/controllers/AuthController.scala:132:31: not enough arguments for method create: (username: String, email: String, password: String): scala.concurrent.Future[Option[models.User]].[0m
[0m[[0m[31merror[0m] [0m[0mUnspecified value parameters email, password.[0m
[0m[[0m[31merror[0m] [0m[0m            userService.create(user) match {[0m
[0m[[0m[31merror[0m] [0m[0m                              ^[0m
[0m[[0m[31merror[0m] [0m[0m/Users/io/GitHub/WebProjects/Fullstack/tea-growth-record/server/app/controllers/AuthController.scala:137:41: value id is not a member of Any[0m
[0m[[0m[31merror[0m] [0m[0m                    "id" -> createdUser.id,[0m
[0m[[0m[31merror[0m] [0m[0m                                        ^[0m
[0m[[0m[31merror[0m] [0m[0m/Users/io/GitHub/WebProjects/Fullstack/tea-growth-record/server/app/controllers/AuthController.scala:138:44: value email is not a member of Any[0m
[0m[[0m[31merror[0m] [0m[0m                    "email" -> createdUser.email,[0m
[0m[[0m[31merror[0m] [0m[0m                                           ^[0m
[0m[[0m[31merror[0m] [0m[0m/Users/io/GitHub/WebProjects/Fullstack/tea-growth-record/server/app/controllers/AuthController.scala:139:43: value name is not a member of Any[0m
[0m[[0m[31merror[0m] [0m[0m                    "name" -> createdUser.name)))[0m
[0m[[0m[31merror[0m] [0m[0m                                          ^[0m
[0m[[0m[31merror[0m] [0m[0m/Users/io/GitHub/WebProjects/Fullstack/tea-growth-record/server/app/models/User.scala:21:28: not found: type Format[0m
[0m[[0m[31merror[0m] [0m[0m  implicit val userFormat: Format[User] = Json.format[User][0m
[0m[[0m[31merror[0m] [0m[0m                           ^[0m
[0m[[0m[31merror[0m] [0m[0m/Users/io/GitHub/WebProjects/Fullstack/tea-growth-record/server/app/models/User.scala:13:33: not found: type Format[0m
[0m[[0m[31merror[0m] [0m[0m  implicit val timestampFormat: Format[Timestamp] = new Format[Timestamp] {[0m
[0m[[0m[31merror[0m] [0m[0m                                ^[0m
[0m[[0m[31merror[0m] [0m[0m/Users/io/GitHub/WebProjects/Fullstack/tea-growth-record/server/app/controllers/AuthController.scala:162:47: No Json serializer found for type Option[models.User]. Try to implement an implicit Writes or Format for this type.[0m
[0m[[0m[31merror[0m] [0m[0m              .map(user => Created(Json.toJson(user)))[0m
[0m[[0m[31merror[0m] [0m[0m                                              ^[0m
[0m[[0m[33mwarn[0m] [0m[0m/Users/io/GitHub/WebProjects/Fullstack/tea-growth-record/server/app/controllers/AuthController.scala:56:15: Auto-application to `()` is deprecated. Supply the empty argument list `()` explicitly to invoke method bindFromRequest,[0m
[0m[[0m[33mwarn[0m] [0m[0mor remove the empty argument list from its definition (Java-defined methods are exempt).[0m
[0m[[0m[33mwarn[0m] [0m[0mIn Scala 3, an unapplied method like this will be eta-expanded into a function. [quickfixable][0m
[0m[[0m[33mwarn[0m] [0m[0m    loginForm.bindFromRequest.fold([0m
[0m[[0m[33mwarn[0m] [0m[0m              ^[0m
[0m[[0m[33mwarn[0m] [0m[0m/Users/io/GitHub/WebProjects/Fullstack/tea-growth-record/server/app/controllers/AuthController.scala:111:18: Auto-application to `()` is deprecated. Supply the empty argument list `()` explicitly to invoke method bindFromRequest,[0m
[0m[[0m[33mwarn[0m] [0m[0mor remove the empty argument list from its definition (Java-defined methods are exempt).[0m
[0m[[0m[33mwarn[0m] [0m[0mIn Scala 3, an unapplied method like this will be eta-expanded into a function. [quickfixable][0m
[0m[[0m[33mwarn[0m] [0m[0m    registerForm.bindFromRequest.fold([0m
[0m[[0m[33mwarn[0m] [0m[0m                 ^[0m
[0m[[0m[31merror[0m] [0m[0m/Users/io/GitHub/WebProjects/Fullstack/tea-growth-record/server/app/models/User.scala:13:57: not found: type Format[0m
[0m[[0m[31merror[0m] [0m[0m  implicit val timestampFormat: Format[Timestamp] = new Format[Timestamp] {[0m
[0m[[0m[31merror[0m] [0m[0m                                                        ^[0m
[0m[[0m[31merror[0m] [0m[0m/Users/io/GitHub/WebProjects/Fullstack/tea-growth-record/server/app/models/User.scala:14:31: not found: type JsResult[0m
[0m[[0m[31merror[0m] [0m[0m    def reads(json: JsValue): JsResult[Timestamp] = json match {[0m
[0m[[0m[31merror[0m] [0m[0m                              ^[0m
[0m[[0m[31merror[0m] [0m[0m/Users/io/GitHub/WebProjects/Fullstack/tea-growth-record/server/app/models/User.scala:14:21: not found: type JsValue[0m
[0m[[0m[31merror[0m] [0m[0m    def reads(json: JsValue): JsResult[Timestamp] = json match {[0m
[0m[[0m[31merror[0m] [0m[0m                    ^[0m
[0m[[0m[31merror[0m] [0m[0m/Users/io/GitHub/WebProjects/Fullstack/tea-growth-record/server/app/models/User.scala:15:12: not found: value JsNumber[0m
[0m[[0m[31merror[0m] [0m[0m      case JsNumber(value) => JsSuccess(new Timestamp(value.toLong))[0m
[0m[[0m[31merror[0m] [0m[0m           ^[0m
[0m[[0m[31merror[0m] [0m[0m/Users/io/GitHub/WebProjects/Fullstack/tea-growth-record/server/app/models/User.scala:15:31: not found: value JsSuccess[0m
[0m[[0m[31merror[0m] [0m[0m      case JsNumber(value) => JsSuccess(new Timestamp(value.toLong))[0m
[0m[[0m[31merror[0m] [0m[0m                              ^[0m
[0m[[0m[31merror[0m] [0m[0m/Users/io/GitHub/WebProjects/Fullstack/tea-growth-record/server/app/models/User.scala:16:17: not found: value JsError[0m
[0m[[0m[31merror[0m] [0m[0m      case _ => JsError("Expected JsNumber")[0m
[0m[[0m[31merror[0m] [0m[0m                ^[0m
[0m[[0m[31merror[0m] [0m[0m/Users/io/GitHub/WebProjects/Fullstack/tea-growth-record/server/app/models/User.scala:18:39: not found: type JsValue[0m
[0m[[0m[31merror[0m] [0m[0m    def writes(timestamp: Timestamp): JsValue = JsNumber(timestamp.getTime)[0m
[0m[[0m[31merror[0m] [0m[0m                                      ^[0m
[0m[[0m[31merror[0m] [0m[0m/Users/io/GitHub/WebProjects/Fullstack/tea-growth-record/server/app/models/User.scala:18:49: not found: value JsNumber[0m
[0m[[0m[31merror[0m] [0m[0m    def writes(timestamp: Timestamp): JsValue = JsNumber(timestamp.getTime)[0m
[0m[[0m[31merror[0m] [0m[0m                                                ^[0m
[0m[[0m[31merror[0m] [0m[0m/Users/io/GitHub/WebProjects/Fullstack/tea-growth-record/server/app/models/User.scala:21:43: not found: value Json[0m
[0m[[0m[31merror[0m] [0m[0m  implicit val userFormat: Format[User] = Json.format[User][0m
[0m[[0m[31merror[0m] [0m[0m                                          ^[0m
[0m[[0m[31merror[0m] [0m[0m/Users/io/GitHub/WebProjects/Fullstack/tea-growth-record/server/app/models/User.scala:24:31: not found: type Table[0m
[0m[[0m[31merror[0m] [0m[0mclass Users(tag: Tag) extends Table[User](tag, "users") {[0m
[0m[[0m[31merror[0m] [0m[0m                              ^[0m
[0m[[0m[31merror[0m] [0m[0m/Users/io/GitHub/WebProjects/Fullstack/tea-growth-record/server/app/models/User.scala:24:18: not found: type Tag[0m
[0m[[0m[31merror[0m] [0m[0mclass Users(tag: Tag) extends Table[User](tag, "users") {[0m
[0m[[0m[31merror[0m] [0m[0m                 ^[0m
[0m[[0m[31merror[0m] [0m[0m/Users/io/GitHub/WebProjects/Fullstack/tea-growth-record/server/app/models/User.scala:24:43: no arguments allowed for nullary constructor Object: (): Object[0m
[0m[[0m[31merror[0m] [0m[0mclass Users(tag: Tag) extends Table[User](tag, "users") {[0m
[0m[[0m[31merror[0m] [0m[0m                                          ^[0m
[0m[[0m[31merror[0m] [0m[0m/Users/io/GitHub/WebProjects/Fullstack/tea-growth-record/server/app/models/User.scala:25:12: not found: value column[0m
[0m[[0m[31merror[0m] [0m[0m  def id = column[Long]("id", O.PrimaryKey, O.AutoInc)[0m
[0m[[0m[31merror[0m] [0m[0m           ^[0m
[0m[[0m[31merror[0m] [0m[0m/Users/io/GitHub/WebProjects/Fullstack/tea-growth-record/server/app/models/User.scala:25:31: not found: value O[0m
[0m[[0m[31merror[0m] [0m[0m  def id = column[Long]("id", O.PrimaryKey, O.AutoInc)[0m
[0m[[0m[31merror[0m] [0m[0m                              ^[0m
[0m[[0m[31merror[0m] [0m[0m/Users/io/GitHub/WebProjects/Fullstack/tea-growth-record/server/app/models/User.scala:25:45: not found: value O[0m
[0m[[0m[31merror[0m] [0m[0m  def id = column[Long]("id", O.PrimaryKey, O.AutoInc)[0m
[0m[[0m[31merror[0m] [0m[0m                                            ^[0m
[0m[[0m[31merror[0m] [0m[0m/Users/io/GitHub/WebProjects/Fullstack/tea-growth-record/server/app/models/User.scala:26:18: not found: value column[0m
[0m[[0m[31merror[0m] [0m[0m  def username = column[String]("username")[0m
[0m[[0m[31merror[0m] [0m[0m                 ^[0m
[0m[[0m[31merror[0m] [0m[0m/Users/io/GitHub/WebProjects/Fullstack/tea-growth-record/server/app/models/User.scala:27:15: not found: value column[0m
[0m[[0m[31merror[0m] [0m[0m  def email = column[String]("email")[0m
[0m[[0m[31merror[0m] [0m[0m              ^[0m
[0m[[0m[31merror[0m] [0m[0m/Users/io/GitHub/WebProjects/Fullstack/tea-growth-record/server/app/models/User.scala:28:22: not found: value column[0m
[0m[[0m[31merror[0m] [0m[0m  def passwordHash = column[String]("password_hash")[0m
[0m[[0m[31merror[0m] [0m[0m                     ^[0m
[0m[[0m[31merror[0m] [0m[0m/Users/io/GitHub/WebProjects/Fullstack/tea-growth-record/server/app/models/User.scala:29:19: not found: value column[0m
[0m[[0m[31merror[0m] [0m[0m  def createdAt = column[Timestamp]("created_at")[0m
[0m[[0m[31merror[0m] [0m[0m                  ^[0m
[0m[[0m[31merror[0m] [0m[0m/Users/io/GitHub/WebProjects/Fullstack/tea-growth-record/server/app/models/User.scala:30:19: not found: value column[0m
[0m[[0m[31merror[0m] [0m[0m  def updatedAt = column[Timestamp]("updated_at")[0m
[0m[[0m[31merror[0m] [0m[0m                  ^[0m
[0m[[0m[31merror[0m] [0m[0m/Users/io/GitHub/WebProjects/Fullstack/tea-growth-record/server/app/services/UserService.scala:18:23: type arguments [models.Users] conform to the bounds of none of the overloaded alternatives of[0m
[0m[[0m[31merror[0m] [0m[0m value apply: [E <: slick.lifted.AbstractTable[_]]slick.lifted.TableQuery[E] <and> [E <: slick.lifted.AbstractTable[_]](cons: slick.lifted.Tag => E): slick.lifted.TableQuery[E][0m
[0m[[0m[31merror[0m] [0m[0m  private val users = TableQuery[Users][0m
[0m[[0m[31merror[0m] [0m[0m                      ^[0m
[0m[[0m[31merror[0m] [0m[0m/Users/io/GitHub/WebProjects/Fullstack/tea-growth-record/server/app/services/UserService.scala:40:16: unknown parameter name: username[0m
[0m[[0m[31merror[0m] [0m[0m      username = username,[0m
[0m[[0m[31merror[0m] [0m[0m               ^[0m
[0m[[0m[31merror[0m] [0m[0m/Users/io/GitHub/WebProjects/Fullstack/tea-growth-record/server/app/services/UserService.scala:42:20: unknown parameter name: passwordHash[0m
[0m[[0m[31merror[0m] [0m[0m      passwordHash = hashedPassword,[0m
[0m[[0m[31merror[0m] [0m[0m                   ^[0m
[0m[[0m[31merror[0m] [0m[0m/Users/io/GitHub/WebProjects/Fullstack/tea-growth-record/server/app/services/UserService.scala:38:20: too many arguments (found 6, expected 5) for method apply: (id: Long, email: String, password: String, createdAt: java.sql.Timestamp, updatedAt: java.sql.Timestamp): models.User in object User[0m
[0m[[0m[31merror[0m] [0m[0m    val user = User([0m
[0m[[0m[31merror[0m] [0m[0m                   ^[0m
[0m[[0m[33mwarn[0m] [0m[0mtwo warnings found[0m
[0m[[0m[31merror[0m] [0m[0m41 errors found[0m
[0m[[0m[31merror[0m] [0m[0m(Compile / [31mcompileIncremental[0m) Compilation failed[0m
[0m[[0m[0mdebug[0m] [0m[0mRunning task... Cancel: Signal, check cycles: false, forcegc: true[0m
[0m[[0m[0mdebug[0m] [0m[0mRunning task... Cancel: Signal, check cycles: false, forcegc: true[0m
