[0m[[0m[0mdebug[0m] [0m[0m> Exec(early(addDefaultCommands), None, None)[0m
[0m[[0m[0mdebug[0m] [0m[0m> Exec(addDefaultCommands, None, None)[0m
[0m[[0m[0mdebug[0m] [0m[0m> Exec(early(initialize), None, None)[0m
[0m[[0m[0mdebug[0m] [0m[0m> Exec(initialize, None, None)[0m
[0m[[0m[0mdebug[0m] [0m[0m> Exec(boot, None, None)[0m
[0m[[0m[0mdebug[0m] [0m[0m> Exec(writeSbtVersion, None, None)[0m
[0m[[0m[0mdebug[0m] [0m[0m> Exec(reload, None, None)[0m
[0m[[0m[0mdebug[0m] [0m[0m> Exec(sbtStashOnFailure, None, None)[0m
[0m[[0m[0mdebug[0m] [0m[0m> Exec(onFailure loadFailed, None, None)[0m
[0m[[0m[0mdebug[0m] [0m[0m> Exec(loadp, None, None)[0m
[0m[[0m[0minfo[0m] [0m[0mwelcome to sbt 1.10.11 (Homebrew Java 17.0.14)[0m
[0m[[0m[0mdebug[0m] [0m[0mLoad.defaultLoad until apply took 76.972083ms[0m
[0m[[0m[0mdebug[0m] [0m[0m          Load.loadUnit: plugins took 48.088833ms[0m
[0m[[0m[0mdebug[0m] [0m[0m          Load.loadUnit: defsScala took 0.12525ms[0m
[0m[[0m[0mdebug[0m] [0m[0m[Loading] Scanning directory /Users/io/GitHub/WebProjects/Fullstack/tea-growth-record/server/project[0m
[0m[[0m[0mdebug[0m] [0m[0m            Load.loadUnit: mkEval took 4.123708ms[0m
[0m[[0m[0mdebug[0m] [0m[0m[Loading] Found non-root projects [0m
[0m[[0m[0mdebug[0m] [0m[0m[Loading] Done in /Users/io/GitHub/WebProjects/Fullstack/tea-growth-record/server/project, returning: ()[0m
[0m[[0m[0mdebug[0m] [0m[0mdeducing auto plugins based on known facts Set(Atom(sbt.plugins.CorePlugin)) and clauses Clauses(Clause(Atom(sbt.plugins.JvmPlugin),Set(Atom(sbt.plugins.IvyPlugin)))[0m
[0m[[0m[0mdebug[0m] [0m[0mClause(Atom(sbt.ScriptedPlugin),Set(Atom(sbt.plugins.JvmPlugin)))[0m
[0m[[0m[0mdebug[0m] [0m[0mClause(Atom(sbt.plugins.SbtPlugin),Set(Atom(sbt.ScriptedPlugin)))[0m
[0m[[0m[0mdebug[0m] [0m[0mClause(Atom(sbt.plugins.SemanticdbPlugin),Set(Atom(sbt.plugins.JvmPlugin)))[0m
[0m[[0m[0mdebug[0m] [0m[0mClause(Atom(sbt.plugins.JUnitXmlReportPlugin),Set(Atom(sbt.plugins.JvmPlugin)))[0m
[0m[[0m[0mdebug[0m] [0m[0mClause(Atom(sbt.plugins.MiniDependencyTreePlugin),Set(Atom(sbt.plugins.JvmPlugin)))[0m
[0m[[0m[0mdebug[0m] [0m[0mClause(Atom(sbt.plugins.CorePlugin),Set(Atom(sbt.plugins.IvyPlugin)))[0m
[0m[[0m[0mdebug[0m] [0m[0mClause(Atom(sbt.plugins.IvyPlugin),Set(Atom(sbt.plugins.JvmPlugin)))[0m
[0m[[0m[0mdebug[0m] [0m[0mClause(Atom(sbt.plugins.JvmPlugin),Set(Atom(sbt.plugins.SemanticdbPlugin)))[0m
[0m[[0m[0mdebug[0m] [0m[0mClause(Atom(sbt.plugins.JvmPlugin),Set(Atom(sbt.plugins.JUnitXmlReportPlugin)))[0m
[0m[[0m[0mdebug[0m] [0m[0mClause(Atom(sbt.plugins.CorePlugin),Set(Atom(sbt.plugins.Giter8TemplatePlugin)))[0m
[0m[[0m[0mdebug[0m] [0m[0mClause(Atom(sbt.plugins.JvmPlugin),Set(Atom(sbt.plugins.MiniDependencyTreePlugin))))[0m
[0m[[0m[0mdebug[0m] [0m[0m  :: deduced result: Matched(sbt.plugins.CorePlugin,sbt.plugins.Giter8TemplatePlugin,sbt.plugins.IvyPlugin,sbt.plugins.JvmPlugin,sbt.plugins.MiniDependencyTreePlugin,sbt.plugins.JUnitXmlReportPlugin,sbt.plugins.SemanticdbPlugin)[0m
[0m[[0m[0mdebug[0m] [0m[0mPlugins.deducer#function took 11.172083 ms[0m
[0m[[0m[0minfo[0m] [0m[0mloading settings for project server-build from plugins.sbt...[0m
[0m[[0m[0mdebug[0m] [0m[0m              Load.resolveProject(server-build) took 29.237583ms[0m
[0m[[0m[0mdebug[0m] [0m[0m            Load.loadTransitive: finalizeProject(Project(id server-build, base: /Users/io/GitHub/WebProjects/Fullstack/tea-growth-record/server/project, plugins: List(<none>))) took 52.773292ms[0m
[0m[[0m[0mdebug[0m] [0m[0m[Loading] Done in /Users/io/GitHub/WebProjects/Fullstack/tea-growth-record/server/project, returning: (server-build)[0m
[0m[[0m[0mdebug[0m] [0m[0m          Load.loadUnit: loadedProjectsRaw took 257.553209ms[0m
[0m[[0m[0mdebug[0m] [0m[0m          Load.loadUnit: cleanEvalClasses took 7.902083ms[0m
[0m[[0m[0mdebug[0m] [0m[0m        Load.loadUnit(file:/Users/io/GitHub/WebProjects/Fullstack/tea-growth-record/server/project/, ...) took 317.216834ms[0m
[0m[[0m[0mdebug[0m] [0m[0m      Load.apply: load took 771.036ms[0m
[0m[[0m[0mdebug[0m] [0m[0m      Load.apply: resolveProjects took 3.502791ms[0m
[0m[[0m[0mdebug[0m] [0m[0m      Load.apply: finalTransforms took 91.681834ms[0m
[0m[[0m[0mdebug[0m] [0m[0m      Load.apply: config.delegates took 6.658709ms[0m
[0m[[0m[0mdebug[0m] [0m[0m      Load.apply: Def.make(settings)... took 890.911ms[0m
[0m[[0m[0mdebug[0m] [0m[0m      Load.apply: structureIndex took 188.969167ms[0m
[0m[[0m[0mdebug[0m] [0m[0m      Load.apply: mkStreams took 0.709542ms[0m
[0m[[0m[0minfo[0m] [0m[0mloading project definition from /Users/io/GitHub/WebProjects/Fullstack/tea-growth-record/server/project[0m
[0m[[0m[0mdebug[0m] [0m[0mRunning task... Cancel: Signal, check cycles: false, forcegc: true[0m
[0m[[0m[0mdebug[0m] [0m[0m    Load.loadUnit: plugins took 3900.089042ms[0m
[0m[[0m[0mdebug[0m] [0m[0m    Load.loadUnit: defsScala took 0.001958ms[0m
[0m[[0m[0mdebug[0m] [0m[0m[Loading] Scanning directory /Users/io/GitHub/WebProjects/Fullstack/tea-growth-record/server[0m
[0m[[0m[0mdebug[0m] [0m[0m      Load.loadUnit: mkEval took 1.836583ms[0m
[0m[[0m[0mdebug[0m] [0m[0m[Loading] Found root project root w/ remaining [0m
[0m[[0m[0mdebug[0m] [0m[0mdeducing auto plugins based on known facts Set(Atom(play.sbt.PlayScala), Atom(sbt.plugins.CorePlugin)) and clauses Clauses(Clause(Atom(sbt.plugins.JvmPlugin),Set(Atom(sbt.plugins.IvyPlugin)))[0m
[0m[[0m[0mdebug[0m] [0m[0mClause(Atom(sbt.ScriptedPlugin),Set(Atom(sbt.plugins.JvmPlugin)))[0m
[0m[[0m[0mdebug[0m] [0m[0mClause(Atom(sbt.plugins.SbtPlugin),Set(Atom(sbt.ScriptedPlugin)))[0m
[0m[[0m[0mdebug[0m] [0m[0mClause(Atom(sbt.plugins.SemanticdbPlugin),Set(Atom(sbt.plugins.JvmPlugin)))[0m
[0m[[0m[0mdebug[0m] [0m[0mClause(Atom(sbt.plugins.JUnitXmlReportPlugin),Set(Atom(sbt.plugins.JvmPlugin)))[0m
[0m[[0m[0mdebug[0m] [0m[0mClause(Atom(sbt.plugins.MiniDependencyTreePlugin),Set(Atom(sbt.plugins.JvmPlugin)))[0m
[0m[[0m[0mdebug[0m] [0m[0mClause(Atom(play.sbt.Play),Set(Atom(play.sbt.routes.RoutesCompiler)))[0m
[0m[[0m[0mdebug[0m] [0m[0mClause(Atom(play.sbt.Play),Set(Atom(com.typesafe.sbt.jse.SbtJsTask)))[0m
[0m[[0m[0mdebug[0m] [0m[0mClause(Atom(play.sbt.Play),Set(Atom(com.typesafe.sbt.packager.archetypes.JavaServerAppPackaging)))[0m
[0m[[0m[0mdebug[0m] [0m[0mClause(Atom(play.sbt.Play),Set(Atom(play.twirl.sbt.SbtTwirl)))[0m
[0m[[0m[0mdebug[0m] [0m[0mClause(Atom(play.sbt.PlayAkkaHttp2Support),Set(Atom(play.sbt.PlayAkkaHttpServer)))[0m
[0m[[0m[0mdebug[0m] [0m[0mClause(Atom(play.sbt.PlayAkkaHttpServer),Set(Atom(play.sbt.PlayService)))[0m
[0m[[0m[0mdebug[0m] [0m[0mClause(Atom(play.sbt.PlayFilters),Set(Atom(play.sbt.PlayWeb)))[0m
[0m[[0m[0mdebug[0m] [0m[0mClause(Atom(play.sbt.PlayJava),Set(Atom(play.sbt.PlayWeb)))[0m
[0m[[0m[0mdebug[0m] [0m[0mClause(Atom(play.sbt.PlayLayoutPlugin),Set(Atom(play.sbt.PlayWeb)))[0m
[0m[[0m[0mdebug[0m] [0m[0mClause(Atom(play.sbt.PlayLogback),Set(Atom(play.sbt.PlayService)))[0m
[0m[[0m[0mdebug[0m] [0m[0mClause(Atom(play.sbt.PlayMinimalJava),Set(Atom(play.sbt.PlayWeb)))[0m
[0m[[0m[0mdebug[0m] [0m[0mClause(Atom(play.sbt.PlayNettyServer),Set(Atom(play.sbt.PlayService)))[0m
[0m[[0m[0mdebug[0m] [0m[0mClause(Atom(play.sbt.PlayScala),Set(Atom(play.sbt.PlayWeb)))[0m
[0m[[0m[0mdebug[0m] [0m[0mClause(Atom(play.sbt.PlayService),Set(Atom(com.typesafe.sbt.packager.archetypes.JavaServerAppPackaging)))[0m
[0m[[0m[0mdebug[0m] [0m[0mClause(Atom(play.sbt.PlayWeb),Set(Atom(play.sbt.routes.RoutesCompiler)))[0m
[0m[[0m[0mdebug[0m] [0m[0mClause(Atom(play.sbt.PlayWeb),Set(Atom(com.typesafe.sbt.jse.SbtJsTask)))[0m
[0m[[0m[0mdebug[0m] [0m[0mClause(Atom(play.sbt.PlayWeb),Set(Atom(play.sbt.PlayService)))[0m
[0m[[0m[0mdebug[0m] [0m[0mClause(Atom(play.sbt.PlayWeb),Set(Atom(play.twirl.sbt.SbtTwirl)))[0m
[0m[[0m[0mdebug[0m] [0m[0mClause(Atom(play.sbt.routes.RoutesCompiler),Set(Atom(sbt.plugins.JvmPlugin)))[0m
[0m[[0m[0mdebug[0m] [0m[0mClause(Atom(com.typesafe.sbt.SbtScalariform),Set(Atom(sbt.plugins.JvmPlugin)))[0m
[0m[[0m[0mdebug[0m] [0m[0mClause(Atom(com.typesafe.sbt.digest.SbtDigest),Set(Atom(com.typesafe.sbt.web.SbtWeb)))[0m
[0m[[0m[0mdebug[0m] [0m[0mClause(Atom(com.typesafe.sbt.gzip.SbtGzip),Set(Atom(com.typesafe.sbt.web.SbtWeb)))[0m
[0m[[0m[0mdebug[0m] [0m[0mClause(Atom(play.twirl.sbt.SbtTwirl),Set(Atom(sbt.plugins.JvmPlugin)))[0m
[0m[[0m[0mdebug[0m] [0m[0mClause(Atom(com.typesafe.sbt.SbtNativePackager),Set(Atom(sbt.plugins.JvmPlugin)))[0m
[0m[[0m[0mdebug[0m] [0m[0mClause(Atom(com.typesafe.sbt.packager.archetypes.JavaAppPackaging),Set(Atom(com.typesafe.sbt.packager.windows.WindowsPlugin)))[0m
[0m[[0m[0mdebug[0m] [0m[0mClause(Atom(com.typesafe.sbt.packager.archetypes.JavaAppPackaging),Set(Atom(com.typesafe.sbt.packager.docker.DockerPlugin)))[0m
[0m[[0m[0mdebug[0m] [0m[0mClause(Atom(com.typesafe.sbt.packager.archetypes.JavaAppPackaging),Set(Atom(com.typesafe.sbt.packager.debian.DebianPlugin)))[0m
[0m[[0m[0mdebug[0m] [0m[0mClause(Atom(com.typesafe.sbt.packager.archetypes.JavaAppPackaging),Set(Atom(com.typesafe.sbt.packager.rpm.RpmPlugin)))[0m
[0m[[0m[0mdebug[0m] [0m[0mClause(Atom(com.typesafe.sbt.packager.archetypes.JavaServerAppPackaging),Set(Atom(com.typesafe.sbt.packager.archetypes.JavaAppPackaging)))[0m
[0m[[0m[0mdebug[0m] [0m[0mClause(Atom(com.typesafe.sbt.packager.archetypes.jar.ClasspathJarPlugin),Set(Atom(com.typesafe.sbt.packager.archetypes.JavaAppPackaging)))[0m
[0m[[0m[0mdebug[0m] [0m[0mClause(Atom(com.typesafe.sbt.packager.archetypes.jar.LauncherJarPlugin),Set(Atom(com.typesafe.sbt.packager.archetypes.JavaAppPackaging)))[0m
[0m[[0m[0mdebug[0m] [0m[0mClause(Atom(com.typesafe.sbt.packager.archetypes.jlink.JlinkPlugin),Set(Atom(com.typesafe.sbt.packager.archetypes.JavaAppPackaging)))[0m
[0m[[0m[0mdebug[0m] [0m[0mClause(Atom(com.typesafe.sbt.packager.archetypes.scripts.AshScriptPlugin),Set(Atom(com.typesafe.sbt.packager.archetypes.JavaAppPackaging)))[0m
[0m[[0m[0mdebug[0m] [0m[0mClause(Atom(com.typesafe.sbt.packager.archetypes.scripts.AshScriptPlugin),Set(Atom(com.typesafe.sbt.packager.archetypes.scripts.BashStartScriptPlugin)))[0m
[0m[[0m[0mdebug[0m] [0m[0mClause(Atom(com.typesafe.sbt.packager.archetypes.scripts.BashStartScriptPlugin),Set(Atom(com.typesafe.sbt.packager.archetypes.JavaAppPackaging)))[0m
[0m[[0m[0mdebug[0m] [0m[0mClause(Atom(com.typesafe.sbt.packager.archetypes.scripts.BatStartScriptPlugin),Set(Atom(com.typesafe.sbt.packager.archetypes.JavaAppPackaging)))[0m
[0m[[0m[0mdebug[0m] [0m[0mClause(Atom(com.typesafe.sbt.packager.archetypes.systemloader.SystemVPlugin),Set(Atom(com.typesafe.sbt.packager.archetypes.systemloader.SystemloaderPlugin)))[0m
[0m[[0m[0mdebug[0m] [0m[0mClause(Atom(com.typesafe.sbt.packager.archetypes.systemloader.SystemdPlugin),Set(Atom(com.typesafe.sbt.packager.archetypes.systemloader.SystemloaderPlugin)))[0m
[0m[[0m[0mdebug[0m] [0m[0mClause(Atom(com.typesafe.sbt.packager.archetypes.systemloader.SystemloaderPlugin),Set(Atom(com.typesafe.sbt.packager.debian.DebianPlugin)))[0m
[0m[[0m[0mdebug[0m] [0m[0mClause(Atom(com.typesafe.sbt.packager.archetypes.systemloader.SystemloaderPlugin),Set(Atom(com.typesafe.sbt.packager.rpm.RpmPlugin)))[0m
[0m[[0m[0mdebug[0m] [0m[0mClause(Atom(com.typesafe.sbt.packager.archetypes.systemloader.UpstartPlugin),Set(Atom(com.typesafe.sbt.packager.archetypes.systemloader.SystemloaderPlugin)))[0m
[0m[[0m[0mdebug[0m] [0m[0mClause(Atom(com.typesafe.sbt.packager.debian.DebianDeployPlugin),Set(Atom(com.typesafe.sbt.packager.debian.DebianPlugin)))[0m
[0m[[0m[0mdebug[0m] [0m[0mClause(Atom(com.typesafe.sbt.packager.debian.DebianPlugin),Set(Atom(com.typesafe.sbt.packager.linux.LinuxPlugin)))[0m
[0m[[0m[0mdebug[0m] [0m[0mClause(Atom(com.typesafe.sbt.packager.debian.JDebPackaging),Set(Atom(com.typesafe.sbt.packager.debian.DebianPlugin)))[0m
[0m[[0m[0mdebug[0m] [0m[0mClause(Atom(com.typesafe.sbt.packager.docker.DockerPlugin),Set(Atom(com.typesafe.sbt.packager.universal.UniversalPlugin)))[0m
[0m[[0m[0mdebug[0m] [0m[0mClause(Atom(com.typesafe.sbt.packager.docker.DockerSpotifyClientPlugin),Set(Atom(com.typesafe.sbt.packager.docker.DockerPlugin)))[0m
[0m[[0m[0mdebug[0m] [0m[0mClause(Atom(com.typesafe.sbt.packager.graalvmnativeimage.GraalVMNativeImagePlugin),Set(Atom(com.typesafe.sbt.packager.archetypes.JavaAppPackaging)))[0m
[0m[[0m[0mdebug[0m] [0m[0mClause(Atom(com.typesafe.sbt.packager.jdkpackager.JDKPackagerDeployPlugin),Set(Atom(com.typesafe.sbt.packager.jdkpackager.JDKPackagerPlugin)))[0m
[0m[[0m[0mdebug[0m] [0m[0mClause(Atom(com.typesafe.sbt.packager.jdkpackager.JDKPackagerPlugin),Set(Atom(com.typesafe.sbt.packager.archetypes.JavaAppPackaging)))[0m
[0m[[0m[0mdebug[0m] [0m[0mClause(Atom(com.typesafe.sbt.packager.jdkpackager.JDKPackagerPlugin),Set(Atom(com.typesafe.sbt.packager.archetypes.jar.LauncherJarPlugin)))[0m
[0m[[0m[0mdebug[0m] [0m[0mClause(Atom(com.typesafe.sbt.packager.linux.LinuxPlugin),Set(Atom(com.typesafe.sbt.packager.universal.UniversalPlugin)))[0m
[0m[[0m[0mdebug[0m] [0m[0mClause(Atom(com.typesafe.sbt.packager.rpm.RpmDeployPlugin),Set(Atom(com.typesafe.sbt.packager.rpm.RpmPlugin)))[0m
[0m[[0m[0mdebug[0m] [0m[0mClause(Atom(com.typesafe.sbt.packager.rpm.RpmPlugin),Set(Atom(com.typesafe.sbt.packager.linux.LinuxPlugin)))[0m
[0m[[0m[0mdebug[0m] [0m[0mClause(Atom(com.typesafe.sbt.packager.universal.UniversalDeployPlugin),Set(Atom(com.typesafe.sbt.packager.universal.UniversalPlugin)))[0m
[0m[[0m[0mdebug[0m] [0m[0mClause(Atom(com.typesafe.sbt.packager.universal.UniversalPlugin),Set(Atom(com.typesafe.sbt.SbtNativePackager)))[0m
[0m[[0m[0mdebug[0m] [0m[0mClause(Atom(com.typesafe.sbt.packager.windows.WindowsDeployPlugin),Set(Atom(com.typesafe.sbt.packager.windows.WindowsPlugin)))[0m
[0m[[0m[0mdebug[0m] [0m[0mClause(Atom(com.typesafe.sbt.packager.windows.WindowsPlugin),Set(Atom(com.typesafe.sbt.packager.universal.UniversalPlugin)))[0m
[0m[[0m[0mdebug[0m] [0m[0mClause(Atom(com.typesafe.sbt.web.SbtWeb),Set(Atom(sbt.plugins.JvmPlugin)))[0m
[0m[[0m[0mdebug[0m] [0m[0mClause(Atom(com.typesafe.sbt.jse.SbtJsEngine),Set(Atom(com.typesafe.sbt.web.SbtWeb)))[0m
[0m[[0m[0mdebug[0m] [0m[0mClause(Atom(com.typesafe.sbt.jse.SbtJsTask),Set(Atom(com.typesafe.sbt.jse.SbtJsEngine)))[0m
[0m[[0m[0mdebug[0m] [0m[0mClause(Atom(sbt.plugins.CorePlugin),Set(Atom(sbt.plugins.IvyPlugin)))[0m
[0m[[0m[0mdebug[0m] [0m[0mClause(Atom(sbt.plugins.IvyPlugin),Set(Atom(sbt.plugins.JvmPlugin)))[0m
[0m[[0m[0mdebug[0m] [0m[0mClause(Atom(sbt.plugins.JvmPlugin),Set(Atom(sbt.plugins.SemanticdbPlugin)))[0m
[0m[[0m[0mdebug[0m] [0m[0mClause(Atom(sbt.plugins.JvmPlugin),Set(Atom(sbt.plugins.JUnitXmlReportPlugin)))[0m
[0m[[0m[0mdebug[0m] [0m[0mClause(Atom(sbt.plugins.CorePlugin),Set(Atom(sbt.plugins.Giter8TemplatePlugin)))[0m
[0m[[0m[0mdebug[0m] [0m[0mClause(Atom(sbt.plugins.JvmPlugin),Set(Atom(sbt.plugins.MiniDependencyTreePlugin)))[0m
[0m[[0m[0mdebug[0m] [0m[0mClause(Atom(play.sbt.PlayService),Set(Atom(play.sbt.PlayAkkaHttpServer)))[0m
[0m[[0m[0mdebug[0m] [0m[0mClause(Atom(play.sbt.PlayWeb),Set(Atom(play.sbt.PlayFilters)))[0m
[0m[[0m[0mdebug[0m] [0m[0mClause(Atom(play.sbt.PlayWeb),Set(Atom(play.sbt.PlayLayoutPlugin)))[0m
[0m[[0m[0mdebug[0m] [0m[0mClause(Atom(play.sbt.PlayService),Set(Atom(play.sbt.PlayLogback)))[0m
[0m[[0m[0mdebug[0m] [0m[0mClause(Atom(sbt.plugins.JvmPlugin),Set(Atom(com.typesafe.sbt.SbtScalariform)))[0m
[0m[[0m[0mdebug[0m] [0m[0mClause(Atom(com.typesafe.sbt.web.SbtWeb),Set(Atom(com.typesafe.sbt.digest.SbtDigest)))[0m
[0m[[0m[0mdebug[0m] [0m[0mClause(Atom(com.typesafe.sbt.web.SbtWeb),Set(Atom(com.typesafe.sbt.gzip.SbtGzip)))[0m
[0m[[0m[0mdebug[0m] [0m[0mClause(Atom(com.typesafe.sbt.packager.archetypes.JavaAppPackaging),Set(Atom(com.typesafe.sbt.packager.archetypes.scripts.BashStartScriptPlugin)))[0m
[0m[[0m[0mdebug[0m] [0m[0mClause(Atom(com.typesafe.sbt.packager.archetypes.JavaAppPackaging),Set(Atom(com.typesafe.sbt.packager.archetypes.scripts.BatStartScriptPlugin)))[0m
[0m[[0m[0mdebug[0m] [0m[0mClause(Atom(com.typesafe.sbt.web.SbtWeb),Set(Atom(com.typesafe.sbt.jse.SbtJsEngine)))[0m
[0m[[0m[0mdebug[0m] [0m[0mClause(Atom(com.typesafe.sbt.jse.SbtJsEngine),Set(Atom(com.typesafe.sbt.jse.SbtJsTask))))[0m
[0m[[0m[0mdebug[0m] [0m[0m  :: deduced result: Matched(sbt.plugins.CorePlugin,play.sbt.PlayScala,sbt.plugins.Giter8TemplatePlugin,sbt.plugins.IvyPlugin,play.sbt.PlayWeb,play.twirl.sbt.SbtTwirl,sbt.plugins.JvmPlugin,play.sbt.PlayService,play.sbt.PlayFilters,play.sbt.PlayLayoutPlugin,play.sbt.routes.RoutesCompiler,com.typesafe.sbt.jse.SbtJsTask,com.typesafe.sbt.packager.archetypes.JavaServerAppPackaging,sbt.plugins.SemanticdbPlugin,sbt.plugins.JUnitXmlReportPlugin,com.typesafe.sbt.SbtScalariform,play.sbt.PlayLogback,sbt.plugins.MiniDependencyTreePlugin,com.typesafe.sbt.jse.SbtJsEngine,play.sbt.PlayAkkaHttpServer,com.typesafe.sbt.web.SbtWeb,com.typesafe.sbt.packager.archetypes.JavaAppPackaging,com.typesafe.sbt.digest.SbtDigest,com.typesafe.sbt.packager.rpm.RpmPlugin,com.typesafe.sbt.packager.archetypes.scripts.BashStartScriptPlugin,com.typesafe.sbt.packager.windows.WindowsPlugin,com.typesafe.sbt.packager.archetypes.scripts.BatStartScriptPlugin,com.typesafe.sbt.packager.docker.DockerPlugin,com.typesafe.sbt.gzip.SbtGzip,com.typesafe.sbt.packager.debian.DebianPlugin,com.typesafe.sbt.packager.universal.UniversalPlugin,com.typesafe.sbt.packager.linux.LinuxPlugin,com.typesafe.sbt.SbtNativePackager)[0m
[0m[[0m[0mdebug[0m] [0m[0mPlugins.deducer#function took 22.346875 ms[0m
[0m[[0m[0minfo[0m] [0m[0mloading settings for project root from build.sbt...[0m
[0m[[0m[0mdebug[0m] [0m[0m        Load.resolveProject(root) took 73.390208ms[0m
[0m[[0m[0mdebug[0m] [0m[0m      Load.loadTransitive: finalizeProject(Project(id root, base: /Users/io/GitHub/WebProjects/Fullstack/tea-growth-record/server, plugins: List(play.sbt.PlayScala))) took 102.043167ms[0m
[0m[[0m[0mdebug[0m] [0m[0m[Loading] Done in /Users/io/GitHub/WebProjects/Fullstack/tea-growth-record/server, returning: (root)[0m
[0m[[0m[0mdebug[0m] [0m[0m    Load.loadUnit: loadedProjectsRaw took 3667.105042ms[0m
[0m[[0m[0mdebug[0m] [0m[0m    Load.loadUnit: cleanEvalClasses took 4.084709ms[0m
[0m[[0m[0mdebug[0m] [0m[0m  Load.loadUnit(file:/Users/io/GitHub/WebProjects/Fullstack/tea-growth-record/server/, ...) took 7573.46925ms[0m
[0m[[0m[0mdebug[0m] [0m[0mLoad.apply: load took 7584.679041ms[0m
[0m[[0m[0mdebug[0m] [0m[0mLoad.apply: resolveProjects took 0.318458ms[0m
[0m[[0m[0mdebug[0m] [0m[0mLoad.apply: finalTransforms took 88.418417ms[0m
[0m[[0m[0mdebug[0m] [0m[0mLoad.apply: config.delegates took 3.321291ms[0m
[0m[[0m[0mdebug[0m] [0m[0mLoad.apply: Def.make(settings)... took 302.887584ms[0m
[0m[[0m[0mdebug[0m] [0m[0mLoad.apply: structureIndex took 60.657166ms[0m
[0m[[0m[0mdebug[0m] [0m[0mLoad.apply: mkStreams took 0.01375ms[0m
[0m[[0m[0minfo[0m] [0m[0m[32m  __              __[0m[0m
[0m[[0m[0minfo[0m] [0m[0m[32m  \ \     ____   / /____ _ __  __[0m[0m
[0m[[0m[0minfo[0m] [0m[0m[32m   \ \   / __ \ / // __ `// / / /[0m[0m
[0m[[0m[0minfo[0m] [0m[0m[32m   / /  / /_/ // // /_/ // /_/ /[0m[0m
[0m[[0m[0minfo[0m] [0m[0m[32m  /_/  / .___//_/ \__,_/ \__, /[0m[0m
[0m[[0m[0minfo[0m] [0m[0m[32m      /_/               /____/[0m[0m
[0m[[0m[0minfo[0m] [0m[0m[0m
[0m[[0m[0minfo[0m] [0m[0mVersion 2.9.0 running Java 17.0.14[0m
[0m[[0m[0minfo[0m] [0m[0m[0m
[0m[[0m[0minfo[0m] [0m[0m[1mPlay is run entirely by the community. Please consider contributing and/or donating:[0m[0m
[0m[[0m[0minfo[0m] [0m[0mhttps://www.playframework.com/sponsors[0m
[0m[[0m[0minfo[0m] [0m[0m[0m
[0m[[0m[0mdebug[0m] [0m[0m> Exec(sbtPopOnFailure, None, None)[0m
[0m[[0m[0mdebug[0m] [0m[0m> Exec(resumeFromFailure, None, None)[0m
[0m[[0m[0mdebug[0m] [0m[0m> Exec(notifyUsersAboutShell, None, None)[0m
[0m[[0m[0mdebug[0m] [0m[0m> Exec(iflast shell, None, None)[0m
[0m[[0m[0mdebug[0m] [0m[0m> Exec(run, None, None)[0m
[0m[[0m[0mdebug[0m] [0m[0mEvaluating tasks: Compile / run[0m
[0m[[0m[0mdebug[0m] [0m[0mRunning task... Cancel: Signal, check cycles: false, forcegc: true[0m
[0m[[0m[0minfo[0m] [0m[0mFetching artifacts of tea-growth-record_2.13[0m
[0m[[0m[0minfo[0m] [0m[0mFetched artifacts of tea-growth-record_2.13[0m
[0m[[0m[33mwarn[0m] [0m[0mfound version conflict(s) in library dependencies; some are suspected to be binary incompatible:[0m
[0m[[0m[33mwarn[0m] [0m[0m	* com.typesafe.slick:slick-hikaricp_2.13:3.4.1 (pvp) is selected over 3.3.3[0m
[0m[[0m[33mwarn[0m] [0m[0m	    +- com.example:tea-growth-record_2.13:1.0-SNAPSHOT    (depends on 3.4.1)[0m
[0m[[0m[33mwarn[0m] [0m[0m	    +- com.typesafe.play:play-slick_2.13:5.2.0            (depends on 3.4.1)[0m
[0m[[0m[33mwarn[0m] [0m[0m	    +- com.typesafe.slick:slick-hikaricp_2.13:3.3.3       (depends on 3.3.3)[0m
[0m[[0m[33mwarn[0m] [0m[0m	* com.typesafe.slick:slick_2.13:3.4.1 (pvp) is selected over {3.3.3}[0m
[0m[[0m[33mwarn[0m] [0m[0m	    +- com.example:tea-growth-record_2.13:1.0-SNAPSHOT    (depends on 3.4.1)[0m
[0m[[0m[33mwarn[0m] [0m[0m	    +- com.typesafe.play:play-slick_2.13:5.2.0            (depends on 3.4.1)[0m
[0m[[0m[33mwarn[0m] [0m[0m	    +- com.typesafe.slick:slick-hikaricp_2.13:3.3.3       (depends on 3.4.1)[0m
[0m[[0m[33mwarn[0m] [0m[0m	    +- com.typesafe.slick:slick-codegen_2.13:3.3.3        (depends on 3.3.3)[0m
[0m[[0m[33mwarn[0m] [0m[0m	    +- com.typesafe.slick:slick_2.13:3.3.3                (depends on 3.3.3)[0m
[0m[[0m[0mdebug[0m] [0m[0mRunning task... Cancel: Signal, check cycles: false, forcegc: true[0m
[0m[[0m[0minfo[0m] [0m[0mcompiling 9 Scala sources to /Users/io/GitHub/WebProjects/Fullstack/tea-growth-record/server/target/scala-2.13/classes ...[0m
[0m[[0m[31merror[0m] [0m[0m/Users/io/GitHub/WebProjects/Fullstack/tea-growth-record/server/app/controllers/AuthController.scala:43:25: type mismatch;[0m
[0m[[0m[31merror[0m] [0m[0m found   : play.api.data.Form[controllers.LoginData][0m
[0m[[0m[31merror[0m] [0m[0m required: play.api.data.Form[forms.Forms.LoginData][0m
[0m[[0m[31merror[0m] [0m[0m    Ok(views.html.login(loginForm))[0m
[0m[[0m[31merror[0m] [0m[0m                        ^[0m
[0m[[0m[31merror[0m] [0m[0m/Users/io/GitHub/WebProjects/Fullstack/tea-growth-record/server/app/controllers/AuthController.scala:50:28: type mismatch;[0m
[0m[[0m[31merror[0m] [0m[0m found   : play.api.data.Form[controllers.RegisterData][0m
[0m[[0m[31merror[0m] [0m[0m required: play.api.data.Form[forms.Forms.RegisterData][0m
[0m[[0m[31merror[0m] [0m[0m    Ok(views.html.register(registerForm))[0m
[0m[[0m[31merror[0m] [0m[0m                           ^[0m
[0m[[0m[31merror[0m] [0m[0m/Users/io/GitHub/WebProjects/Fullstack/tea-growth-record/server/app/controllers/AuthController.scala:67:16: constructor cannot be instantiated to expected type;[0m
[0m[[0m[31merror[0m] [0m[0m found   : Some[A][0m
[0m[[0m[31merror[0m] [0m[0m required: scala.concurrent.Future[Option[models.User]][0m
[0m[[0m[31merror[0m] [0m[0m          case Some(user) if user.verifyPassword(loginData.password) =>[0m
[0m[[0m[31merror[0m] [0m[0m               ^[0m
[0m[[0m[31merror[0m] [0m[0m/Users/io/GitHub/WebProjects/Fullstack/tea-growth-record/server/app/controllers/AuthController.scala:91:21: value getUserById is not a member of services.UserService[0m
[0m[[0m[31merror[0m] [0m[0m        userService.getUserById(userId).map {[0m
[0m[[0m[31merror[0m] [0m[0m                    ^[0m
[0m[[0m[31merror[0m] [0m[0m/Users/io/GitHub/WebProjects/Fullstack/tea-growth-record/server/app/controllers/AuthController.scala:93:46: diverging implicit expansion for type play.api.libs.json.Writes[T1][0m
[0m[[0m[31merror[0m] [0m[0mstarting with method Tuple22W in trait GeneratedWrites[0m
[0m[[0m[31merror[0m] [0m[0m            Ok(Json.obj("user" -> Json.toJson(user)))[0m
[0m[[0m[31merror[0m] [0m[0m                                             ^[0m
[0m[[0m[31merror[0m] [0m[0m/Users/io/GitHub/WebProjects/Fullstack/tea-growth-record/server/app/controllers/AuthController.scala:116:16: constructor cannot be instantiated to expected type;[0m
[0m[[0m[31merror[0m] [0m[0m found   : Some[A][0m
[0m[[0m[31merror[0m] [0m[0m required: scala.concurrent.Future[Option[models.User]][0m
[0m[[0m[31merror[0m] [0m[0m          case Some(_) =>[0m
[0m[[0m[31merror[0m] [0m[0m               ^[0m
[0m[[0m[31merror[0m] [0m[0m/Users/io/GitHub/WebProjects/Fullstack/tea-growth-record/server/app/controllers/AuthController.scala:119:16: pattern type is incompatible with expected type;[0m
[0m[[0m[31merror[0m] [0m[0m found   : None.type[0m
[0m[[0m[31merror[0m] [0m[0m required: scala.concurrent.Future[Option[models.User]][0m
[0m[[0m[31merror[0m] [0m[0m          case None =>[0m
[0m[[0m[31merror[0m] [0m[0m               ^[0m
[0m[[0m[31merror[0m] [0m[0m/Users/io/GitHub/WebProjects/Fullstack/tea-growth-record/server/app/controllers/AuthController.scala:128:31: not enough arguments for method create: (username: String, email: String, password: String): scala.concurrent.Future[Option[models.User]].[0m
[0m[[0m[31merror[0m] [0m[0mUnspecified value parameters email, password.[0m
[0m[[0m[31merror[0m] [0m[0m            userService.create(user) match {[0m
[0m[[0m[31merror[0m] [0m[0m                              ^[0m
[0m[[0m[31merror[0m] [0m[0m/Users/io/GitHub/WebProjects/Fullstack/tea-growth-record/server/app/controllers/AuthController.scala:132:40: diverging implicit expansion for type play.api.libs.json.Writes[T1][0m
[0m[[0m[31merror[0m] [0m[0mstarting with method Tuple22W in trait GeneratedWrites[0m
[0m[[0m[31merror[0m] [0m[0m                  "user" -> Json.toJson(createdUser)))[0m
[0m[[0m[31merror[0m] [0m[0m                                       ^[0m
[0m[[0m[31merror[0m] [0m[0m/Users/io/GitHub/WebProjects/Fullstack/tea-growth-record/server/app/controllers/AuthController.scala:162:31: not enough arguments for method create: (username: String, email: String, password: String): scala.concurrent.Future[Option[models.User]].[0m
[0m[[0m[31merror[0m] [0m[0mUnspecified value parameters email, password.[0m
[0m[[0m[31merror[0m] [0m[0m            userService.create(user).map {[0m
[0m[[0m[31merror[0m] [0m[0m                              ^[0m
[0m[[0m[31merror[0m] [0m[0m/Users/io/GitHub/WebProjects/Fullstack/tea-growth-record/server/app/controllers/AuthController.scala:163:60: diverging implicit expansion for type play.api.libs.json.Writes[Any][0m
[0m[[0m[31merror[0m] [0m[0mstarting with method Tuple22W in trait GeneratedWrites[0m
[0m[[0m[31merror[0m] [0m[0m              case Some(createdUser) => Created(Json.toJson(createdUser))[0m
[0m[[0m[31merror[0m] [0m[0m                                                           ^[0m
[0m[[0m[33mwarn[0m] [0m[0m/Users/io/GitHub/WebProjects/Fullstack/tea-growth-record/server/app/controllers/AuthController.scala:57:15: Auto-application to `()` is deprecated. Supply the empty argument list `()` explicitly to invoke method bindFromRequest,[0m
[0m[[0m[33mwarn[0m] [0m[0mor remove the empty argument list from its definition (Java-defined methods are exempt).[0m
[0m[[0m[33mwarn[0m] [0m[0mIn Scala 3, an unapplied method like this will be eta-expanded into a function. [quickfixable][0m
[0m[[0m[33mwarn[0m] [0m[0m    loginForm.bindFromRequest.fold([0m
[0m[[0m[33mwarn[0m] [0m[0m              ^[0m
[0m[[0m[33mwarn[0m] [0m[0m/Users/io/GitHub/WebProjects/Fullstack/tea-growth-record/server/app/controllers/AuthController.scala:106:18: Auto-application to `()` is deprecated. Supply the empty argument list `()` explicitly to invoke method bindFromRequest,[0m
[0m[[0m[33mwarn[0m] [0m[0mor remove the empty argument list from its definition (Java-defined methods are exempt).[0m
[0m[[0m[33mwarn[0m] [0m[0mIn Scala 3, an unapplied method like this will be eta-expanded into a function. [quickfixable][0m
[0m[[0m[33mwarn[0m] [0m[0m    registerForm.bindFromRequest.fold([0m
[0m[[0m[33mwarn[0m] [0m[0m                 ^[0m
[0m[[0m[31merror[0m] [0m[0m/Users/io/GitHub/WebProjects/Fullstack/tea-growth-record/server/app/repositories/UserRepository.scala:22:13: not enough arguments for method apply: (id: Option[Long], username: String, email: String, passwordHash: String, createdAt: Option[java.sql.Timestamp], updatedAt: Option[java.sql.Timestamp]): models.User in object User.[0m
[0m[[0m[31merror[0m] [0m[0mUnspecified value parameter updatedAt.[0m
[0m[[0m[31merror[0m] [0m[0m        User(t._1, t._2, t._3, t._4, t._5),[0m
[0m[[0m[31merror[0m] [0m[0m            ^[0m
[0m[[0m[31merror[0m] [0m[0m/Users/io/GitHub/WebProjects/Fullstack/tea-growth-record/server/app/repositories/UserRepository.scala:23:28: type mismatch;[0m
[0m[[0m[31merror[0m] [0m[0m found   : Option[Long][0m
[0m[[0m[31merror[0m] [0m[0m required: Long[0m
[0m[[0m[31merror[0m] [0m[0m      (u: User) => Some((u.id, u.email, u.password, u.createdAt, u.updatedAt)))[0m
[0m[[0m[31merror[0m] [0m[0m                           ^[0m
[0m[[0m[31merror[0m] [0m[0m/Users/io/GitHub/WebProjects/Fullstack/tea-growth-record/server/app/repositories/UserRepository.scala:23:43: value password is not a member of models.User[0m
[0m[[0m[31merror[0m] [0m[0m      (u: User) => Some((u.id, u.email, u.password, u.createdAt, u.updatedAt)))[0m
[0m[[0m[31merror[0m] [0m[0m                                          ^[0m
[0m[[0m[31merror[0m] [0m[0m/Users/io/GitHub/WebProjects/Fullstack/tea-growth-record/server/app/repositories/UserRepository.scala:23:55: type mismatch;[0m
[0m[[0m[31merror[0m] [0m[0m found   : Option[java.sql.Timestamp][0m
[0m[[0m[31merror[0m] [0m[0m required: java.sql.Timestamp[0m
[0m[[0m[31merror[0m] [0m[0m      (u: User) => Some((u.id, u.email, u.password, u.createdAt, u.updatedAt)))[0m
[0m[[0m[31merror[0m] [0m[0m                                                      ^[0m
[0m[[0m[31merror[0m] [0m[0m/Users/io/GitHub/WebProjects/Fullstack/tea-growth-record/server/app/repositories/UserRepository.scala:23:68: type mismatch;[0m
[0m[[0m[31merror[0m] [0m[0m found   : Option[java.sql.Timestamp][0m
[0m[[0m[31merror[0m] [0m[0m required: java.sql.Timestamp[0m
[0m[[0m[31merror[0m] [0m[0m      (u: User) => Some((u.id, u.email, u.password, u.createdAt, u.updatedAt)))[0m
[0m[[0m[31merror[0m] [0m[0m                                                                   ^[0m
[0m[[0m[31merror[0m] [0m[0m/Users/io/GitHub/WebProjects/Fullstack/tea-growth-record/server/app/repositories/UserRepository.scala:20:57: polymorphic expression cannot be instantiated to expected type;[0m
[0m[[0m[31merror[0m] [0m[0m found   : [R]slick.lifted.MappedProjection[R,(Long, String, String, java.sql.Timestamp, java.sql.Timestamp)][0m
[0m[[0m[31merror[0m] [0m[0m required: slick.lifted.ProvenShape[models.User][0m
[0m[[0m[31merror[0m] [0m[0m    def * = (id, email, password, createdAt, updatedAt) <> ([0m
[0m[[0m[31merror[0m] [0m[0m                                                        ^[0m
[0m[[0m[31merror[0m] [0m[0m/Users/io/GitHub/WebProjects/Fullstack/tea-growth-record/server/app/repositories/UserRepository.scala:38:20: not enough arguments for method apply: (id: Option[Long], username: String, email: String, passwordHash: String, createdAt: Option[java.sql.Timestamp], updatedAt: Option[java.sql.Timestamp]): models.User in object User.[0m
[0m[[0m[31merror[0m] [0m[0mUnspecified value parameter updatedAt.[0m
[0m[[0m[31merror[0m] [0m[0m    val user = User(0L, email, password, now, now)[0m
[0m[[0m[31merror[0m] [0m[0m                   ^[0m
[0m[[0m[33mwarn[0m] [0m[0mtwo warnings found[0m
[0m[[0m[31merror[0m] [0m[0m18 errors found[0m
[0m[[0m[31merror[0m] [0m[0m(Compile / [31mcompileIncremental[0m) Compilation failed[0m
[0m[[0m[0mdebug[0m] [0m[0mRunning task... Cancel: Signal, check cycles: false, forcegc: true[0m
[0m[[0m[0mdebug[0m] [0m[0mRunning task... Cancel: Signal, check cycles: false, forcegc: true[0m
[0m[[0m[0mdebug[0m] [0m[0mRunning task... Cancel: Signal, check cycles: false, forcegc: true[0m
[0m[[0m[0minfo[0m] [0m[0mcompiling 9 Scala sources to /Users/io/GitHub/WebProjects/Fullstack/tea-growth-record/server/target/scala-2.13/classes ...[0m
[0m[[0m[31merror[0m] [0m[0m/Users/io/GitHub/WebProjects/Fullstack/tea-growth-record/server/app/controllers/AuthController.scala:43:25: type mismatch;[0m
[0m[[0m[31merror[0m] [0m[0m found   : play.api.data.Form[controllers.LoginData][0m
[0m[[0m[31merror[0m] [0m[0m required: play.api.data.Form[forms.Forms.LoginData][0m
[0m[[0m[31merror[0m] [0m[0m    Ok(views.html.login(loginForm))[0m
[0m[[0m[31merror[0m] [0m[0m                        ^[0m
[0m[[0m[31merror[0m] [0m[0m/Users/io/GitHub/WebProjects/Fullstack/tea-growth-record/server/app/controllers/AuthController.scala:50:28: type mismatch;[0m
[0m[[0m[31merror[0m] [0m[0m found   : play.api.data.Form[controllers.RegisterData][0m
[0m[[0m[31merror[0m] [0m[0m required: play.api.data.Form[forms.Forms.RegisterData][0m
[0m[[0m[31merror[0m] [0m[0m    Ok(views.html.register(registerForm))[0m
[0m[[0m[31merror[0m] [0m[0m                           ^[0m
[0m[[0m[31merror[0m] [0m[0m/Users/io/GitHub/WebProjects/Fullstack/tea-growth-record/server/app/controllers/AuthController.scala:67:16: constructor cannot be instantiated to expected type;[0m
[0m[[0m[31merror[0m] [0m[0m found   : Some[A][0m
[0m[[0m[31merror[0m] [0m[0m required: scala.concurrent.Future[Option[models.User]][0m
[0m[[0m[31merror[0m] [0m[0m          case Some(user) if user.verifyPassword(loginData.password) =>[0m
[0m[[0m[31merror[0m] [0m[0m               ^[0m
[0m[[0m[31merror[0m] [0m[0m/Users/io/GitHub/WebProjects/Fullstack/tea-growth-record/server/app/controllers/AuthController.scala:91:21: value getUserById is not a member of services.UserService[0m
[0m[[0m[31merror[0m] [0m[0m        userService.getUserById(userId).map {[0m
[0m[[0m[31merror[0m] [0m[0m                    ^[0m
[0m[[0m[31merror[0m] [0m[0m/Users/io/GitHub/WebProjects/Fullstack/tea-growth-record/server/app/controllers/AuthController.scala:93:46: diverging implicit expansion for type play.api.libs.json.Writes[T1][0m
[0m[[0m[31merror[0m] [0m[0mstarting with method Tuple22W in trait GeneratedWrites[0m
[0m[[0m[31merror[0m] [0m[0m            Ok(Json.obj("user" -> Json.toJson(user)))[0m
[0m[[0m[31merror[0m] [0m[0m                                             ^[0m
[0m[[0m[31merror[0m] [0m[0m/Users/io/GitHub/WebProjects/Fullstack/tea-growth-record/server/app/controllers/AuthController.scala:116:16: constructor cannot be instantiated to expected type;[0m
[0m[[0m[31merror[0m] [0m[0m found   : Some[A][0m
[0m[[0m[31merror[0m] [0m[0m required: scala.concurrent.Future[Option[models.User]][0m
[0m[[0m[31merror[0m] [0m[0m          case Some(_) =>[0m
[0m[[0m[31merror[0m] [0m[0m               ^[0m
[0m[[0m[31merror[0m] [0m[0m/Users/io/GitHub/WebProjects/Fullstack/tea-growth-record/server/app/controllers/AuthController.scala:119:16: pattern type is incompatible with expected type;[0m
[0m[[0m[31merror[0m] [0m[0m found   : None.type[0m
[0m[[0m[31merror[0m] [0m[0m required: scala.concurrent.Future[Option[models.User]][0m
[0m[[0m[31merror[0m] [0m[0m          case None =>[0m
[0m[[0m[31merror[0m] [0m[0m               ^[0m
[0m[[0m[31merror[0m] [0m[0m/Users/io/GitHub/WebProjects/Fullstack/tea-growth-record/server/app/controllers/AuthController.scala:128:31: not enough arguments for method create: (username: String, email: String, password: String): scala.concurrent.Future[Option[models.User]].[0m
[0m[[0m[31merror[0m] [0m[0mUnspecified value parameters email, password.[0m
[0m[[0m[31merror[0m] [0m[0m            userService.create(user) match {[0m
[0m[[0m[31merror[0m] [0m[0m                              ^[0m
[0m[[0m[31merror[0m] [0m[0m/Users/io/GitHub/WebProjects/Fullstack/tea-growth-record/server/app/controllers/AuthController.scala:132:40: diverging implicit expansion for type play.api.libs.json.Writes[T1][0m
[0m[[0m[31merror[0m] [0m[0mstarting with method Tuple22W in trait GeneratedWrites[0m
[0m[[0m[31merror[0m] [0m[0m                  "user" -> Json.toJson(createdUser)))[0m
[0m[[0m[31merror[0m] [0m[0m                                       ^[0m
[0m[[0m[31merror[0m] [0m[0m/Users/io/GitHub/WebProjects/Fullstack/tea-growth-record/server/app/controllers/AuthController.scala:162:31: not enough arguments for method create: (username: String, email: String, password: String): scala.concurrent.Future[Option[models.User]].[0m
[0m[[0m[31merror[0m] [0m[0mUnspecified value parameters email, password.[0m
[0m[[0m[31merror[0m] [0m[0m            userService.create(user).map {[0m
[0m[[0m[31merror[0m] [0m[0m                              ^[0m
[0m[[0m[31merror[0m] [0m[0m/Users/io/GitHub/WebProjects/Fullstack/tea-growth-record/server/app/controllers/AuthController.scala:163:60: diverging implicit expansion for type play.api.libs.json.Writes[Any][0m
[0m[[0m[31merror[0m] [0m[0mstarting with method Tuple22W in trait GeneratedWrites[0m
[0m[[0m[31merror[0m] [0m[0m              case Some(createdUser) => Created(Json.toJson(createdUser))[0m
[0m[[0m[31merror[0m] [0m[0m                                                           ^[0m
[0m[[0m[33mwarn[0m] [0m[0m/Users/io/GitHub/WebProjects/Fullstack/tea-growth-record/server/app/controllers/AuthController.scala:57:15: Auto-application to `()` is deprecated. Supply the empty argument list `()` explicitly to invoke method bindFromRequest,[0m
[0m[[0m[33mwarn[0m] [0m[0mor remove the empty argument list from its definition (Java-defined methods are exempt).[0m
[0m[[0m[33mwarn[0m] [0m[0mIn Scala 3, an unapplied method like this will be eta-expanded into a function. [quickfixable][0m
[0m[[0m[33mwarn[0m] [0m[0m    loginForm.bindFromRequest.fold([0m
[0m[[0m[33mwarn[0m] [0m[0m              ^[0m
[0m[[0m[33mwarn[0m] [0m[0m/Users/io/GitHub/WebProjects/Fullstack/tea-growth-record/server/app/controllers/AuthController.scala:106:18: Auto-application to `()` is deprecated. Supply the empty argument list `()` explicitly to invoke method bindFromRequest,[0m
[0m[[0m[33mwarn[0m] [0m[0mor remove the empty argument list from its definition (Java-defined methods are exempt).[0m
[0m[[0m[33mwarn[0m] [0m[0mIn Scala 3, an unapplied method like this will be eta-expanded into a function. [quickfixable][0m
[0m[[0m[33mwarn[0m] [0m[0m    registerForm.bindFromRequest.fold([0m
[0m[[0m[33mwarn[0m] [0m[0m                 ^[0m
[0m[[0m[31merror[0m] [0m[0m/Users/io/GitHub/WebProjects/Fullstack/tea-growth-record/server/app/repositories/UserRepository.scala:22:13: not enough arguments for method apply: (id: Option[Long], username: String, email: String, passwordHash: String, createdAt: Option[java.sql.Timestamp], updatedAt: Option[java.sql.Timestamp]): models.User in object User.[0m
[0m[[0m[31merror[0m] [0m[0mUnspecified value parameter updatedAt.[0m
[0m[[0m[31merror[0m] [0m[0m        User(t._1, t._2, t._3, t._4, t._5),[0m
[0m[[0m[31merror[0m] [0m[0m            ^[0m
[0m[[0m[31merror[0m] [0m[0m/Users/io/GitHub/WebProjects/Fullstack/tea-growth-record/server/app/repositories/UserRepository.scala:23:28: type mismatch;[0m
[0m[[0m[31merror[0m] [0m[0m found   : Option[Long][0m
[0m[[0m[31merror[0m] [0m[0m required: Long[0m
[0m[[0m[31merror[0m] [0m[0m      (u: User) => Some((u.id, u.email, u.password, u.createdAt, u.updatedAt)))[0m
[0m[[0m[31merror[0m] [0m[0m                           ^[0m
[0m[[0m[31merror[0m] [0m[0m/Users/io/GitHub/WebProjects/Fullstack/tea-growth-record/server/app/repositories/UserRepository.scala:23:43: value password is not a member of models.User[0m
[0m[[0m[31merror[0m] [0m[0m      (u: User) => Some((u.id, u.email, u.password, u.createdAt, u.updatedAt)))[0m
[0m[[0m[31merror[0m] [0m[0m                                          ^[0m
[0m[[0m[31merror[0m] [0m[0m/Users/io/GitHub/WebProjects/Fullstack/tea-growth-record/server/app/repositories/UserRepository.scala:23:55: type mismatch;[0m
[0m[[0m[31merror[0m] [0m[0m found   : Option[java.sql.Timestamp][0m
[0m[[0m[31merror[0m] [0m[0m required: java.sql.Timestamp[0m
[0m[[0m[31merror[0m] [0m[0m      (u: User) => Some((u.id, u.email, u.password, u.createdAt, u.updatedAt)))[0m
[0m[[0m[31merror[0m] [0m[0m                                                      ^[0m
[0m[[0m[31merror[0m] [0m[0m/Users/io/GitHub/WebProjects/Fullstack/tea-growth-record/server/app/repositories/UserRepository.scala:23:68: type mismatch;[0m
[0m[[0m[31merror[0m] [0m[0m found   : Option[java.sql.Timestamp][0m
[0m[[0m[31merror[0m] [0m[0m required: java.sql.Timestamp[0m
[0m[[0m[31merror[0m] [0m[0m      (u: User) => Some((u.id, u.email, u.password, u.createdAt, u.updatedAt)))[0m
[0m[[0m[31merror[0m] [0m[0m                                                                   ^[0m
[0m[[0m[31merror[0m] [0m[0m/Users/io/GitHub/WebProjects/Fullstack/tea-growth-record/server/app/repositories/UserRepository.scala:20:57: polymorphic expression cannot be instantiated to expected type;[0m
[0m[[0m[31merror[0m] [0m[0m found   : [R]slick.lifted.MappedProjection[R,(Long, String, String, java.sql.Timestamp, java.sql.Timestamp)][0m
[0m[[0m[31merror[0m] [0m[0m required: slick.lifted.ProvenShape[models.User][0m
[0m[[0m[31merror[0m] [0m[0m    def * = (id, email, password, createdAt, updatedAt) <> ([0m
[0m[[0m[31merror[0m] [0m[0m                                                        ^[0m
[0m[[0m[31merror[0m] [0m[0m/Users/io/GitHub/WebProjects/Fullstack/tea-growth-record/server/app/repositories/UserRepository.scala:38:20: not enough arguments for method apply: (id: Option[Long], username: String, email: String, passwordHash: String, createdAt: Option[java.sql.Timestamp], updatedAt: Option[java.sql.Timestamp]): models.User in object User.[0m
[0m[[0m[31merror[0m] [0m[0mUnspecified value parameter updatedAt.[0m
[0m[[0m[31merror[0m] [0m[0m    val user = User(0L, email, password, now, now)[0m
[0m[[0m[31merror[0m] [0m[0m                   ^[0m
[0m[[0m[33mwarn[0m] [0m[0mtwo warnings found[0m
[0m[[0m[31merror[0m] [0m[0m18 errors found[0m
[0m[[0m[31merror[0m] [0m[0m(Compile / [31mcompileIncremental[0m) Compilation failed[0m
[0m[[0m[0mdebug[0m] [0m[0mRunning task... Cancel: Signal, check cycles: false, forcegc: true[0m
[0m[[0m[0mdebug[0m] [0m[0mRunning task... Cancel: Signal, check cycles: false, forcegc: true[0m
[0m[[0m[0mdebug[0m] [0m[0mRunning task... Cancel: Signal, check cycles: false, forcegc: true[0m
[0m[[0m[0minfo[0m] [0m[0mcompiling 9 Scala sources to /Users/io/GitHub/WebProjects/Fullstack/tea-growth-record/server/target/scala-2.13/classes ...[0m
[0m[[0m[31merror[0m] [0m[0m/Users/io/GitHub/WebProjects/Fullstack/tea-growth-record/server/app/controllers/AuthController.scala:43:25: type mismatch;[0m
[0m[[0m[31merror[0m] [0m[0m found   : play.api.data.Form[controllers.LoginData][0m
[0m[[0m[31merror[0m] [0m[0m required: play.api.data.Form[forms.Forms.LoginData][0m
[0m[[0m[31merror[0m] [0m[0m    Ok(views.html.login(loginForm))[0m
[0m[[0m[31merror[0m] [0m[0m                        ^[0m
[0m[[0m[31merror[0m] [0m[0m/Users/io/GitHub/WebProjects/Fullstack/tea-growth-record/server/app/controllers/AuthController.scala:50:28: type mismatch;[0m
[0m[[0m[31merror[0m] [0m[0m found   : play.api.data.Form[controllers.RegisterData][0m
[0m[[0m[31merror[0m] [0m[0m required: play.api.data.Form[forms.Forms.RegisterData][0m
[0m[[0m[31merror[0m] [0m[0m    Ok(views.html.register(registerForm))[0m
[0m[[0m[31merror[0m] [0m[0m                           ^[0m
[0m[[0m[31merror[0m] [0m[0m/Users/io/GitHub/WebProjects/Fullstack/tea-growth-record/server/app/controllers/AuthController.scala:67:16: constructor cannot be instantiated to expected type;[0m
[0m[[0m[31merror[0m] [0m[0m found   : Some[A][0m
[0m[[0m[31merror[0m] [0m[0m required: scala.concurrent.Future[Option[models.User]][0m
[0m[[0m[31merror[0m] [0m[0m          case Some(user) if user.verifyPassword(loginData.password) =>[0m
[0m[[0m[31merror[0m] [0m[0m               ^[0m
[0m[[0m[31merror[0m] [0m[0m/Users/io/GitHub/WebProjects/Fullstack/tea-growth-record/server/app/controllers/AuthController.scala:91:21: value getUserById is not a member of services.UserService[0m
[0m[[0m[31merror[0m] [0m[0m        userService.getUserById(userId).map {[0m
[0m[[0m[31merror[0m] [0m[0m                    ^[0m
[0m[[0m[31merror[0m] [0m[0m/Users/io/GitHub/WebProjects/Fullstack/tea-growth-record/server/app/controllers/AuthController.scala:93:46: diverging implicit expansion for type play.api.libs.json.Writes[T1][0m
[0m[[0m[31merror[0m] [0m[0mstarting with method Tuple22W in trait GeneratedWrites[0m
[0m[[0m[31merror[0m] [0m[0m            Ok(Json.obj("user" -> Json.toJson(user)))[0m
[0m[[0m[31merror[0m] [0m[0m                                             ^[0m
[0m[[0m[31merror[0m] [0m[0m/Users/io/GitHub/WebProjects/Fullstack/tea-growth-record/server/app/controllers/AuthController.scala:116:16: constructor cannot be instantiated to expected type;[0m
[0m[[0m[31merror[0m] [0m[0m found   : Some[A][0m
[0m[[0m[31merror[0m] [0m[0m required: scala.concurrent.Future[Option[models.User]][0m
[0m[[0m[31merror[0m] [0m[0m          case Some(_) =>[0m
[0m[[0m[31merror[0m] [0m[0m               ^[0m
[0m[[0m[31merror[0m] [0m[0m/Users/io/GitHub/WebProjects/Fullstack/tea-growth-record/server/app/controllers/AuthController.scala:119:16: pattern type is incompatible with expected type;[0m
[0m[[0m[31merror[0m] [0m[0m found   : None.type[0m
[0m[[0m[31merror[0m] [0m[0m required: scala.concurrent.Future[Option[models.User]][0m
[0m[[0m[31merror[0m] [0m[0m          case None =>[0m
[0m[[0m[31merror[0m] [0m[0m               ^[0m
[0m[[0m[31merror[0m] [0m[0m/Users/io/GitHub/WebProjects/Fullstack/tea-growth-record/server/app/controllers/AuthController.scala:128:31: not enough arguments for method create: (username: String, email: String, password: String): scala.concurrent.Future[Option[models.User]].[0m
[0m[[0m[31merror[0m] [0m[0mUnspecified value parameters email, password.[0m
[0m[[0m[31merror[0m] [0m[0m            userService.create(user) match {[0m
[0m[[0m[31merror[0m] [0m[0m                              ^[0m
[0m[[0m[31merror[0m] [0m[0m/Users/io/GitHub/WebProjects/Fullstack/tea-growth-record/server/app/controllers/AuthController.scala:132:40: diverging implicit expansion for type play.api.libs.json.Writes[T1][0m
[0m[[0m[31merror[0m] [0m[0mstarting with method Tuple22W in trait GeneratedWrites[0m
[0m[[0m[31merror[0m] [0m[0m                  "user" -> Json.toJson(createdUser)))[0m
[0m[[0m[31merror[0m] [0m[0m                                       ^[0m
[0m[[0m[31merror[0m] [0m[0m/Users/io/GitHub/WebProjects/Fullstack/tea-growth-record/server/app/controllers/AuthController.scala:162:31: not enough arguments for method create: (username: String, email: String, password: String): scala.concurrent.Future[Option[models.User]].[0m
[0m[[0m[31merror[0m] [0m[0mUnspecified value parameters email, password.[0m
[0m[[0m[31merror[0m] [0m[0m            userService.create(user).map {[0m
[0m[[0m[31merror[0m] [0m[0m                              ^[0m
[0m[[0m[31merror[0m] [0m[0m/Users/io/GitHub/WebProjects/Fullstack/tea-growth-record/server/app/controllers/AuthController.scala:163:60: diverging implicit expansion for type play.api.libs.json.Writes[Any][0m
[0m[[0m[31merror[0m] [0m[0mstarting with method Tuple22W in trait GeneratedWrites[0m
[0m[[0m[31merror[0m] [0m[0m              case Some(createdUser) => Created(Json.toJson(createdUser))[0m
[0m[[0m[31merror[0m] [0m[0m                                                           ^[0m
[0m[[0m[33mwarn[0m] [0m[0m/Users/io/GitHub/WebProjects/Fullstack/tea-growth-record/server/app/controllers/AuthController.scala:57:15: Auto-application to `()` is deprecated. Supply the empty argument list `()` explicitly to invoke method bindFromRequest,[0m
[0m[[0m[33mwarn[0m] [0m[0mor remove the empty argument list from its definition (Java-defined methods are exempt).[0m
[0m[[0m[33mwarn[0m] [0m[0mIn Scala 3, an unapplied method like this will be eta-expanded into a function. [quickfixable][0m
[0m[[0m[33mwarn[0m] [0m[0m    loginForm.bindFromRequest.fold([0m
[0m[[0m[33mwarn[0m] [0m[0m              ^[0m
[0m[[0m[33mwarn[0m] [0m[0m/Users/io/GitHub/WebProjects/Fullstack/tea-growth-record/server/app/controllers/AuthController.scala:106:18: Auto-application to `()` is deprecated. Supply the empty argument list `()` explicitly to invoke method bindFromRequest,[0m
[0m[[0m[33mwarn[0m] [0m[0mor remove the empty argument list from its definition (Java-defined methods are exempt).[0m
[0m[[0m[33mwarn[0m] [0m[0mIn Scala 3, an unapplied method like this will be eta-expanded into a function. [quickfixable][0m
[0m[[0m[33mwarn[0m] [0m[0m    registerForm.bindFromRequest.fold([0m
[0m[[0m[33mwarn[0m] [0m[0m                 ^[0m
[0m[[0m[31merror[0m] [0m[0m/Users/io/GitHub/WebProjects/Fullstack/tea-growth-record/server/app/repositories/UserRepository.scala:22:13: not enough arguments for method apply: (id: Option[Long], username: String, email: String, passwordHash: String, createdAt: Option[java.sql.Timestamp], updatedAt: Option[java.sql.Timestamp]): models.User in object User.[0m
[0m[[0m[31merror[0m] [0m[0mUnspecified value parameter updatedAt.[0m
[0m[[0m[31merror[0m] [0m[0m        User(t._1, t._2, t._3, t._4, t._5),[0m
[0m[[0m[31merror[0m] [0m[0m            ^[0m
[0m[[0m[31merror[0m] [0m[0m/Users/io/GitHub/WebProjects/Fullstack/tea-growth-record/server/app/repositories/UserRepository.scala:23:28: type mismatch;[0m
[0m[[0m[31merror[0m] [0m[0m found   : Option[Long][0m
[0m[[0m[31merror[0m] [0m[0m required: Long[0m
[0m[[0m[31merror[0m] [0m[0m      (u: User) => Some((u.id, u.email, u.password, u.createdAt, u.updatedAt)))[0m
[0m[[0m[31merror[0m] [0m[0m                           ^[0m
[0m[[0m[31merror[0m] [0m[0m/Users/io/GitHub/WebProjects/Fullstack/tea-growth-record/server/app/repositories/UserRepository.scala:23:43: value password is not a member of models.User[0m
[0m[[0m[31merror[0m] [0m[0m      (u: User) => Some((u.id, u.email, u.password, u.createdAt, u.updatedAt)))[0m
[0m[[0m[31merror[0m] [0m[0m                                          ^[0m
[0m[[0m[31merror[0m] [0m[0m/Users/io/GitHub/WebProjects/Fullstack/tea-growth-record/server/app/repositories/UserRepository.scala:23:55: type mismatch;[0m
[0m[[0m[31merror[0m] [0m[0m found   : Option[java.sql.Timestamp][0m
[0m[[0m[31merror[0m] [0m[0m required: java.sql.Timestamp[0m
[0m[[0m[31merror[0m] [0m[0m      (u: User) => Some((u.id, u.email, u.password, u.createdAt, u.updatedAt)))[0m
[0m[[0m[31merror[0m] [0m[0m                                                      ^[0m
[0m[[0m[31merror[0m] [0m[0m/Users/io/GitHub/WebProjects/Fullstack/tea-growth-record/server/app/repositories/UserRepository.scala:23:68: type mismatch;[0m
[0m[[0m[31merror[0m] [0m[0m found   : Option[java.sql.Timestamp][0m
[0m[[0m[31merror[0m] [0m[0m required: java.sql.Timestamp[0m
[0m[[0m[31merror[0m] [0m[0m      (u: User) => Some((u.id, u.email, u.password, u.createdAt, u.updatedAt)))[0m
[0m[[0m[31merror[0m] [0m[0m                                                                   ^[0m
[0m[[0m[31merror[0m] [0m[0m/Users/io/GitHub/WebProjects/Fullstack/tea-growth-record/server/app/repositories/UserRepository.scala:20:57: polymorphic expression cannot be instantiated to expected type;[0m
[0m[[0m[31merror[0m] [0m[0m found   : [R]slick.lifted.MappedProjection[R,(Long, String, String, java.sql.Timestamp, java.sql.Timestamp)][0m
[0m[[0m[31merror[0m] [0m[0m required: slick.lifted.ProvenShape[models.User][0m
[0m[[0m[31merror[0m] [0m[0m    def * = (id, email, password, createdAt, updatedAt) <> ([0m
[0m[[0m[31merror[0m] [0m[0m                                                        ^[0m
[0m[[0m[31merror[0m] [0m[0m/Users/io/GitHub/WebProjects/Fullstack/tea-growth-record/server/app/repositories/UserRepository.scala:38:20: not enough arguments for method apply: (id: Option[Long], username: String, email: String, passwordHash: String, createdAt: Option[java.sql.Timestamp], updatedAt: Option[java.sql.Timestamp]): models.User in object User.[0m
[0m[[0m[31merror[0m] [0m[0mUnspecified value parameter updatedAt.[0m
[0m[[0m[31merror[0m] [0m[0m    val user = User(0L, email, password, now, now)[0m
[0m[[0m[31merror[0m] [0m[0m                   ^[0m
[0m[[0m[33mwarn[0m] [0m[0mtwo warnings found[0m
[0m[[0m[31merror[0m] [0m[0m18 errors found[0m
[0m[[0m[31merror[0m] [0m[0m(Compile / [31mcompileIncremental[0m) Compilation failed[0m
[0m[[0m[0mdebug[0m] [0m[0mRunning task... Cancel: Signal, check cycles: false, forcegc: true[0m
[0m[[0m[0mdebug[0m] [0m[0mRunning task... Cancel: Signal, check cycles: false, forcegc: true[0m
[0m[[0m[0mdebug[0m] [0m[0mRunning task... Cancel: Signal, check cycles: false, forcegc: true[0m
[0m[[0m[0minfo[0m] [0m[0mcompiling 9 Scala sources to /Users/io/GitHub/WebProjects/Fullstack/tea-growth-record/server/target/scala-2.13/classes ...[0m
[0m[[0m[31merror[0m] [0m[0m/Users/io/GitHub/WebProjects/Fullstack/tea-growth-record/server/app/controllers/AuthController.scala:43:25: type mismatch;[0m
[0m[[0m[31merror[0m] [0m[0m found   : play.api.data.Form[controllers.LoginData][0m
[0m[[0m[31merror[0m] [0m[0m required: play.api.data.Form[forms.Forms.LoginData][0m
[0m[[0m[31merror[0m] [0m[0m    Ok(views.html.login(loginForm))[0m
[0m[[0m[31merror[0m] [0m[0m                        ^[0m
[0m[[0m[31merror[0m] [0m[0m/Users/io/GitHub/WebProjects/Fullstack/tea-growth-record/server/app/controllers/AuthController.scala:50:28: type mismatch;[0m
[0m[[0m[31merror[0m] [0m[0m found   : play.api.data.Form[controllers.RegisterData][0m
[0m[[0m[31merror[0m] [0m[0m required: play.api.data.Form[forms.Forms.RegisterData][0m
[0m[[0m[31merror[0m] [0m[0m    Ok(views.html.register(registerForm))[0m
[0m[[0m[31merror[0m] [0m[0m                           ^[0m
[0m[[0m[31merror[0m] [0m[0m/Users/io/GitHub/WebProjects/Fullstack/tea-growth-record/server/app/controllers/AuthController.scala:67:16: constructor cannot be instantiated to expected type;[0m
[0m[[0m[31merror[0m] [0m[0m found   : Some[A][0m
[0m[[0m[31merror[0m] [0m[0m required: scala.concurrent.Future[Option[models.User]][0m
[0m[[0m[31merror[0m] [0m[0m          case Some(user) if user.verifyPassword(loginData.password) =>[0m
[0m[[0m[31merror[0m] [0m[0m               ^[0m
[0m[[0m[31merror[0m] [0m[0m/Users/io/GitHub/WebProjects/Fullstack/tea-growth-record/server/app/controllers/AuthController.scala:91:21: value getUserById is not a member of services.UserService[0m
[0m[[0m[31merror[0m] [0m[0m        userService.getUserById(userId).map {[0m
[0m[[0m[31merror[0m] [0m[0m                    ^[0m
[0m[[0m[31merror[0m] [0m[0m/Users/io/GitHub/WebProjects/Fullstack/tea-growth-record/server/app/controllers/AuthController.scala:93:46: diverging implicit expansion for type play.api.libs.json.Writes[T1][0m
[0m[[0m[31merror[0m] [0m[0mstarting with method Tuple22W in trait GeneratedWrites[0m
[0m[[0m[31merror[0m] [0m[0m            Ok(Json.obj("user" -> Json.toJson(user)))[0m
[0m[[0m[31merror[0m] [0m[0m                                             ^[0m
[0m[[0m[31merror[0m] [0m[0m/Users/io/GitHub/WebProjects/Fullstack/tea-growth-record/server/app/controllers/AuthController.scala:116:16: constructor cannot be instantiated to expected type;[0m
[0m[[0m[31merror[0m] [0m[0m found   : Some[A][0m
[0m[[0m[31merror[0m] [0m[0m required: scala.concurrent.Future[Option[models.User]][0m
[0m[[0m[31merror[0m] [0m[0m          case Some(_) =>[0m
[0m[[0m[31merror[0m] [0m[0m               ^[0m
[0m[[0m[31merror[0m] [0m[0m/Users/io/GitHub/WebProjects/Fullstack/tea-growth-record/server/app/controllers/AuthController.scala:119:16: pattern type is incompatible with expected type;[0m
[0m[[0m[31merror[0m] [0m[0m found   : None.type[0m
[0m[[0m[31merror[0m] [0m[0m required: scala.concurrent.Future[Option[models.User]][0m
[0m[[0m[31merror[0m] [0m[0m          case None =>[0m
[0m[[0m[31merror[0m] [0m[0m               ^[0m
[0m[[0m[31merror[0m] [0m[0m/Users/io/GitHub/WebProjects/Fullstack/tea-growth-record/server/app/controllers/AuthController.scala:128:31: not enough arguments for method create: (username: String, email: String, password: String): scala.concurrent.Future[Option[models.User]].[0m
[0m[[0m[31merror[0m] [0m[0mUnspecified value parameters email, password.[0m
[0m[[0m[31merror[0m] [0m[0m            userService.create(user) match {[0m
[0m[[0m[31merror[0m] [0m[0m                              ^[0m
[0m[[0m[31merror[0m] [0m[0m/Users/io/GitHub/WebProjects/Fullstack/tea-growth-record/server/app/controllers/AuthController.scala:132:40: diverging implicit expansion for type play.api.libs.json.Writes[T1][0m
[0m[[0m[31merror[0m] [0m[0mstarting with method Tuple22W in trait GeneratedWrites[0m
[0m[[0m[31merror[0m] [0m[0m                  "user" -> Json.toJson(createdUser)))[0m
[0m[[0m[31merror[0m] [0m[0m                                       ^[0m
[0m[[0m[31merror[0m] [0m[0m/Users/io/GitHub/WebProjects/Fullstack/tea-growth-record/server/app/controllers/AuthController.scala:162:31: not enough arguments for method create: (username: String, email: String, password: String): scala.concurrent.Future[Option[models.User]].[0m
[0m[[0m[31merror[0m] [0m[0mUnspecified value parameters email, password.[0m
[0m[[0m[31merror[0m] [0m[0m            userService.create(user).map {[0m
[0m[[0m[31merror[0m] [0m[0m                              ^[0m
[0m[[0m[31merror[0m] [0m[0m/Users/io/GitHub/WebProjects/Fullstack/tea-growth-record/server/app/controllers/AuthController.scala:163:60: diverging implicit expansion for type play.api.libs.json.Writes[Any][0m
[0m[[0m[31merror[0m] [0m[0mstarting with method Tuple22W in trait GeneratedWrites[0m
[0m[[0m[31merror[0m] [0m[0m              case Some(createdUser) => Created(Json.toJson(createdUser))[0m
[0m[[0m[31merror[0m] [0m[0m                                                           ^[0m
[0m[[0m[33mwarn[0m] [0m[0m/Users/io/GitHub/WebProjects/Fullstack/tea-growth-record/server/app/controllers/AuthController.scala:57:15: Auto-application to `()` is deprecated. Supply the empty argument list `()` explicitly to invoke method bindFromRequest,[0m
[0m[[0m[33mwarn[0m] [0m[0mor remove the empty argument list from its definition (Java-defined methods are exempt).[0m
[0m[[0m[33mwarn[0m] [0m[0mIn Scala 3, an unapplied method like this will be eta-expanded into a function. [quickfixable][0m
[0m[[0m[33mwarn[0m] [0m[0m    loginForm.bindFromRequest.fold([0m
[0m[[0m[33mwarn[0m] [0m[0m              ^[0m
[0m[[0m[33mwarn[0m] [0m[0m/Users/io/GitHub/WebProjects/Fullstack/tea-growth-record/server/app/controllers/AuthController.scala:106:18: Auto-application to `()` is deprecated. Supply the empty argument list `()` explicitly to invoke method bindFromRequest,[0m
[0m[[0m[33mwarn[0m] [0m[0mor remove the empty argument list from its definition (Java-defined methods are exempt).[0m
[0m[[0m[33mwarn[0m] [0m[0mIn Scala 3, an unapplied method like this will be eta-expanded into a function. [quickfixable][0m
[0m[[0m[33mwarn[0m] [0m[0m    registerForm.bindFromRequest.fold([0m
[0m[[0m[33mwarn[0m] [0m[0m                 ^[0m
[0m[[0m[31merror[0m] [0m[0m/Users/io/GitHub/WebProjects/Fullstack/tea-growth-record/server/app/repositories/UserRepository.scala:22:13: not enough arguments for method apply: (id: Option[Long], username: String, email: String, passwordHash: String, createdAt: Option[java.sql.Timestamp], updatedAt: Option[java.sql.Timestamp]): models.User in object User.[0m
[0m[[0m[31merror[0m] [0m[0mUnspecified value parameter updatedAt.[0m
[0m[[0m[31merror[0m] [0m[0m        User(t._1, t._2, t._3, t._4, t._5),[0m
[0m[[0m[31merror[0m] [0m[0m            ^[0m
[0m[[0m[31merror[0m] [0m[0m/Users/io/GitHub/WebProjects/Fullstack/tea-growth-record/server/app/repositories/UserRepository.scala:23:28: type mismatch;[0m
[0m[[0m[31merror[0m] [0m[0m found   : Option[Long][0m
[0m[[0m[31merror[0m] [0m[0m required: Long[0m
[0m[[0m[31merror[0m] [0m[0m      (u: User) => Some((u.id, u.email, u.password, u.createdAt, u.updatedAt)))[0m
[0m[[0m[31merror[0m] [0m[0m                           ^[0m
[0m[[0m[31merror[0m] [0m[0m/Users/io/GitHub/WebProjects/Fullstack/tea-growth-record/server/app/repositories/UserRepository.scala:23:43: value password is not a member of models.User[0m
[0m[[0m[31merror[0m] [0m[0m      (u: User) => Some((u.id, u.email, u.password, u.createdAt, u.updatedAt)))[0m
[0m[[0m[31merror[0m] [0m[0m                                          ^[0m
[0m[[0m[31merror[0m] [0m[0m/Users/io/GitHub/WebProjects/Fullstack/tea-growth-record/server/app/repositories/UserRepository.scala:23:55: type mismatch;[0m
[0m[[0m[31merror[0m] [0m[0m found   : Option[java.sql.Timestamp][0m
[0m[[0m[31merror[0m] [0m[0m required: java.sql.Timestamp[0m
[0m[[0m[31merror[0m] [0m[0m      (u: User) => Some((u.id, u.email, u.password, u.createdAt, u.updatedAt)))[0m
[0m[[0m[31merror[0m] [0m[0m                                                      ^[0m
[0m[[0m[31merror[0m] [0m[0m/Users/io/GitHub/WebProjects/Fullstack/tea-growth-record/server/app/repositories/UserRepository.scala:23:68: type mismatch;[0m
[0m[[0m[31merror[0m] [0m[0m found   : Option[java.sql.Timestamp][0m
[0m[[0m[31merror[0m] [0m[0m required: java.sql.Timestamp[0m
[0m[[0m[31merror[0m] [0m[0m      (u: User) => Some((u.id, u.email, u.password, u.createdAt, u.updatedAt)))[0m
[0m[[0m[31merror[0m] [0m[0m                                                                   ^[0m
[0m[[0m[31merror[0m] [0m[0m/Users/io/GitHub/WebProjects/Fullstack/tea-growth-record/server/app/repositories/UserRepository.scala:20:57: polymorphic expression cannot be instantiated to expected type;[0m
[0m[[0m[31merror[0m] [0m[0m found   : [R]slick.lifted.MappedProjection[R,(Long, String, String, java.sql.Timestamp, java.sql.Timestamp)][0m
[0m[[0m[31merror[0m] [0m[0m required: slick.lifted.ProvenShape[models.User][0m
[0m[[0m[31merror[0m] [0m[0m    def * = (id, email, password, createdAt, updatedAt) <> ([0m
[0m[[0m[31merror[0m] [0m[0m                                                        ^[0m
[0m[[0m[31merror[0m] [0m[0m/Users/io/GitHub/WebProjects/Fullstack/tea-growth-record/server/app/repositories/UserRepository.scala:38:20: not enough arguments for method apply: (id: Option[Long], username: String, email: String, passwordHash: String, createdAt: Option[java.sql.Timestamp], updatedAt: Option[java.sql.Timestamp]): models.User in object User.[0m
[0m[[0m[31merror[0m] [0m[0mUnspecified value parameter updatedAt.[0m
[0m[[0m[31merror[0m] [0m[0m    val user = User(0L, email, password, now, now)[0m
[0m[[0m[31merror[0m] [0m[0m                   ^[0m
[0m[[0m[33mwarn[0m] [0m[0mtwo warnings found[0m
[0m[[0m[31merror[0m] [0m[0m18 errors found[0m
[0m[[0m[31merror[0m] [0m[0m(Compile / [31mcompileIncremental[0m) Compilation failed[0m
[0m[[0m[0mdebug[0m] [0m[0mRunning task... Cancel: Signal, check cycles: false, forcegc: true[0m
[0m[[0m[0mdebug[0m] [0m[0mRunning task... Cancel: Signal, check cycles: false, forcegc: true[0m
[0m[[0m[0mdebug[0m] [0m[0mRunning task... Cancel: Signal, check cycles: false, forcegc: true[0m
[0m[[0m[0minfo[0m] [0m[0mcompiling 9 Scala sources to /Users/io/GitHub/WebProjects/Fullstack/tea-growth-record/server/target/scala-2.13/classes ...[0m
[0m[[0m[31merror[0m] [0m[0m/Users/io/GitHub/WebProjects/Fullstack/tea-growth-record/server/app/controllers/AuthController.scala:43:25: type mismatch;[0m
[0m[[0m[31merror[0m] [0m[0m found   : play.api.data.Form[controllers.LoginData][0m
[0m[[0m[31merror[0m] [0m[0m required: play.api.data.Form[forms.Forms.LoginData][0m
[0m[[0m[31merror[0m] [0m[0m    Ok(views.html.login(loginForm))[0m
[0m[[0m[31merror[0m] [0m[0m                        ^[0m
[0m[[0m[31merror[0m] [0m[0m/Users/io/GitHub/WebProjects/Fullstack/tea-growth-record/server/app/controllers/AuthController.scala:50:28: type mismatch;[0m
[0m[[0m[31merror[0m] [0m[0m found   : play.api.data.Form[controllers.RegisterData][0m
[0m[[0m[31merror[0m] [0m[0m required: play.api.data.Form[forms.Forms.RegisterData][0m
[0m[[0m[31merror[0m] [0m[0m    Ok(views.html.register(registerForm))[0m
[0m[[0m[31merror[0m] [0m[0m                           ^[0m
[0m[[0m[31merror[0m] [0m[0m/Users/io/GitHub/WebProjects/Fullstack/tea-growth-record/server/app/controllers/AuthController.scala:67:16: constructor cannot be instantiated to expected type;[0m
[0m[[0m[31merror[0m] [0m[0m found   : Some[A][0m
[0m[[0m[31merror[0m] [0m[0m required: scala.concurrent.Future[Option[models.User]][0m
[0m[[0m[31merror[0m] [0m[0m          case Some(user) if user.verifyPassword(loginData.password) =>[0m
[0m[[0m[31merror[0m] [0m[0m               ^[0m
[0m[[0m[31merror[0m] [0m[0m/Users/io/GitHub/WebProjects/Fullstack/tea-growth-record/server/app/controllers/AuthController.scala:91:21: value getUserById is not a member of services.UserService[0m
[0m[[0m[31merror[0m] [0m[0m        userService.getUserById(userId).map {[0m
[0m[[0m[31merror[0m] [0m[0m                    ^[0m
[0m[[0m[31merror[0m] [0m[0m/Users/io/GitHub/WebProjects/Fullstack/tea-growth-record/server/app/controllers/AuthController.scala:93:46: diverging implicit expansion for type play.api.libs.json.Writes[T1][0m
[0m[[0m[31merror[0m] [0m[0mstarting with method Tuple22W in trait GeneratedWrites[0m
[0m[[0m[31merror[0m] [0m[0m            Ok(Json.obj("user" -> Json.toJson(user)))[0m
[0m[[0m[31merror[0m] [0m[0m                                             ^[0m
[0m[[0m[31merror[0m] [0m[0m/Users/io/GitHub/WebProjects/Fullstack/tea-growth-record/server/app/controllers/AuthController.scala:116:16: constructor cannot be instantiated to expected type;[0m
[0m[[0m[31merror[0m] [0m[0m found   : Some[A][0m
[0m[[0m[31merror[0m] [0m[0m required: scala.concurrent.Future[Option[models.User]][0m
[0m[[0m[31merror[0m] [0m[0m          case Some(_) =>[0m
[0m[[0m[31merror[0m] [0m[0m               ^[0m
[0m[[0m[31merror[0m] [0m[0m/Users/io/GitHub/WebProjects/Fullstack/tea-growth-record/server/app/controllers/AuthController.scala:119:16: pattern type is incompatible with expected type;[0m
[0m[[0m[31merror[0m] [0m[0m found   : None.type[0m
[0m[[0m[31merror[0m] [0m[0m required: scala.concurrent.Future[Option[models.User]][0m
[0m[[0m[31merror[0m] [0m[0m          case None =>[0m
[0m[[0m[31merror[0m] [0m[0m               ^[0m
[0m[[0m[31merror[0m] [0m[0m/Users/io/GitHub/WebProjects/Fullstack/tea-growth-record/server/app/controllers/AuthController.scala:128:31: not enough arguments for method create: (username: String, email: String, password: String): scala.concurrent.Future[Option[models.User]].[0m
[0m[[0m[31merror[0m] [0m[0mUnspecified value parameters email, password.[0m
[0m[[0m[31merror[0m] [0m[0m            userService.create(user) match {[0m
[0m[[0m[31merror[0m] [0m[0m                              ^[0m
[0m[[0m[31merror[0m] [0m[0m/Users/io/GitHub/WebProjects/Fullstack/tea-growth-record/server/app/controllers/AuthController.scala:132:40: diverging implicit expansion for type play.api.libs.json.Writes[T1][0m
[0m[[0m[31merror[0m] [0m[0mstarting with method Tuple22W in trait GeneratedWrites[0m
[0m[[0m[31merror[0m] [0m[0m                  "user" -> Json.toJson(createdUser)))[0m
[0m[[0m[31merror[0m] [0m[0m                                       ^[0m
[0m[[0m[31merror[0m] [0m[0m/Users/io/GitHub/WebProjects/Fullstack/tea-growth-record/server/app/controllers/AuthController.scala:162:31: not enough arguments for method create: (username: String, email: String, password: String): scala.concurrent.Future[Option[models.User]].[0m
[0m[[0m[31merror[0m] [0m[0mUnspecified value parameters email, password.[0m
[0m[[0m[31merror[0m] [0m[0m            userService.create(user).map {[0m
[0m[[0m[31merror[0m] [0m[0m                              ^[0m
[0m[[0m[31merror[0m] [0m[0m/Users/io/GitHub/WebProjects/Fullstack/tea-growth-record/server/app/controllers/AuthController.scala:163:60: diverging implicit expansion for type play.api.libs.json.Writes[Any][0m
[0m[[0m[31merror[0m] [0m[0mstarting with method Tuple22W in trait GeneratedWrites[0m
[0m[[0m[31merror[0m] [0m[0m              case Some(createdUser) => Created(Json.toJson(createdUser))[0m
[0m[[0m[31merror[0m] [0m[0m                                                           ^[0m
[0m[[0m[33mwarn[0m] [0m[0m/Users/io/GitHub/WebProjects/Fullstack/tea-growth-record/server/app/controllers/AuthController.scala:57:15: Auto-application to `()` is deprecated. Supply the empty argument list `()` explicitly to invoke method bindFromRequest,[0m
[0m[[0m[33mwarn[0m] [0m[0mor remove the empty argument list from its definition (Java-defined methods are exempt).[0m
[0m[[0m[33mwarn[0m] [0m[0mIn Scala 3, an unapplied method like this will be eta-expanded into a function. [quickfixable][0m
[0m[[0m[33mwarn[0m] [0m[0m    loginForm.bindFromRequest.fold([0m
[0m[[0m[33mwarn[0m] [0m[0m              ^[0m
[0m[[0m[33mwarn[0m] [0m[0m/Users/io/GitHub/WebProjects/Fullstack/tea-growth-record/server/app/controllers/AuthController.scala:106:18: Auto-application to `()` is deprecated. Supply the empty argument list `()` explicitly to invoke method bindFromRequest,[0m
[0m[[0m[33mwarn[0m] [0m[0mor remove the empty argument list from its definition (Java-defined methods are exempt).[0m
[0m[[0m[33mwarn[0m] [0m[0mIn Scala 3, an unapplied method like this will be eta-expanded into a function. [quickfixable][0m
[0m[[0m[33mwarn[0m] [0m[0m    registerForm.bindFromRequest.fold([0m
[0m[[0m[33mwarn[0m] [0m[0m                 ^[0m
[0m[[0m[31merror[0m] [0m[0m/Users/io/GitHub/WebProjects/Fullstack/tea-growth-record/server/app/repositories/UserRepository.scala:22:13: not enough arguments for method apply: (id: Option[Long], username: String, email: String, passwordHash: String, createdAt: Option[java.sql.Timestamp], updatedAt: Option[java.sql.Timestamp]): models.User in object User.[0m
[0m[[0m[31merror[0m] [0m[0mUnspecified value parameter updatedAt.[0m
[0m[[0m[31merror[0m] [0m[0m        User(t._1, t._2, t._3, t._4, t._5),[0m
[0m[[0m[31merror[0m] [0m[0m            ^[0m
[0m[[0m[31merror[0m] [0m[0m/Users/io/GitHub/WebProjects/Fullstack/tea-growth-record/server/app/repositories/UserRepository.scala:23:28: type mismatch;[0m
[0m[[0m[31merror[0m] [0m[0m found   : Option[Long][0m
[0m[[0m[31merror[0m] [0m[0m required: Long[0m
[0m[[0m[31merror[0m] [0m[0m      (u: User) => Some((u.id, u.email, u.password, u.createdAt, u.updatedAt)))[0m
[0m[[0m[31merror[0m] [0m[0m                           ^[0m
[0m[[0m[31merror[0m] [0m[0m/Users/io/GitHub/WebProjects/Fullstack/tea-growth-record/server/app/repositories/UserRepository.scala:23:43: value password is not a member of models.User[0m
[0m[[0m[31merror[0m] [0m[0m      (u: User) => Some((u.id, u.email, u.password, u.createdAt, u.updatedAt)))[0m
[0m[[0m[31merror[0m] [0m[0m                                          ^[0m
[0m[[0m[31merror[0m] [0m[0m/Users/io/GitHub/WebProjects/Fullstack/tea-growth-record/server/app/repositories/UserRepository.scala:23:55: type mismatch;[0m
[0m[[0m[31merror[0m] [0m[0m found   : Option[java.sql.Timestamp][0m
[0m[[0m[31merror[0m] [0m[0m required: java.sql.Timestamp[0m
[0m[[0m[31merror[0m] [0m[0m      (u: User) => Some((u.id, u.email, u.password, u.createdAt, u.updatedAt)))[0m
[0m[[0m[31merror[0m] [0m[0m                                                      ^[0m
[0m[[0m[31merror[0m] [0m[0m/Users/io/GitHub/WebProjects/Fullstack/tea-growth-record/server/app/repositories/UserRepository.scala:23:68: type mismatch;[0m
[0m[[0m[31merror[0m] [0m[0m found   : Option[java.sql.Timestamp][0m
[0m[[0m[31merror[0m] [0m[0m required: java.sql.Timestamp[0m
[0m[[0m[31merror[0m] [0m[0m      (u: User) => Some((u.id, u.email, u.password, u.createdAt, u.updatedAt)))[0m
[0m[[0m[31merror[0m] [0m[0m                                                                   ^[0m
[0m[[0m[31merror[0m] [0m[0m/Users/io/GitHub/WebProjects/Fullstack/tea-growth-record/server/app/repositories/UserRepository.scala:20:57: polymorphic expression cannot be instantiated to expected type;[0m
[0m[[0m[31merror[0m] [0m[0m found   : [R]slick.lifted.MappedProjection[R,(Long, String, String, java.sql.Timestamp, java.sql.Timestamp)][0m
[0m[[0m[31merror[0m] [0m[0m required: slick.lifted.ProvenShape[models.User][0m
[0m[[0m[31merror[0m] [0m[0m    def * = (id, email, password, createdAt, updatedAt) <> ([0m
[0m[[0m[31merror[0m] [0m[0m                                                        ^[0m
[0m[[0m[31merror[0m] [0m[0m/Users/io/GitHub/WebProjects/Fullstack/tea-growth-record/server/app/repositories/UserRepository.scala:38:20: not enough arguments for method apply: (id: Option[Long], username: String, email: String, passwordHash: String, createdAt: Option[java.sql.Timestamp], updatedAt: Option[java.sql.Timestamp]): models.User in object User.[0m
[0m[[0m[31merror[0m] [0m[0mUnspecified value parameter updatedAt.[0m
[0m[[0m[31merror[0m] [0m[0m    val user = User(0L, email, password, now, now)[0m
[0m[[0m[31merror[0m] [0m[0m                   ^[0m
[0m[[0m[33mwarn[0m] [0m[0mtwo warnings found[0m
[0m[[0m[31merror[0m] [0m[0m18 errors found[0m
[0m[[0m[31merror[0m] [0m[0m(Compile / [31mcompileIncremental[0m) Compilation failed[0m
[0m[[0m[0mdebug[0m] [0m[0mRunning task... Cancel: Signal, check cycles: false, forcegc: true[0m
[0m[[0m[0mdebug[0m] [0m[0mRunning task... Cancel: Signal, check cycles: false, forcegc: true[0m
[0m[[0m[0mdebug[0m] [0m[0mRunning task... Cancel: Signal, check cycles: false, forcegc: true[0m
[0m[[0m[0minfo[0m] [0m[0mcompiling 9 Scala sources to /Users/io/GitHub/WebProjects/Fullstack/tea-growth-record/server/target/scala-2.13/classes ...[0m
[0m[[0m[31merror[0m] [0m[0m/Users/io/GitHub/WebProjects/Fullstack/tea-growth-record/server/app/controllers/AuthController.scala:43:25: type mismatch;[0m
[0m[[0m[31merror[0m] [0m[0m found   : play.api.data.Form[controllers.LoginData][0m
[0m[[0m[31merror[0m] [0m[0m required: play.api.data.Form[forms.Forms.LoginData][0m
[0m[[0m[31merror[0m] [0m[0m    Ok(views.html.login(loginForm))[0m
[0m[[0m[31merror[0m] [0m[0m                        ^[0m
[0m[[0m[31merror[0m] [0m[0m/Users/io/GitHub/WebProjects/Fullstack/tea-growth-record/server/app/controllers/AuthController.scala:50:28: type mismatch;[0m
[0m[[0m[31merror[0m] [0m[0m found   : play.api.data.Form[controllers.RegisterData][0m
[0m[[0m[31merror[0m] [0m[0m required: play.api.data.Form[forms.Forms.RegisterData][0m
[0m[[0m[31merror[0m] [0m[0m    Ok(views.html.register(registerForm))[0m
[0m[[0m[31merror[0m] [0m[0m                           ^[0m
[0m[[0m[31merror[0m] [0m[0m/Users/io/GitHub/WebProjects/Fullstack/tea-growth-record/server/app/controllers/AuthController.scala:67:16: constructor cannot be instantiated to expected type;[0m
[0m[[0m[31merror[0m] [0m[0m found   : Some[A][0m
[0m[[0m[31merror[0m] [0m[0m required: scala.concurrent.Future[Option[models.User]][0m
[0m[[0m[31merror[0m] [0m[0m          case Some(user) if user.verifyPassword(loginData.password) =>[0m
[0m[[0m[31merror[0m] [0m[0m               ^[0m
[0m[[0m[31merror[0m] [0m[0m/Users/io/GitHub/WebProjects/Fullstack/tea-growth-record/server/app/controllers/AuthController.scala:91:21: value getUserById is not a member of services.UserService[0m
[0m[[0m[31merror[0m] [0m[0m        userService.getUserById(userId).map {[0m
[0m[[0m[31merror[0m] [0m[0m                    ^[0m
[0m[[0m[31merror[0m] [0m[0m/Users/io/GitHub/WebProjects/Fullstack/tea-growth-record/server/app/controllers/AuthController.scala:93:46: diverging implicit expansion for type play.api.libs.json.Writes[T1][0m
[0m[[0m[31merror[0m] [0m[0mstarting with method Tuple22W in trait GeneratedWrites[0m
[0m[[0m[31merror[0m] [0m[0m            Ok(Json.obj("user" -> Json.toJson(user)))[0m
[0m[[0m[31merror[0m] [0m[0m                                             ^[0m
[0m[[0m[31merror[0m] [0m[0m/Users/io/GitHub/WebProjects/Fullstack/tea-growth-record/server/app/controllers/AuthController.scala:116:16: constructor cannot be instantiated to expected type;[0m
[0m[[0m[31merror[0m] [0m[0m found   : Some[A][0m
[0m[[0m[31merror[0m] [0m[0m required: scala.concurrent.Future[Option[models.User]][0m
[0m[[0m[31merror[0m] [0m[0m          case Some(_) =>[0m
[0m[[0m[31merror[0m] [0m[0m               ^[0m
[0m[[0m[31merror[0m] [0m[0m/Users/io/GitHub/WebProjects/Fullstack/tea-growth-record/server/app/controllers/AuthController.scala:119:16: pattern type is incompatible with expected type;[0m
[0m[[0m[31merror[0m] [0m[0m found   : None.type[0m
[0m[[0m[31merror[0m] [0m[0m required: scala.concurrent.Future[Option[models.User]][0m
[0m[[0m[31merror[0m] [0m[0m          case None =>[0m
[0m[[0m[31merror[0m] [0m[0m               ^[0m
[0m[[0m[31merror[0m] [0m[0m/Users/io/GitHub/WebProjects/Fullstack/tea-growth-record/server/app/controllers/AuthController.scala:128:31: not enough arguments for method create: (username: String, email: String, password: String): scala.concurrent.Future[Option[models.User]].[0m
[0m[[0m[31merror[0m] [0m[0mUnspecified value parameters email, password.[0m
[0m[[0m[31merror[0m] [0m[0m            userService.create(user) match {[0m
[0m[[0m[31merror[0m] [0m[0m                              ^[0m
[0m[[0m[31merror[0m] [0m[0m/Users/io/GitHub/WebProjects/Fullstack/tea-growth-record/server/app/controllers/AuthController.scala:132:40: diverging implicit expansion for type play.api.libs.json.Writes[T1][0m
[0m[[0m[31merror[0m] [0m[0mstarting with method Tuple22W in trait GeneratedWrites[0m
[0m[[0m[31merror[0m] [0m[0m                  "user" -> Json.toJson(createdUser)))[0m
[0m[[0m[31merror[0m] [0m[0m                                       ^[0m
[0m[[0m[31merror[0m] [0m[0m/Users/io/GitHub/WebProjects/Fullstack/tea-growth-record/server/app/controllers/AuthController.scala:162:31: not enough arguments for method create: (username: String, email: String, password: String): scala.concurrent.Future[Option[models.User]].[0m
[0m[[0m[31merror[0m] [0m[0mUnspecified value parameters email, password.[0m
[0m[[0m[31merror[0m] [0m[0m            userService.create(user).map {[0m
[0m[[0m[31merror[0m] [0m[0m                              ^[0m
[0m[[0m[31merror[0m] [0m[0m/Users/io/GitHub/WebProjects/Fullstack/tea-growth-record/server/app/controllers/AuthController.scala:163:60: diverging implicit expansion for type play.api.libs.json.Writes[Any][0m
[0m[[0m[31merror[0m] [0m[0mstarting with method Tuple22W in trait GeneratedWrites[0m
[0m[[0m[31merror[0m] [0m[0m              case Some(createdUser) => Created(Json.toJson(createdUser))[0m
[0m[[0m[31merror[0m] [0m[0m                                                           ^[0m
[0m[[0m[33mwarn[0m] [0m[0m/Users/io/GitHub/WebProjects/Fullstack/tea-growth-record/server/app/controllers/AuthController.scala:57:15: Auto-application to `()` is deprecated. Supply the empty argument list `()` explicitly to invoke method bindFromRequest,[0m
[0m[[0m[33mwarn[0m] [0m[0mor remove the empty argument list from its definition (Java-defined methods are exempt).[0m
[0m[[0m[33mwarn[0m] [0m[0mIn Scala 3, an unapplied method like this will be eta-expanded into a function. [quickfixable][0m
[0m[[0m[33mwarn[0m] [0m[0m    loginForm.bindFromRequest.fold([0m
[0m[[0m[33mwarn[0m] [0m[0m              ^[0m
[0m[[0m[33mwarn[0m] [0m[0m/Users/io/GitHub/WebProjects/Fullstack/tea-growth-record/server/app/controllers/AuthController.scala:106:18: Auto-application to `()` is deprecated. Supply the empty argument list `()` explicitly to invoke method bindFromRequest,[0m
[0m[[0m[33mwarn[0m] [0m[0mor remove the empty argument list from its definition (Java-defined methods are exempt).[0m
[0m[[0m[33mwarn[0m] [0m[0mIn Scala 3, an unapplied method like this will be eta-expanded into a function. [quickfixable][0m
[0m[[0m[33mwarn[0m] [0m[0m    registerForm.bindFromRequest.fold([0m
[0m[[0m[33mwarn[0m] [0m[0m                 ^[0m
[0m[[0m[31merror[0m] [0m[0m/Users/io/GitHub/WebProjects/Fullstack/tea-growth-record/server/app/repositories/UserRepository.scala:22:13: not enough arguments for method apply: (id: Option[Long], username: String, email: String, passwordHash: String, createdAt: Option[java.sql.Timestamp], updatedAt: Option[java.sql.Timestamp]): models.User in object User.[0m
[0m[[0m[31merror[0m] [0m[0mUnspecified value parameter updatedAt.[0m
[0m[[0m[31merror[0m] [0m[0m        User(t._1, t._2, t._3, t._4, t._5),[0m
[0m[[0m[31merror[0m] [0m[0m            ^[0m
[0m[[0m[31merror[0m] [0m[0m/Users/io/GitHub/WebProjects/Fullstack/tea-growth-record/server/app/repositories/UserRepository.scala:23:28: type mismatch;[0m
[0m[[0m[31merror[0m] [0m[0m found   : Option[Long][0m
[0m[[0m[31merror[0m] [0m[0m required: Long[0m
[0m[[0m[31merror[0m] [0m[0m      (u: User) => Some((u.id, u.email, u.password, u.createdAt, u.updatedAt)))[0m
[0m[[0m[31merror[0m] [0m[0m                           ^[0m
[0m[[0m[31merror[0m] [0m[0m/Users/io/GitHub/WebProjects/Fullstack/tea-growth-record/server/app/repositories/UserRepository.scala:23:43: value password is not a member of models.User[0m
[0m[[0m[31merror[0m] [0m[0m      (u: User) => Some((u.id, u.email, u.password, u.createdAt, u.updatedAt)))[0m
[0m[[0m[31merror[0m] [0m[0m                                          ^[0m
[0m[[0m[31merror[0m] [0m[0m/Users/io/GitHub/WebProjects/Fullstack/tea-growth-record/server/app/repositories/UserRepository.scala:23:55: type mismatch;[0m
[0m[[0m[31merror[0m] [0m[0m found   : Option[java.sql.Timestamp][0m
[0m[[0m[31merror[0m] [0m[0m required: java.sql.Timestamp[0m
[0m[[0m[31merror[0m] [0m[0m      (u: User) => Some((u.id, u.email, u.password, u.createdAt, u.updatedAt)))[0m
[0m[[0m[31merror[0m] [0m[0m                                                      ^[0m
[0m[[0m[31merror[0m] [0m[0m/Users/io/GitHub/WebProjects/Fullstack/tea-growth-record/server/app/repositories/UserRepository.scala:23:68: type mismatch;[0m
[0m[[0m[31merror[0m] [0m[0m found   : Option[java.sql.Timestamp][0m
[0m[[0m[31merror[0m] [0m[0m required: java.sql.Timestamp[0m
[0m[[0m[31merror[0m] [0m[0m      (u: User) => Some((u.id, u.email, u.password, u.createdAt, u.updatedAt)))[0m
[0m[[0m[31merror[0m] [0m[0m                                                                   ^[0m
[0m[[0m[31merror[0m] [0m[0m/Users/io/GitHub/WebProjects/Fullstack/tea-growth-record/server/app/repositories/UserRepository.scala:20:57: polymorphic expression cannot be instantiated to expected type;[0m
[0m[[0m[31merror[0m] [0m[0m found   : [R]slick.lifted.MappedProjection[R,(Long, String, String, java.sql.Timestamp, java.sql.Timestamp)][0m
[0m[[0m[31merror[0m] [0m[0m required: slick.lifted.ProvenShape[models.User][0m
[0m[[0m[31merror[0m] [0m[0m    def * = (id, email, password, createdAt, updatedAt) <> ([0m
[0m[[0m[31merror[0m] [0m[0m                                                        ^[0m
[0m[[0m[31merror[0m] [0m[0m/Users/io/GitHub/WebProjects/Fullstack/tea-growth-record/server/app/repositories/UserRepository.scala:38:20: not enough arguments for method apply: (id: Option[Long], username: String, email: String, passwordHash: String, createdAt: Option[java.sql.Timestamp], updatedAt: Option[java.sql.Timestamp]): models.User in object User.[0m
[0m[[0m[31merror[0m] [0m[0mUnspecified value parameter updatedAt.[0m
[0m[[0m[31merror[0m] [0m[0m    val user = User(0L, email, password, now, now)[0m
[0m[[0m[31merror[0m] [0m[0m                   ^[0m
[0m[[0m[33mwarn[0m] [0m[0mtwo warnings found[0m
[0m[[0m[31merror[0m] [0m[0m18 errors found[0m
[0m[[0m[31merror[0m] [0m[0m(Compile / [31mcompileIncremental[0m) Compilation failed[0m
[0m[[0m[0mdebug[0m] [0m[0mRunning task... Cancel: Signal, check cycles: false, forcegc: true[0m
[0m[[0m[0mdebug[0m] [0m[0mRunning task... Cancel: Signal, check cycles: false, forcegc: true[0m
