[0m[[0m[0mdebug[0m] [0m[0m> Exec(early(addDefaultCommands), None, None)[0m
[0m[[0m[0mdebug[0m] [0m[0m> Exec(addDefaultCommands, None, None)[0m
[0m[[0m[0mdebug[0m] [0m[0m> Exec(early(initialize), None, None)[0m
[0m[[0m[0mdebug[0m] [0m[0m> Exec(initialize, None, None)[0m
[0m[[0m[0mdebug[0m] [0m[0m> Exec(boot, None, None)[0m
[0m[[0m[0mdebug[0m] [0m[0m> Exec(writeSbtVersion, None, None)[0m
[0m[[0m[0mdebug[0m] [0m[0m> Exec(reload, None, None)[0m
[0m[[0m[0mdebug[0m] [0m[0m> Exec(sbtStashOnFailure, None, None)[0m
[0m[[0m[0mdebug[0m] [0m[0m> Exec(onFailure loadFailed, None, None)[0m
[0m[[0m[0mdebug[0m] [0m[0m> Exec(loadp, None, None)[0m
[0m[[0m[0minfo[0m] [0m[0mwelcome to sbt 1.10.11 (Homebrew Java 17.0.14)[0m
[0m[[0m[0mdebug[0m] [0m[0mLoad.defaultLoad until apply took 97.533417ms[0m
[0m[[0m[0mdebug[0m] [0m[0m          Load.loadUnit: plugins took 42.725042ms[0m
[0m[[0m[0mdebug[0m] [0m[0m          Load.loadUnit: defsScala took 0.110667ms[0m
[0m[[0m[0mdebug[0m] [0m[0m[Loading] Scanning directory /Users/io/GitHub/WebProjects/Fullstack/tea-growth-record/server/project[0m
[0m[[0m[0mdebug[0m] [0m[0m            Load.loadUnit: mkEval took 3.420375ms[0m
[0m[[0m[0mdebug[0m] [0m[0m[Loading] Found non-root projects [0m
[0m[[0m[0mdebug[0m] [0m[0m[Loading] Done in /Users/io/GitHub/WebProjects/Fullstack/tea-growth-record/server/project, returning: ()[0m
[0m[[0m[0mdebug[0m] [0m[0mdeducing auto plugins based on known facts Set(Atom(sbt.plugins.CorePlugin)) and clauses Clauses(Clause(Atom(sbt.plugins.JvmPlugin),Set(Atom(sbt.plugins.IvyPlugin)))[0m
[0m[[0m[0mdebug[0m] [0m[0mClause(Atom(sbt.ScriptedPlugin),Set(Atom(sbt.plugins.JvmPlugin)))[0m
[0m[[0m[0mdebug[0m] [0m[0mClause(Atom(sbt.plugins.SbtPlugin),Set(Atom(sbt.ScriptedPlugin)))[0m
[0m[[0m[0mdebug[0m] [0m[0mClause(Atom(sbt.plugins.SemanticdbPlugin),Set(Atom(sbt.plugins.JvmPlugin)))[0m
[0m[[0m[0mdebug[0m] [0m[0mClause(Atom(sbt.plugins.JUnitXmlReportPlugin),Set(Atom(sbt.plugins.JvmPlugin)))[0m
[0m[[0m[0mdebug[0m] [0m[0mClause(Atom(sbt.plugins.MiniDependencyTreePlugin),Set(Atom(sbt.plugins.JvmPlugin)))[0m
[0m[[0m[0mdebug[0m] [0m[0mClause(Atom(sbt.plugins.CorePlugin),Set(Atom(sbt.plugins.IvyPlugin)))[0m
[0m[[0m[0mdebug[0m] [0m[0mClause(Atom(sbt.plugins.IvyPlugin),Set(Atom(sbt.plugins.JvmPlugin)))[0m
[0m[[0m[0mdebug[0m] [0m[0mClause(Atom(sbt.plugins.JvmPlugin),Set(Atom(sbt.plugins.SemanticdbPlugin)))[0m
[0m[[0m[0mdebug[0m] [0m[0mClause(Atom(sbt.plugins.JvmPlugin),Set(Atom(sbt.plugins.JUnitXmlReportPlugin)))[0m
[0m[[0m[0mdebug[0m] [0m[0mClause(Atom(sbt.plugins.CorePlugin),Set(Atom(sbt.plugins.Giter8TemplatePlugin)))[0m
[0m[[0m[0mdebug[0m] [0m[0mClause(Atom(sbt.plugins.JvmPlugin),Set(Atom(sbt.plugins.MiniDependencyTreePlugin))))[0m
[0m[[0m[0mdebug[0m] [0m[0m  :: deduced result: Matched(sbt.plugins.CorePlugin,sbt.plugins.Giter8TemplatePlugin,sbt.plugins.IvyPlugin,sbt.plugins.JvmPlugin,sbt.plugins.MiniDependencyTreePlugin,sbt.plugins.JUnitXmlReportPlugin,sbt.plugins.SemanticdbPlugin)[0m
[0m[[0m[0mdebug[0m] [0m[0mPlugins.deducer#function took 10.201 ms[0m
[0m[[0m[0minfo[0m] [0m[0mloading settings for project server-build from plugins.sbt...[0m
[0m[[0m[0mdebug[0m] [0m[0m              Load.resolveProject(server-build) took 23.838917ms[0m
[0m[[0m[0mdebug[0m] [0m[0m            Load.loadTransitive: finalizeProject(Project(id server-build, base: /Users/io/GitHub/WebProjects/Fullstack/tea-growth-record/server/project, plugins: List(<none>))) took 43.965916ms[0m
[0m[[0m[0mdebug[0m] [0m[0m[Loading] Done in /Users/io/GitHub/WebProjects/Fullstack/tea-growth-record/server/project, returning: (server-build)[0m
[0m[[0m[0mdebug[0m] [0m[0m          Load.loadUnit: loadedProjectsRaw took 227.27325ms[0m
[0m[[0m[0mdebug[0m] [0m[0m          Load.loadUnit: cleanEvalClasses took 8.064542ms[0m
[0m[[0m[0mdebug[0m] [0m[0m        Load.loadUnit(file:/Users/io/GitHub/WebProjects/Fullstack/tea-growth-record/server/project/, ...) took 281.594416ms[0m
[0m[[0m[0mdebug[0m] [0m[0m      Load.apply: load took 750.843541ms[0m
[0m[[0m[0mdebug[0m] [0m[0m      Load.apply: resolveProjects took 2.474625ms[0m
[0m[[0m[0mdebug[0m] [0m[0m      Load.apply: finalTransforms took 137.487292ms[0m
[0m[[0m[0mdebug[0m] [0m[0m      Load.apply: config.delegates took 21.9405ms[0m
[0m[[0m[0mdebug[0m] [0m[0m      Load.apply: Def.make(settings)... took 776.406333ms[0m
[0m[[0m[0mdebug[0m] [0m[0m      Load.apply: structureIndex took 169.144ms[0m
[0m[[0m[0mdebug[0m] [0m[0m      Load.apply: mkStreams took 0.73075ms[0m
[0m[[0m[0minfo[0m] [0m[0mloading project definition from /Users/io/GitHub/WebProjects/Fullstack/tea-growth-record/server/project[0m
[0m[[0m[0mdebug[0m] [0m[0mRunning task... Cancel: Signal, check cycles: false, forcegc: true[0m
[0m[[0m[0mdebug[0m] [0m[0m    Load.loadUnit: plugins took 3584.452542ms[0m
[0m[[0m[0mdebug[0m] [0m[0m    Load.loadUnit: defsScala took 0.003209ms[0m
[0m[[0m[0mdebug[0m] [0m[0m[Loading] Scanning directory /Users/io/GitHub/WebProjects/Fullstack/tea-growth-record/server[0m
[0m[[0m[0mdebug[0m] [0m[0m      Load.loadUnit: mkEval took 1.011625ms[0m
[0m[[0m[0mdebug[0m] [0m[0m[Loading] Found root project root w/ remaining [0m
[0m[[0m[0mdebug[0m] [0m[0mdeducing auto plugins based on known facts Set(Atom(play.sbt.PlayScala), Atom(sbt.plugins.CorePlugin)) and clauses Clauses(Clause(Atom(sbt.plugins.JvmPlugin),Set(Atom(sbt.plugins.IvyPlugin)))[0m
[0m[[0m[0mdebug[0m] [0m[0mClause(Atom(sbt.ScriptedPlugin),Set(Atom(sbt.plugins.JvmPlugin)))[0m
[0m[[0m[0mdebug[0m] [0m[0mClause(Atom(sbt.plugins.SbtPlugin),Set(Atom(sbt.ScriptedPlugin)))[0m
[0m[[0m[0mdebug[0m] [0m[0mClause(Atom(sbt.plugins.SemanticdbPlugin),Set(Atom(sbt.plugins.JvmPlugin)))[0m
[0m[[0m[0mdebug[0m] [0m[0mClause(Atom(sbt.plugins.JUnitXmlReportPlugin),Set(Atom(sbt.plugins.JvmPlugin)))[0m
[0m[[0m[0mdebug[0m] [0m[0mClause(Atom(sbt.plugins.MiniDependencyTreePlugin),Set(Atom(sbt.plugins.JvmPlugin)))[0m
[0m[[0m[0mdebug[0m] [0m[0mClause(Atom(play.sbt.Play),Set(Atom(play.sbt.routes.RoutesCompiler)))[0m
[0m[[0m[0mdebug[0m] [0m[0mClause(Atom(play.sbt.Play),Set(Atom(com.typesafe.sbt.jse.SbtJsTask)))[0m
[0m[[0m[0mdebug[0m] [0m[0mClause(Atom(play.sbt.Play),Set(Atom(com.typesafe.sbt.packager.archetypes.JavaServerAppPackaging)))[0m
[0m[[0m[0mdebug[0m] [0m[0mClause(Atom(play.sbt.Play),Set(Atom(play.twirl.sbt.SbtTwirl)))[0m
[0m[[0m[0mdebug[0m] [0m[0mClause(Atom(play.sbt.PlayAkkaHttp2Support),Set(Atom(play.sbt.PlayAkkaHttpServer)))[0m
[0m[[0m[0mdebug[0m] [0m[0mClause(Atom(play.sbt.PlayAkkaHttpServer),Set(Atom(play.sbt.PlayService)))[0m
[0m[[0m[0mdebug[0m] [0m[0mClause(Atom(play.sbt.PlayFilters),Set(Atom(play.sbt.PlayWeb)))[0m
[0m[[0m[0mdebug[0m] [0m[0mClause(Atom(play.sbt.PlayJava),Set(Atom(play.sbt.PlayWeb)))[0m
[0m[[0m[0mdebug[0m] [0m[0mClause(Atom(play.sbt.PlayLayoutPlugin),Set(Atom(play.sbt.PlayWeb)))[0m
[0m[[0m[0mdebug[0m] [0m[0mClause(Atom(play.sbt.PlayLogback),Set(Atom(play.sbt.PlayService)))[0m
[0m[[0m[0mdebug[0m] [0m[0mClause(Atom(play.sbt.PlayMinimalJava),Set(Atom(play.sbt.PlayWeb)))[0m
[0m[[0m[0mdebug[0m] [0m[0mClause(Atom(play.sbt.PlayNettyServer),Set(Atom(play.sbt.PlayService)))[0m
[0m[[0m[0mdebug[0m] [0m[0mClause(Atom(play.sbt.PlayScala),Set(Atom(play.sbt.PlayWeb)))[0m
[0m[[0m[0mdebug[0m] [0m[0mClause(Atom(play.sbt.PlayService),Set(Atom(com.typesafe.sbt.packager.archetypes.JavaServerAppPackaging)))[0m
[0m[[0m[0mdebug[0m] [0m[0mClause(Atom(play.sbt.PlayWeb),Set(Atom(play.sbt.routes.RoutesCompiler)))[0m
[0m[[0m[0mdebug[0m] [0m[0mClause(Atom(play.sbt.PlayWeb),Set(Atom(com.typesafe.sbt.jse.SbtJsTask)))[0m
[0m[[0m[0mdebug[0m] [0m[0mClause(Atom(play.sbt.PlayWeb),Set(Atom(play.sbt.PlayService)))[0m
[0m[[0m[0mdebug[0m] [0m[0mClause(Atom(play.sbt.PlayWeb),Set(Atom(play.twirl.sbt.SbtTwirl)))[0m
[0m[[0m[0mdebug[0m] [0m[0mClause(Atom(play.sbt.routes.RoutesCompiler),Set(Atom(sbt.plugins.JvmPlugin)))[0m
[0m[[0m[0mdebug[0m] [0m[0mClause(Atom(com.typesafe.sbt.SbtScalariform),Set(Atom(sbt.plugins.JvmPlugin)))[0m
[0m[[0m[0mdebug[0m] [0m[0mClause(Atom(com.typesafe.sbt.digest.SbtDigest),Set(Atom(com.typesafe.sbt.web.SbtWeb)))[0m
[0m[[0m[0mdebug[0m] [0m[0mClause(Atom(com.typesafe.sbt.gzip.SbtGzip),Set(Atom(com.typesafe.sbt.web.SbtWeb)))[0m
[0m[[0m[0mdebug[0m] [0m[0mClause(Atom(play.twirl.sbt.SbtTwirl),Set(Atom(sbt.plugins.JvmPlugin)))[0m
[0m[[0m[0mdebug[0m] [0m[0mClause(Atom(com.typesafe.sbt.SbtNativePackager),Set(Atom(sbt.plugins.JvmPlugin)))[0m
[0m[[0m[0mdebug[0m] [0m[0mClause(Atom(com.typesafe.sbt.packager.archetypes.JavaAppPackaging),Set(Atom(com.typesafe.sbt.packager.windows.WindowsPlugin)))[0m
[0m[[0m[0mdebug[0m] [0m[0mClause(Atom(com.typesafe.sbt.packager.archetypes.JavaAppPackaging),Set(Atom(com.typesafe.sbt.packager.docker.DockerPlugin)))[0m
[0m[[0m[0mdebug[0m] [0m[0mClause(Atom(com.typesafe.sbt.packager.archetypes.JavaAppPackaging),Set(Atom(com.typesafe.sbt.packager.debian.DebianPlugin)))[0m
[0m[[0m[0mdebug[0m] [0m[0mClause(Atom(com.typesafe.sbt.packager.archetypes.JavaAppPackaging),Set(Atom(com.typesafe.sbt.packager.rpm.RpmPlugin)))[0m
[0m[[0m[0mdebug[0m] [0m[0mClause(Atom(com.typesafe.sbt.packager.archetypes.JavaServerAppPackaging),Set(Atom(com.typesafe.sbt.packager.archetypes.JavaAppPackaging)))[0m
[0m[[0m[0mdebug[0m] [0m[0mClause(Atom(com.typesafe.sbt.packager.archetypes.jar.ClasspathJarPlugin),Set(Atom(com.typesafe.sbt.packager.archetypes.JavaAppPackaging)))[0m
[0m[[0m[0mdebug[0m] [0m[0mClause(Atom(com.typesafe.sbt.packager.archetypes.jar.LauncherJarPlugin),Set(Atom(com.typesafe.sbt.packager.archetypes.JavaAppPackaging)))[0m
[0m[[0m[0mdebug[0m] [0m[0mClause(Atom(com.typesafe.sbt.packager.archetypes.jlink.JlinkPlugin),Set(Atom(com.typesafe.sbt.packager.archetypes.JavaAppPackaging)))[0m
[0m[[0m[0mdebug[0m] [0m[0mClause(Atom(com.typesafe.sbt.packager.archetypes.scripts.AshScriptPlugin),Set(Atom(com.typesafe.sbt.packager.archetypes.JavaAppPackaging)))[0m
[0m[[0m[0mdebug[0m] [0m[0mClause(Atom(com.typesafe.sbt.packager.archetypes.scripts.AshScriptPlugin),Set(Atom(com.typesafe.sbt.packager.archetypes.scripts.BashStartScriptPlugin)))[0m
[0m[[0m[0mdebug[0m] [0m[0mClause(Atom(com.typesafe.sbt.packager.archetypes.scripts.BashStartScriptPlugin),Set(Atom(com.typesafe.sbt.packager.archetypes.JavaAppPackaging)))[0m
[0m[[0m[0mdebug[0m] [0m[0mClause(Atom(com.typesafe.sbt.packager.archetypes.scripts.BatStartScriptPlugin),Set(Atom(com.typesafe.sbt.packager.archetypes.JavaAppPackaging)))[0m
[0m[[0m[0mdebug[0m] [0m[0mClause(Atom(com.typesafe.sbt.packager.archetypes.systemloader.SystemVPlugin),Set(Atom(com.typesafe.sbt.packager.archetypes.systemloader.SystemloaderPlugin)))[0m
[0m[[0m[0mdebug[0m] [0m[0mClause(Atom(com.typesafe.sbt.packager.archetypes.systemloader.SystemdPlugin),Set(Atom(com.typesafe.sbt.packager.archetypes.systemloader.SystemloaderPlugin)))[0m
[0m[[0m[0mdebug[0m] [0m[0mClause(Atom(com.typesafe.sbt.packager.archetypes.systemloader.SystemloaderPlugin),Set(Atom(com.typesafe.sbt.packager.debian.DebianPlugin)))[0m
[0m[[0m[0mdebug[0m] [0m[0mClause(Atom(com.typesafe.sbt.packager.archetypes.systemloader.SystemloaderPlugin),Set(Atom(com.typesafe.sbt.packager.rpm.RpmPlugin)))[0m
[0m[[0m[0mdebug[0m] [0m[0mClause(Atom(com.typesafe.sbt.packager.archetypes.systemloader.UpstartPlugin),Set(Atom(com.typesafe.sbt.packager.archetypes.systemloader.SystemloaderPlugin)))[0m
[0m[[0m[0mdebug[0m] [0m[0mClause(Atom(com.typesafe.sbt.packager.debian.DebianDeployPlugin),Set(Atom(com.typesafe.sbt.packager.debian.DebianPlugin)))[0m
[0m[[0m[0mdebug[0m] [0m[0mClause(Atom(com.typesafe.sbt.packager.debian.DebianPlugin),Set(Atom(com.typesafe.sbt.packager.linux.LinuxPlugin)))[0m
[0m[[0m[0mdebug[0m] [0m[0mClause(Atom(com.typesafe.sbt.packager.debian.JDebPackaging),Set(Atom(com.typesafe.sbt.packager.debian.DebianPlugin)))[0m
[0m[[0m[0mdebug[0m] [0m[0mClause(Atom(com.typesafe.sbt.packager.docker.DockerPlugin),Set(Atom(com.typesafe.sbt.packager.universal.UniversalPlugin)))[0m
[0m[[0m[0mdebug[0m] [0m[0mClause(Atom(com.typesafe.sbt.packager.docker.DockerSpotifyClientPlugin),Set(Atom(com.typesafe.sbt.packager.docker.DockerPlugin)))[0m
[0m[[0m[0mdebug[0m] [0m[0mClause(Atom(com.typesafe.sbt.packager.graalvmnativeimage.GraalVMNativeImagePlugin),Set(Atom(com.typesafe.sbt.packager.archetypes.JavaAppPackaging)))[0m
[0m[[0m[0mdebug[0m] [0m[0mClause(Atom(com.typesafe.sbt.packager.jdkpackager.JDKPackagerDeployPlugin),Set(Atom(com.typesafe.sbt.packager.jdkpackager.JDKPackagerPlugin)))[0m
[0m[[0m[0mdebug[0m] [0m[0mClause(Atom(com.typesafe.sbt.packager.jdkpackager.JDKPackagerPlugin),Set(Atom(com.typesafe.sbt.packager.archetypes.JavaAppPackaging)))[0m
[0m[[0m[0mdebug[0m] [0m[0mClause(Atom(com.typesafe.sbt.packager.jdkpackager.JDKPackagerPlugin),Set(Atom(com.typesafe.sbt.packager.archetypes.jar.LauncherJarPlugin)))[0m
[0m[[0m[0mdebug[0m] [0m[0mClause(Atom(com.typesafe.sbt.packager.linux.LinuxPlugin),Set(Atom(com.typesafe.sbt.packager.universal.UniversalPlugin)))[0m
[0m[[0m[0mdebug[0m] [0m[0mClause(Atom(com.typesafe.sbt.packager.rpm.RpmDeployPlugin),Set(Atom(com.typesafe.sbt.packager.rpm.RpmPlugin)))[0m
[0m[[0m[0mdebug[0m] [0m[0mClause(Atom(com.typesafe.sbt.packager.rpm.RpmPlugin),Set(Atom(com.typesafe.sbt.packager.linux.LinuxPlugin)))[0m
[0m[[0m[0mdebug[0m] [0m[0mClause(Atom(com.typesafe.sbt.packager.universal.UniversalDeployPlugin),Set(Atom(com.typesafe.sbt.packager.universal.UniversalPlugin)))[0m
[0m[[0m[0mdebug[0m] [0m[0mClause(Atom(com.typesafe.sbt.packager.universal.UniversalPlugin),Set(Atom(com.typesafe.sbt.SbtNativePackager)))[0m
[0m[[0m[0mdebug[0m] [0m[0mClause(Atom(com.typesafe.sbt.packager.windows.WindowsDeployPlugin),Set(Atom(com.typesafe.sbt.packager.windows.WindowsPlugin)))[0m
[0m[[0m[0mdebug[0m] [0m[0mClause(Atom(com.typesafe.sbt.packager.windows.WindowsPlugin),Set(Atom(com.typesafe.sbt.packager.universal.UniversalPlugin)))[0m
[0m[[0m[0mdebug[0m] [0m[0mClause(Atom(com.typesafe.sbt.web.SbtWeb),Set(Atom(sbt.plugins.JvmPlugin)))[0m
[0m[[0m[0mdebug[0m] [0m[0mClause(Atom(com.typesafe.sbt.jse.SbtJsEngine),Set(Atom(com.typesafe.sbt.web.SbtWeb)))[0m
[0m[[0m[0mdebug[0m] [0m[0mClause(Atom(com.typesafe.sbt.jse.SbtJsTask),Set(Atom(com.typesafe.sbt.jse.SbtJsEngine)))[0m
[0m[[0m[0mdebug[0m] [0m[0mClause(Atom(sbt.plugins.CorePlugin),Set(Atom(sbt.plugins.IvyPlugin)))[0m
[0m[[0m[0mdebug[0m] [0m[0mClause(Atom(sbt.plugins.IvyPlugin),Set(Atom(sbt.plugins.JvmPlugin)))[0m
[0m[[0m[0mdebug[0m] [0m[0mClause(Atom(sbt.plugins.JvmPlugin),Set(Atom(sbt.plugins.SemanticdbPlugin)))[0m
[0m[[0m[0mdebug[0m] [0m[0mClause(Atom(sbt.plugins.JvmPlugin),Set(Atom(sbt.plugins.JUnitXmlReportPlugin)))[0m
[0m[[0m[0mdebug[0m] [0m[0mClause(Atom(sbt.plugins.CorePlugin),Set(Atom(sbt.plugins.Giter8TemplatePlugin)))[0m
[0m[[0m[0mdebug[0m] [0m[0mClause(Atom(sbt.plugins.JvmPlugin),Set(Atom(sbt.plugins.MiniDependencyTreePlugin)))[0m
[0m[[0m[0mdebug[0m] [0m[0mClause(Atom(play.sbt.PlayService),Set(Atom(play.sbt.PlayAkkaHttpServer)))[0m
[0m[[0m[0mdebug[0m] [0m[0mClause(Atom(play.sbt.PlayWeb),Set(Atom(play.sbt.PlayFilters)))[0m
[0m[[0m[0mdebug[0m] [0m[0mClause(Atom(play.sbt.PlayWeb),Set(Atom(play.sbt.PlayLayoutPlugin)))[0m
[0m[[0m[0mdebug[0m] [0m[0mClause(Atom(play.sbt.PlayService),Set(Atom(play.sbt.PlayLogback)))[0m
[0m[[0m[0mdebug[0m] [0m[0mClause(Atom(sbt.plugins.JvmPlugin),Set(Atom(com.typesafe.sbt.SbtScalariform)))[0m
[0m[[0m[0mdebug[0m] [0m[0mClause(Atom(com.typesafe.sbt.web.SbtWeb),Set(Atom(com.typesafe.sbt.digest.SbtDigest)))[0m
[0m[[0m[0mdebug[0m] [0m[0mClause(Atom(com.typesafe.sbt.web.SbtWeb),Set(Atom(com.typesafe.sbt.gzip.SbtGzip)))[0m
[0m[[0m[0mdebug[0m] [0m[0mClause(Atom(com.typesafe.sbt.packager.archetypes.JavaAppPackaging),Set(Atom(com.typesafe.sbt.packager.archetypes.scripts.BashStartScriptPlugin)))[0m
[0m[[0m[0mdebug[0m] [0m[0mClause(Atom(com.typesafe.sbt.packager.archetypes.JavaAppPackaging),Set(Atom(com.typesafe.sbt.packager.archetypes.scripts.BatStartScriptPlugin)))[0m
[0m[[0m[0mdebug[0m] [0m[0mClause(Atom(com.typesafe.sbt.web.SbtWeb),Set(Atom(com.typesafe.sbt.jse.SbtJsEngine)))[0m
[0m[[0m[0mdebug[0m] [0m[0mClause(Atom(com.typesafe.sbt.jse.SbtJsEngine),Set(Atom(com.typesafe.sbt.jse.SbtJsTask))))[0m
[0m[[0m[0mdebug[0m] [0m[0m  :: deduced result: Matched(sbt.plugins.CorePlugin,play.sbt.PlayScala,sbt.plugins.Giter8TemplatePlugin,sbt.plugins.IvyPlugin,play.sbt.PlayWeb,play.twirl.sbt.SbtTwirl,sbt.plugins.JvmPlugin,play.sbt.PlayService,play.sbt.PlayFilters,play.sbt.PlayLayoutPlugin,play.sbt.routes.RoutesCompiler,com.typesafe.sbt.jse.SbtJsTask,com.typesafe.sbt.packager.archetypes.JavaServerAppPackaging,sbt.plugins.SemanticdbPlugin,sbt.plugins.JUnitXmlReportPlugin,com.typesafe.sbt.SbtScalariform,play.sbt.PlayLogback,sbt.plugins.MiniDependencyTreePlugin,com.typesafe.sbt.jse.SbtJsEngine,play.sbt.PlayAkkaHttpServer,com.typesafe.sbt.web.SbtWeb,com.typesafe.sbt.packager.archetypes.JavaAppPackaging,com.typesafe.sbt.digest.SbtDigest,com.typesafe.sbt.packager.rpm.RpmPlugin,com.typesafe.sbt.packager.archetypes.scripts.BashStartScriptPlugin,com.typesafe.sbt.packager.windows.WindowsPlugin,com.typesafe.sbt.packager.archetypes.scripts.BatStartScriptPlugin,com.typesafe.sbt.packager.docker.DockerPlugin,com.typesafe.sbt.gzip.SbtGzip,com.typesafe.sbt.packager.debian.DebianPlugin,com.typesafe.sbt.packager.universal.UniversalPlugin,com.typesafe.sbt.packager.linux.LinuxPlugin,com.typesafe.sbt.SbtNativePackager)[0m
[0m[[0m[0mdebug[0m] [0m[0mPlugins.deducer#function took 31.3075 ms[0m
[0m[[0m[0minfo[0m] [0m[0mloading settings for project root from build.sbt...[0m
[0m[[0m[0mdebug[0m] [0m[0m        Load.resolveProject(root) took 99.106666ms[0m
[0m[[0m[0mdebug[0m] [0m[0m      Load.loadTransitive: finalizeProject(Project(id root, base: /Users/io/GitHub/WebProjects/Fullstack/tea-growth-record/server, plugins: List(play.sbt.PlayScala))) took 134.365333ms[0m
[0m[[0m[0mdebug[0m] [0m[0m[Loading] Done in /Users/io/GitHub/WebProjects/Fullstack/tea-growth-record/server, returning: (root)[0m
[0m[[0m[0mdebug[0m] [0m[0m    Load.loadUnit: loadedProjectsRaw took 8285.889542ms[0m
[0m[[0m[0mdebug[0m] [0m[0m    Load.loadUnit: cleanEvalClasses took 5.00025ms[0m
[0m[[0m[0mdebug[0m] [0m[0m  Load.loadUnit(file:/Users/io/GitHub/WebProjects/Fullstack/tea-growth-record/server/, ...) took 11876.859041ms[0m
[0m[[0m[0mdebug[0m] [0m[0mLoad.apply: load took 11889.759458ms[0m
[0m[[0m[0mdebug[0m] [0m[0mLoad.apply: resolveProjects took 0.341875ms[0m
[0m[[0m[0mdebug[0m] [0m[0mLoad.apply: finalTransforms took 59.858958ms[0m
[0m[[0m[0mdebug[0m] [0m[0mLoad.apply: config.delegates took 3.656ms[0m
[0m[[0m[0mdebug[0m] [0m[0mLoad.apply: Def.make(settings)... took 364.693666ms[0m
[0m[[0m[0mdebug[0m] [0m[0mLoad.apply: structureIndex took 179.999458ms[0m
[0m[[0m[0mdebug[0m] [0m[0mLoad.apply: mkStreams took 0.014542ms[0m
[0m[[0m[0minfo[0m] [0m[0m[32m  __              __[0m[0m
[0m[[0m[0minfo[0m] [0m[0m[32m  \ \     ____   / /____ _ __  __[0m[0m
[0m[[0m[0minfo[0m] [0m[0m[32m   \ \   / __ \ / // __ `// / / /[0m[0m
[0m[[0m[0minfo[0m] [0m[0m[32m   / /  / /_/ // // /_/ // /_/ /[0m[0m
[0m[[0m[0minfo[0m] [0m[0m[32m  /_/  / .___//_/ \__,_/ \__, /[0m[0m
[0m[[0m[0minfo[0m] [0m[0m[32m      /_/               /____/[0m[0m
[0m[[0m[0minfo[0m] [0m[0m[0m
[0m[[0m[0minfo[0m] [0m[0mVersion 2.9.0 running Java 17.0.14[0m
[0m[[0m[0minfo[0m] [0m[0m[0m
[0m[[0m[0minfo[0m] [0m[0m[1mPlay is run entirely by the community. Please consider contributing and/or donating:[0m[0m
[0m[[0m[0minfo[0m] [0m[0mhttps://www.playframework.com/sponsors[0m
[0m[[0m[0minfo[0m] [0m[0m[0m
[0m[[0m[0mdebug[0m] [0m[0m> Exec(sbtPopOnFailure, None, None)[0m
[0m[[0m[0mdebug[0m] [0m[0m> Exec(resumeFromFailure, None, None)[0m
[0m[[0m[0mdebug[0m] [0m[0m> Exec(notifyUsersAboutShell, None, None)[0m
[0m[[0m[0mdebug[0m] [0m[0m> Exec(iflast shell, None, None)[0m
[0m[[0m[0mdebug[0m] [0m[0m> Exec(run, None, None)[0m
[0m[[0m[0mdebug[0m] [0m[0mEvaluating tasks: Compile / run[0m
[0m[[0m[0mdebug[0m] [0m[0mRunning task... Cancel: Signal, check cycles: false, forcegc: true[0m
[0m[[0m[0minfo[0m] [0m[0mUpdating tea-growth-record_2.13[0m
[0m[[0m[0minfo[0m] [0m[0mResolved tea-growth-record_2.13 dependencies[0m
[0m[[0m[0minfo[0m] [0m[0mUpdating tea-growth-record_2.13[0m
[0m[[0m[0minfo[0m] [0m[0mResolved tea-growth-record_2.13 dependencies[0m
[0m[[0m[0minfo[0m] [0m[0mFetching artifacts of tea-growth-record_2.13[0m
[0m[[0m[0minfo[0m] [0m[0mFetched artifacts of tea-growth-record_2.13[0m
[0m[[0m[33mwarn[0m] [0m[0mfound version conflict(s) in library dependencies; some are suspected to be binary incompatible:[0m
[0m[[0m[33mwarn[0m] [0m[0m	* com.typesafe.slick:slick-hikaricp_2.13:3.4.1 (pvp) is selected over {3.3.3}[0m
[0m[[0m[33mwarn[0m] [0m[0m	    +- com.example:tea-growth-record_2.13:1.0-SNAPSHOT    (depends on 3.4.1)[0m
[0m[[0m[33mwarn[0m] [0m[0m	    +- com.typesafe.play:play-slick_2.13:5.2.0            (depends on 3.4.1)[0m
[0m[[0m[33mwarn[0m] [0m[0m	    +- com.typesafe.slick:slick-hikaricp_2.13:3.3.3       (depends on 3.3.3)[0m
[0m[[0m[33mwarn[0m] [0m[0m	* com.typesafe.slick:slick_2.13:3.4.1 (pvp) is selected over {3.3.3}[0m
[0m[[0m[33mwarn[0m] [0m[0m	    +- com.example:tea-growth-record_2.13:1.0-SNAPSHOT    (depends on 3.4.1)[0m
[0m[[0m[33mwarn[0m] [0m[0m	    +- com.typesafe.play:play-slick_2.13:5.2.0            (depends on 3.4.1)[0m
[0m[[0m[33mwarn[0m] [0m[0m	    +- com.typesafe.slick:slick-hikaricp_2.13:3.3.3       (depends on 3.4.1)[0m
[0m[[0m[33mwarn[0m] [0m[0m	    +- com.typesafe.slick:slick-codegen_2.13:3.3.3        (depends on 3.3.3)[0m
[0m[[0m[33mwarn[0m] [0m[0m	    +- com.typesafe.slick:slick_2.13:3.3.3                (depends on 3.3.3)[0m
[0m[[0m[0mdebug[0m] [0m[0mRunning task... Cancel: Signal, check cycles: false, forcegc: true[0m
[0m[[0m[0minfo[0m] [0m[0mFormatting 1 Scala source ProjectRef(uri("file:/Users/io/GitHub/WebProjects/Fullstack/tea-growth-record/server/"), "root")(compile) ...[0m
[0m[[0m[0minfo[0m] [0m[0mReformatted 1 Scala source ProjectRef(uri("file:/Users/io/GitHub/WebProjects/Fullstack/tea-growth-record/server/"), "root")(compile).[0m
[0m[[0m[0minfo[0m] [0m[0mcompiling 3 Scala sources to /Users/io/GitHub/WebProjects/Fullstack/tea-growth-record/server/target/scala-2.13/classes ...[0m
[0m[[0m[31merror[0m] [0m[0m/Users/io/GitHub/WebProjects/Fullstack/tea-growth-record/server/app/controllers/AuthController.scala:43:25: type mismatch;[0m
[0m[[0m[31merror[0m] [0m[0m found   : play.api.data.Form[controllers.LoginData][0m
[0m[[0m[31merror[0m] [0m[0m required: play.api.data.Form[forms.Forms.LoginData][0m
[0m[[0m[31merror[0m] [0m[0m    Ok(views.html.login(loginForm))[0m
[0m[[0m[31merror[0m] [0m[0m                        ^[0m
[0m[[0m[31merror[0m] [0m[0m/Users/io/GitHub/WebProjects/Fullstack/tea-growth-record/server/app/controllers/AuthController.scala:50:28: type mismatch;[0m
[0m[[0m[31merror[0m] [0m[0m found   : play.api.data.Form[controllers.RegisterData][0m
[0m[[0m[31merror[0m] [0m[0m required: play.api.data.Form[forms.Forms.RegisterData][0m
[0m[[0m[31merror[0m] [0m[0m    Ok(views.html.register(registerForm))[0m
[0m[[0m[31merror[0m] [0m[0m                           ^[0m
[0m[[0m[31merror[0m] [0m[0m/Users/io/GitHub/WebProjects/Fullstack/tea-growth-record/server/app/controllers/AuthController.scala:86:21: value get is not a member of services.UserService[0m
[0m[[0m[31merror[0m] [0m[0m        userService.get(userId).map {[0m
[0m[[0m[31merror[0m] [0m[0m                    ^[0m
[0m[[0m[31merror[0m] [0m[0m/Users/io/GitHub/WebProjects/Fullstack/tea-growth-record/server/app/controllers/AuthController.scala:91:30: value id is not a member of Any[0m
[0m[[0m[31merror[0m] [0m[0m                "id" -> user.id,[0m
[0m[[0m[31merror[0m] [0m[0m                             ^[0m
[0m[[0m[31merror[0m] [0m[0m/Users/io/GitHub/WebProjects/Fullstack/tea-growth-record/server/app/controllers/AuthController.scala:92:33: value email is not a member of Any[0m
[0m[[0m[31merror[0m] [0m[0m                "email" -> user.email)))[0m
[0m[[0m[31merror[0m] [0m[0m                                ^[0m
[0m[[0m[33mwarn[0m] [0m[0m/Users/io/GitHub/WebProjects/Fullstack/tea-growth-record/server/app/controllers/AuthController.scala:57:15: Auto-application to `()` is deprecated. Supply the empty argument list `()` explicitly to invoke method bindFromRequest,[0m
[0m[[0m[33mwarn[0m] [0m[0mor remove the empty argument list from its definition (Java-defined methods are exempt).[0m
[0m[[0m[33mwarn[0m] [0m[0mIn Scala 3, an unapplied method like this will be eta-expanded into a function. [quickfixable][0m
[0m[[0m[33mwarn[0m] [0m[0m    loginForm.bindFromRequest.fold([0m
[0m[[0m[33mwarn[0m] [0m[0m              ^[0m
[0m[[0m[33mwarn[0m] [0m[0m/Users/io/GitHub/WebProjects/Fullstack/tea-growth-record/server/app/controllers/AuthController.scala:105:18: Auto-application to `()` is deprecated. Supply the empty argument list `()` explicitly to invoke method bindFromRequest,[0m
[0m[[0m[33mwarn[0m] [0m[0mor remove the empty argument list from its definition (Java-defined methods are exempt).[0m
[0m[[0m[33mwarn[0m] [0m[0mIn Scala 3, an unapplied method like this will be eta-expanded into a function. [quickfixable][0m
[0m[[0m[33mwarn[0m] [0m[0m    registerForm.bindFromRequest.fold([0m
[0m[[0m[33mwarn[0m] [0m[0m                 ^[0m
[0m[[0m[31merror[0m] [0m[0m/Users/io/GitHub/WebProjects/Fullstack/tea-growth-record/server/app/services/EmailService.scala:4:22: object mailer is not a member of package play.api.libs[0m
[0m[[0m[31merror[0m] [0m[0mimport play.api.libs.mailer._[0m
[0m[[0m[31merror[0m] [0m[0m                     ^[0m
[0m[[0m[31merror[0m] [0m[0m/Users/io/GitHub/WebProjects/Fullstack/tea-growth-record/server/app/services/EmailService.scala:10:17: not found: type MailerClient[0m
[0m[[0m[31merror[0m] [0m[0m  mailerClient: MailerClient,[0m
[0m[[0m[31merror[0m] [0m[0m                ^[0m
[0m[[0m[31merror[0m] [0m[0m/Users/io/GitHub/WebProjects/Fullstack/tea-growth-record/server/app/services/EmailService.scala:21:17: not found: value Email[0m
[0m[[0m[31merror[0m] [0m[0m    val email = Email([0m
[0m[[0m[31merror[0m] [0m[0m                ^[0m
[0m[[0m[31merror[0m] [0m[0m/Users/io/GitHub/WebProjects/Fullstack/tea-growth-record/server/app/services/EmailService.scala:22:7: not found: value subject[0m
[0m[[0m[31merror[0m] [0m[0m      subject = "パスワードリセット - お茶の木成長記録",[0m
[0m[[0m[31merror[0m] [0m[0m      ^[0m
[0m[[0m[31merror[0m] [0m[0m/Users/io/GitHub/WebProjects/Fullstack/tea-growth-record/server/app/services/EmailService.scala:23:12: reassignment to val[0m
[0m[[0m[31merror[0m] [0m[0m      from = from,[0m
[0m[[0m[31merror[0m] [0m[0m           ^[0m
[0m[[0m[31merror[0m] [0m[0m/Users/io/GitHub/WebProjects/Fullstack/tea-growth-record/server/app/services/EmailService.scala:24:7: not found: value to[0m
[0m[[0m[31merror[0m] [0m[0m      to = Seq(username),[0m
[0m[[0m[31merror[0m] [0m[0m      ^[0m
[0m[[0m[31merror[0m] [0m[0m/Users/io/GitHub/WebProjects/Fullstack/tea-growth-record/server/app/services/EmailService.scala:25:7: not found: value bodyText[0m
[0m[[0m[31merror[0m] [0m[0m      bodyText = Some(s"""[0m
[0m[[0m[31merror[0m] [0m[0m      ^[0m
[0m[[0m[31merror[0m] [0m[0m/Users/io/GitHub/WebProjects/Fullstack/tea-growth-record/server/app/services/EmailService.scala:41:7: not found: value bodyHtml[0m
[0m[[0m[31merror[0m] [0m[0m      bodyHtml = Some(s"""[0m
[0m[[0m[31merror[0m] [0m[0m      ^[0m
[0m[[0m[31merror[0m] [0m[0m/Users/io/GitHub/WebProjects/Fullstack/tea-growth-record/server/app/services/UserService.scala:8:12: object mindrot is not a member of package org[0m
[0m[[0m[31merror[0m] [0m[0mimport org.mindrot.jbcrypt.BCrypt[0m
[0m[[0m[31merror[0m] [0m[0m           ^[0m
[0m[[0m[31merror[0m] [0m[0m/Users/io/GitHub/WebProjects/Fullstack/tea-growth-record/server/app/services/UserService.scala:23:5: not found: value BCrypt[0m
[0m[[0m[31merror[0m] [0m[0m    BCrypt.hashpw(password, BCrypt.gensalt())[0m
[0m[[0m[31merror[0m] [0m[0m    ^[0m
[0m[[0m[31merror[0m] [0m[0m/Users/io/GitHub/WebProjects/Fullstack/tea-growth-record/server/app/services/UserService.scala:23:29: not found: value BCrypt[0m
[0m[[0m[31merror[0m] [0m[0m    BCrypt.hashpw(password, BCrypt.gensalt())[0m
[0m[[0m[31merror[0m] [0m[0m                            ^[0m
[0m[[0m[31merror[0m] [0m[0m/Users/io/GitHub/WebProjects/Fullstack/tea-growth-record/server/app/services/UserService.scala:27:5: not found: value BCrypt[0m
[0m[[0m[31merror[0m] [0m[0m    BCrypt.checkpw(password, hashedPassword)[0m
[0m[[0m[31merror[0m] [0m[0m    ^[0m
[0m[[0m[33mwarn[0m] [0m[0mtwo warnings found[0m
[0m[[0m[31merror[0m] [0m[0m17 errors found[0m
[0m[[0m[0mdebug[0m] [0m[0mForcing garbage collection...[0m
[0m[[0m[31merror[0m] [0m[0m(Compile / [31mcompileIncremental[0m) Compilation failed[0m
[0m[[0m[0mdebug[0m] [0m[0mRunning task... Cancel: Signal, check cycles: false, forcegc: true[0m
[0m[[0m[0mdebug[0m] [0m[0mRunning task... Cancel: Signal, check cycles: false, forcegc: true[0m
[0m[[0m[0mdebug[0m] [0m[0mRunning task... Cancel: Signal, check cycles: false, forcegc: true[0m
[0m[[0m[0minfo[0m] [0m[0mcompiling 3 Scala sources to /Users/io/GitHub/WebProjects/Fullstack/tea-growth-record/server/target/scala-2.13/classes ...[0m
[0m[[0m[31merror[0m] [0m[0m/Users/io/GitHub/WebProjects/Fullstack/tea-growth-record/server/app/controllers/AuthController.scala:43:25: type mismatch;[0m
[0m[[0m[31merror[0m] [0m[0m found   : play.api.data.Form[controllers.LoginData][0m
[0m[[0m[31merror[0m] [0m[0m required: play.api.data.Form[forms.Forms.LoginData][0m
[0m[[0m[31merror[0m] [0m[0m    Ok(views.html.login(loginForm))[0m
[0m[[0m[31merror[0m] [0m[0m                        ^[0m
[0m[[0m[31merror[0m] [0m[0m/Users/io/GitHub/WebProjects/Fullstack/tea-growth-record/server/app/controllers/AuthController.scala:50:28: type mismatch;[0m
[0m[[0m[31merror[0m] [0m[0m found   : play.api.data.Form[controllers.RegisterData][0m
[0m[[0m[31merror[0m] [0m[0m required: play.api.data.Form[forms.Forms.RegisterData][0m
[0m[[0m[31merror[0m] [0m[0m    Ok(views.html.register(registerForm))[0m
[0m[[0m[31merror[0m] [0m[0m                           ^[0m
[0m[[0m[31merror[0m] [0m[0m/Users/io/GitHub/WebProjects/Fullstack/tea-growth-record/server/app/controllers/AuthController.scala:86:21: value get is not a member of services.UserService[0m
[0m[[0m[31merror[0m] [0m[0m        userService.get(userId).map {[0m
[0m[[0m[31merror[0m] [0m[0m                    ^[0m
[0m[[0m[31merror[0m] [0m[0m/Users/io/GitHub/WebProjects/Fullstack/tea-growth-record/server/app/controllers/AuthController.scala:91:30: value id is not a member of Any[0m
[0m[[0m[31merror[0m] [0m[0m                "id" -> user.id,[0m
[0m[[0m[31merror[0m] [0m[0m                             ^[0m
[0m[[0m[31merror[0m] [0m[0m/Users/io/GitHub/WebProjects/Fullstack/tea-growth-record/server/app/controllers/AuthController.scala:92:33: value email is not a member of Any[0m
[0m[[0m[31merror[0m] [0m[0m                "email" -> user.email)))[0m
[0m[[0m[31merror[0m] [0m[0m                                ^[0m
[0m[[0m[33mwarn[0m] [0m[0m/Users/io/GitHub/WebProjects/Fullstack/tea-growth-record/server/app/controllers/AuthController.scala:57:15: Auto-application to `()` is deprecated. Supply the empty argument list `()` explicitly to invoke method bindFromRequest,[0m
[0m[[0m[33mwarn[0m] [0m[0mor remove the empty argument list from its definition (Java-defined methods are exempt).[0m
[0m[[0m[33mwarn[0m] [0m[0mIn Scala 3, an unapplied method like this will be eta-expanded into a function. [quickfixable][0m
[0m[[0m[33mwarn[0m] [0m[0m    loginForm.bindFromRequest.fold([0m
[0m[[0m[33mwarn[0m] [0m[0m              ^[0m
[0m[[0m[33mwarn[0m] [0m[0m/Users/io/GitHub/WebProjects/Fullstack/tea-growth-record/server/app/controllers/AuthController.scala:105:18: Auto-application to `()` is deprecated. Supply the empty argument list `()` explicitly to invoke method bindFromRequest,[0m
[0m[[0m[33mwarn[0m] [0m[0mor remove the empty argument list from its definition (Java-defined methods are exempt).[0m
[0m[[0m[33mwarn[0m] [0m[0mIn Scala 3, an unapplied method like this will be eta-expanded into a function. [quickfixable][0m
[0m[[0m[33mwarn[0m] [0m[0m    registerForm.bindFromRequest.fold([0m
[0m[[0m[33mwarn[0m] [0m[0m                 ^[0m
[0m[[0m[31merror[0m] [0m[0m/Users/io/GitHub/WebProjects/Fullstack/tea-growth-record/server/app/services/EmailService.scala:4:22: object mailer is not a member of package play.api.libs[0m
[0m[[0m[31merror[0m] [0m[0mimport play.api.libs.mailer._[0m
[0m[[0m[31merror[0m] [0m[0m                     ^[0m
[0m[[0m[31merror[0m] [0m[0m/Users/io/GitHub/WebProjects/Fullstack/tea-growth-record/server/app/services/EmailService.scala:10:17: not found: type MailerClient[0m
[0m[[0m[31merror[0m] [0m[0m  mailerClient: MailerClient,[0m
[0m[[0m[31merror[0m] [0m[0m                ^[0m
[0m[[0m[31merror[0m] [0m[0m/Users/io/GitHub/WebProjects/Fullstack/tea-growth-record/server/app/services/EmailService.scala:21:17: not found: value Email[0m
[0m[[0m[31merror[0m] [0m[0m    val email = Email([0m
[0m[[0m[31merror[0m] [0m[0m                ^[0m
[0m[[0m[31merror[0m] [0m[0m/Users/io/GitHub/WebProjects/Fullstack/tea-growth-record/server/app/services/EmailService.scala:22:7: not found: value subject[0m
[0m[[0m[31merror[0m] [0m[0m      subject = "パスワードリセット - お茶の木成長記録",[0m
[0m[[0m[31merror[0m] [0m[0m      ^[0m
[0m[[0m[31merror[0m] [0m[0m/Users/io/GitHub/WebProjects/Fullstack/tea-growth-record/server/app/services/EmailService.scala:23:12: reassignment to val[0m
[0m[[0m[31merror[0m] [0m[0m      from = from,[0m
[0m[[0m[31merror[0m] [0m[0m           ^[0m
[0m[[0m[31merror[0m] [0m[0m/Users/io/GitHub/WebProjects/Fullstack/tea-growth-record/server/app/services/EmailService.scala:24:7: not found: value to[0m
[0m[[0m[31merror[0m] [0m[0m      to = Seq(username),[0m
[0m[[0m[31merror[0m] [0m[0m      ^[0m
[0m[[0m[31merror[0m] [0m[0m/Users/io/GitHub/WebProjects/Fullstack/tea-growth-record/server/app/services/EmailService.scala:25:7: not found: value bodyText[0m
[0m[[0m[31merror[0m] [0m[0m      bodyText = Some(s"""[0m
[0m[[0m[31merror[0m] [0m[0m      ^[0m
[0m[[0m[31merror[0m] [0m[0m/Users/io/GitHub/WebProjects/Fullstack/tea-growth-record/server/app/services/EmailService.scala:41:7: not found: value bodyHtml[0m
[0m[[0m[31merror[0m] [0m[0m      bodyHtml = Some(s"""[0m
[0m[[0m[31merror[0m] [0m[0m      ^[0m
[0m[[0m[31merror[0m] [0m[0m/Users/io/GitHub/WebProjects/Fullstack/tea-growth-record/server/app/services/UserService.scala:8:12: object mindrot is not a member of package org[0m
[0m[[0m[31merror[0m] [0m[0mimport org.mindrot.jbcrypt.BCrypt[0m
[0m[[0m[31merror[0m] [0m[0m           ^[0m
[0m[[0m[31merror[0m] [0m[0m/Users/io/GitHub/WebProjects/Fullstack/tea-growth-record/server/app/services/UserService.scala:23:5: not found: value BCrypt[0m
[0m[[0m[31merror[0m] [0m[0m    BCrypt.hashpw(password, BCrypt.gensalt())[0m
[0m[[0m[31merror[0m] [0m[0m    ^[0m
[0m[[0m[31merror[0m] [0m[0m/Users/io/GitHub/WebProjects/Fullstack/tea-growth-record/server/app/services/UserService.scala:23:29: not found: value BCrypt[0m
[0m[[0m[31merror[0m] [0m[0m    BCrypt.hashpw(password, BCrypt.gensalt())[0m
[0m[[0m[31merror[0m] [0m[0m                            ^[0m
[0m[[0m[31merror[0m] [0m[0m/Users/io/GitHub/WebProjects/Fullstack/tea-growth-record/server/app/services/UserService.scala:27:5: not found: value BCrypt[0m
[0m[[0m[31merror[0m] [0m[0m    BCrypt.checkpw(password, hashedPassword)[0m
[0m[[0m[31merror[0m] [0m[0m    ^[0m
[0m[[0m[33mwarn[0m] [0m[0mtwo warnings found[0m
[0m[[0m[31merror[0m] [0m[0m17 errors found[0m
[0m[[0m[31merror[0m] [0m[0m(Compile / [31mcompileIncremental[0m) Compilation failed[0m
[0m[[0m[0mdebug[0m] [0m[0mRunning task... Cancel: Signal, check cycles: false, forcegc: true[0m
[0m[[0m[0mdebug[0m] [0m[0mRunning task... Cancel: Signal, check cycles: false, forcegc: true[0m
[0m[[0m[0mdebug[0m] [0m[0mRunning task... Cancel: Signal, check cycles: false, forcegc: true[0m
[0m[[0m[0minfo[0m] [0m[0mcompiling 3 Scala sources to /Users/io/GitHub/WebProjects/Fullstack/tea-growth-record/server/target/scala-2.13/classes ...[0m
[0m[[0m[31merror[0m] [0m[0m/Users/io/GitHub/WebProjects/Fullstack/tea-growth-record/server/app/controllers/AuthController.scala:43:25: type mismatch;[0m
[0m[[0m[31merror[0m] [0m[0m found   : play.api.data.Form[controllers.LoginData][0m
[0m[[0m[31merror[0m] [0m[0m required: play.api.data.Form[forms.Forms.LoginData][0m
[0m[[0m[31merror[0m] [0m[0m    Ok(views.html.login(loginForm))[0m
[0m[[0m[31merror[0m] [0m[0m                        ^[0m
[0m[[0m[31merror[0m] [0m[0m/Users/io/GitHub/WebProjects/Fullstack/tea-growth-record/server/app/controllers/AuthController.scala:50:28: type mismatch;[0m
[0m[[0m[31merror[0m] [0m[0m found   : play.api.data.Form[controllers.RegisterData][0m
[0m[[0m[31merror[0m] [0m[0m required: play.api.data.Form[forms.Forms.RegisterData][0m
[0m[[0m[31merror[0m] [0m[0m    Ok(views.html.register(registerForm))[0m
[0m[[0m[31merror[0m] [0m[0m                           ^[0m
[0m[[0m[31merror[0m] [0m[0m/Users/io/GitHub/WebProjects/Fullstack/tea-growth-record/server/app/controllers/AuthController.scala:86:21: value get is not a member of services.UserService[0m
[0m[[0m[31merror[0m] [0m[0m        userService.get(userId).map {[0m
[0m[[0m[31merror[0m] [0m[0m                    ^[0m
[0m[[0m[31merror[0m] [0m[0m/Users/io/GitHub/WebProjects/Fullstack/tea-growth-record/server/app/controllers/AuthController.scala:91:30: value id is not a member of Any[0m
[0m[[0m[31merror[0m] [0m[0m                "id" -> user.id,[0m
[0m[[0m[31merror[0m] [0m[0m                             ^[0m
[0m[[0m[31merror[0m] [0m[0m/Users/io/GitHub/WebProjects/Fullstack/tea-growth-record/server/app/controllers/AuthController.scala:92:33: value email is not a member of Any[0m
[0m[[0m[31merror[0m] [0m[0m                "email" -> user.email)))[0m
[0m[[0m[31merror[0m] [0m[0m                                ^[0m
[0m[[0m[33mwarn[0m] [0m[0m/Users/io/GitHub/WebProjects/Fullstack/tea-growth-record/server/app/controllers/AuthController.scala:57:15: Auto-application to `()` is deprecated. Supply the empty argument list `()` explicitly to invoke method bindFromRequest,[0m
[0m[[0m[33mwarn[0m] [0m[0mor remove the empty argument list from its definition (Java-defined methods are exempt).[0m
[0m[[0m[33mwarn[0m] [0m[0mIn Scala 3, an unapplied method like this will be eta-expanded into a function. [quickfixable][0m
[0m[[0m[33mwarn[0m] [0m[0m    loginForm.bindFromRequest.fold([0m
[0m[[0m[33mwarn[0m] [0m[0m              ^[0m
[0m[[0m[33mwarn[0m] [0m[0m/Users/io/GitHub/WebProjects/Fullstack/tea-growth-record/server/app/controllers/AuthController.scala:105:18: Auto-application to `()` is deprecated. Supply the empty argument list `()` explicitly to invoke method bindFromRequest,[0m
[0m[[0m[33mwarn[0m] [0m[0mor remove the empty argument list from its definition (Java-defined methods are exempt).[0m
[0m[[0m[33mwarn[0m] [0m[0mIn Scala 3, an unapplied method like this will be eta-expanded into a function. [quickfixable][0m
[0m[[0m[33mwarn[0m] [0m[0m    registerForm.bindFromRequest.fold([0m
[0m[[0m[33mwarn[0m] [0m[0m                 ^[0m
[0m[[0m[31merror[0m] [0m[0m/Users/io/GitHub/WebProjects/Fullstack/tea-growth-record/server/app/services/EmailService.scala:4:22: object mailer is not a member of package play.api.libs[0m
[0m[[0m[31merror[0m] [0m[0mimport play.api.libs.mailer._[0m
[0m[[0m[31merror[0m] [0m[0m                     ^[0m
[0m[[0m[31merror[0m] [0m[0m/Users/io/GitHub/WebProjects/Fullstack/tea-growth-record/server/app/services/EmailService.scala:10:17: not found: type MailerClient[0m
[0m[[0m[31merror[0m] [0m[0m  mailerClient: MailerClient,[0m
[0m[[0m[31merror[0m] [0m[0m                ^[0m
[0m[[0m[31merror[0m] [0m[0m/Users/io/GitHub/WebProjects/Fullstack/tea-growth-record/server/app/services/EmailService.scala:21:17: not found: value Email[0m
[0m[[0m[31merror[0m] [0m[0m    val email = Email([0m
[0m[[0m[31merror[0m] [0m[0m                ^[0m
[0m[[0m[31merror[0m] [0m[0m/Users/io/GitHub/WebProjects/Fullstack/tea-growth-record/server/app/services/EmailService.scala:22:7: not found: value subject[0m
[0m[[0m[31merror[0m] [0m[0m      subject = "パスワードリセット - お茶の木成長記録",[0m
[0m[[0m[31merror[0m] [0m[0m      ^[0m
[0m[[0m[31merror[0m] [0m[0m/Users/io/GitHub/WebProjects/Fullstack/tea-growth-record/server/app/services/EmailService.scala:23:12: reassignment to val[0m
[0m[[0m[31merror[0m] [0m[0m      from = from,[0m
[0m[[0m[31merror[0m] [0m[0m           ^[0m
[0m[[0m[31merror[0m] [0m[0m/Users/io/GitHub/WebProjects/Fullstack/tea-growth-record/server/app/services/EmailService.scala:24:7: not found: value to[0m
[0m[[0m[31merror[0m] [0m[0m      to = Seq(username),[0m
[0m[[0m[31merror[0m] [0m[0m      ^[0m
[0m[[0m[31merror[0m] [0m[0m/Users/io/GitHub/WebProjects/Fullstack/tea-growth-record/server/app/services/EmailService.scala:25:7: not found: value bodyText[0m
[0m[[0m[31merror[0m] [0m[0m      bodyText = Some(s"""[0m
[0m[[0m[31merror[0m] [0m[0m      ^[0m
[0m[[0m[31merror[0m] [0m[0m/Users/io/GitHub/WebProjects/Fullstack/tea-growth-record/server/app/services/EmailService.scala:41:7: not found: value bodyHtml[0m
[0m[[0m[31merror[0m] [0m[0m      bodyHtml = Some(s"""[0m
[0m[[0m[31merror[0m] [0m[0m      ^[0m
[0m[[0m[31merror[0m] [0m[0m/Users/io/GitHub/WebProjects/Fullstack/tea-growth-record/server/app/services/UserService.scala:8:12: object mindrot is not a member of package org[0m
[0m[[0m[31merror[0m] [0m[0mimport org.mindrot.jbcrypt.BCrypt[0m
[0m[[0m[31merror[0m] [0m[0m           ^[0m
[0m[[0m[31merror[0m] [0m[0m/Users/io/GitHub/WebProjects/Fullstack/tea-growth-record/server/app/services/UserService.scala:23:5: not found: value BCrypt[0m
[0m[[0m[31merror[0m] [0m[0m    BCrypt.hashpw(password, BCrypt.gensalt())[0m
[0m[[0m[31merror[0m] [0m[0m    ^[0m
[0m[[0m[31merror[0m] [0m[0m/Users/io/GitHub/WebProjects/Fullstack/tea-growth-record/server/app/services/UserService.scala:23:29: not found: value BCrypt[0m
[0m[[0m[31merror[0m] [0m[0m    BCrypt.hashpw(password, BCrypt.gensalt())[0m
[0m[[0m[31merror[0m] [0m[0m                            ^[0m
[0m[[0m[31merror[0m] [0m[0m/Users/io/GitHub/WebProjects/Fullstack/tea-growth-record/server/app/services/UserService.scala:27:5: not found: value BCrypt[0m
[0m[[0m[31merror[0m] [0m[0m    BCrypt.checkpw(password, hashedPassword)[0m
[0m[[0m[31merror[0m] [0m[0m    ^[0m
[0m[[0m[33mwarn[0m] [0m[0mtwo warnings found[0m
[0m[[0m[31merror[0m] [0m[0m17 errors found[0m
[0m[[0m[31merror[0m] [0m[0m(Compile / [31mcompileIncremental[0m) Compilation failed[0m
[0m[[0m[0mdebug[0m] [0m[0mRunning task... Cancel: Signal, check cycles: false, forcegc: true[0m
[0m[[0m[0mdebug[0m] [0m[0mRunning task... Cancel: Signal, check cycles: false, forcegc: true[0m
[0m[[0m[0mdebug[0m] [0m[0mRunning task... Cancel: Signal, check cycles: false, forcegc: true[0m
[0m[[0m[0minfo[0m] [0m[0mcompiling 3 Scala sources to /Users/io/GitHub/WebProjects/Fullstack/tea-growth-record/server/target/scala-2.13/classes ...[0m
[0m[[0m[31merror[0m] [0m[0m/Users/io/GitHub/WebProjects/Fullstack/tea-growth-record/server/app/controllers/AuthController.scala:43:25: type mismatch;[0m
[0m[[0m[31merror[0m] [0m[0m found   : play.api.data.Form[controllers.LoginData][0m
[0m[[0m[31merror[0m] [0m[0m required: play.api.data.Form[forms.Forms.LoginData][0m
[0m[[0m[31merror[0m] [0m[0m    Ok(views.html.login(loginForm))[0m
[0m[[0m[31merror[0m] [0m[0m                        ^[0m
[0m[[0m[31merror[0m] [0m[0m/Users/io/GitHub/WebProjects/Fullstack/tea-growth-record/server/app/controllers/AuthController.scala:50:28: type mismatch;[0m
[0m[[0m[31merror[0m] [0m[0m found   : play.api.data.Form[controllers.RegisterData][0m
[0m[[0m[31merror[0m] [0m[0m required: play.api.data.Form[forms.Forms.RegisterData][0m
[0m[[0m[31merror[0m] [0m[0m    Ok(views.html.register(registerForm))[0m
[0m[[0m[31merror[0m] [0m[0m                           ^[0m
[0m[[0m[31merror[0m] [0m[0m/Users/io/GitHub/WebProjects/Fullstack/tea-growth-record/server/app/controllers/AuthController.scala:86:21: value get is not a member of services.UserService[0m
[0m[[0m[31merror[0m] [0m[0m        userService.get(userId).map {[0m
[0m[[0m[31merror[0m] [0m[0m                    ^[0m
[0m[[0m[31merror[0m] [0m[0m/Users/io/GitHub/WebProjects/Fullstack/tea-growth-record/server/app/controllers/AuthController.scala:91:30: value id is not a member of Any[0m
[0m[[0m[31merror[0m] [0m[0m                "id" -> user.id,[0m
[0m[[0m[31merror[0m] [0m[0m                             ^[0m
[0m[[0m[31merror[0m] [0m[0m/Users/io/GitHub/WebProjects/Fullstack/tea-growth-record/server/app/controllers/AuthController.scala:92:33: value email is not a member of Any[0m
[0m[[0m[31merror[0m] [0m[0m                "email" -> user.email)))[0m
[0m[[0m[31merror[0m] [0m[0m                                ^[0m
[0m[[0m[33mwarn[0m] [0m[0m/Users/io/GitHub/WebProjects/Fullstack/tea-growth-record/server/app/controllers/AuthController.scala:57:15: Auto-application to `()` is deprecated. Supply the empty argument list `()` explicitly to invoke method bindFromRequest,[0m
[0m[[0m[33mwarn[0m] [0m[0mor remove the empty argument list from its definition (Java-defined methods are exempt).[0m
[0m[[0m[33mwarn[0m] [0m[0mIn Scala 3, an unapplied method like this will be eta-expanded into a function. [quickfixable][0m
[0m[[0m[33mwarn[0m] [0m[0m    loginForm.bindFromRequest.fold([0m
[0m[[0m[33mwarn[0m] [0m[0m              ^[0m
[0m[[0m[33mwarn[0m] [0m[0m/Users/io/GitHub/WebProjects/Fullstack/tea-growth-record/server/app/controllers/AuthController.scala:105:18: Auto-application to `()` is deprecated. Supply the empty argument list `()` explicitly to invoke method bindFromRequest,[0m
[0m[[0m[33mwarn[0m] [0m[0mor remove the empty argument list from its definition (Java-defined methods are exempt).[0m
[0m[[0m[33mwarn[0m] [0m[0mIn Scala 3, an unapplied method like this will be eta-expanded into a function. [quickfixable][0m
[0m[[0m[33mwarn[0m] [0m[0m    registerForm.bindFromRequest.fold([0m
[0m[[0m[33mwarn[0m] [0m[0m                 ^[0m
[0m[[0m[31merror[0m] [0m[0m/Users/io/GitHub/WebProjects/Fullstack/tea-growth-record/server/app/services/EmailService.scala:4:22: object mailer is not a member of package play.api.libs[0m
[0m[[0m[31merror[0m] [0m[0mimport play.api.libs.mailer._[0m
[0m[[0m[31merror[0m] [0m[0m                     ^[0m
[0m[[0m[31merror[0m] [0m[0m/Users/io/GitHub/WebProjects/Fullstack/tea-growth-record/server/app/services/EmailService.scala:10:17: not found: type MailerClient[0m
[0m[[0m[31merror[0m] [0m[0m  mailerClient: MailerClient,[0m
[0m[[0m[31merror[0m] [0m[0m                ^[0m
[0m[[0m[31merror[0m] [0m[0m/Users/io/GitHub/WebProjects/Fullstack/tea-growth-record/server/app/services/EmailService.scala:21:17: not found: value Email[0m
[0m[[0m[31merror[0m] [0m[0m    val email = Email([0m
[0m[[0m[31merror[0m] [0m[0m                ^[0m
[0m[[0m[31merror[0m] [0m[0m/Users/io/GitHub/WebProjects/Fullstack/tea-growth-record/server/app/services/EmailService.scala:22:7: not found: value subject[0m
[0m[[0m[31merror[0m] [0m[0m      subject = "パスワードリセット - お茶の木成長記録",[0m
[0m[[0m[31merror[0m] [0m[0m      ^[0m
[0m[[0m[31merror[0m] [0m[0m/Users/io/GitHub/WebProjects/Fullstack/tea-growth-record/server/app/services/EmailService.scala:23:12: reassignment to val[0m
[0m[[0m[31merror[0m] [0m[0m      from = from,[0m
[0m[[0m[31merror[0m] [0m[0m           ^[0m
[0m[[0m[31merror[0m] [0m[0m/Users/io/GitHub/WebProjects/Fullstack/tea-growth-record/server/app/services/EmailService.scala:24:7: not found: value to[0m
[0m[[0m[31merror[0m] [0m[0m      to = Seq(username),[0m
[0m[[0m[31merror[0m] [0m[0m      ^[0m
[0m[[0m[31merror[0m] [0m[0m/Users/io/GitHub/WebProjects/Fullstack/tea-growth-record/server/app/services/EmailService.scala:25:7: not found: value bodyText[0m
[0m[[0m[31merror[0m] [0m[0m      bodyText = Some(s"""[0m
[0m[[0m[31merror[0m] [0m[0m      ^[0m
[0m[[0m[31merror[0m] [0m[0m/Users/io/GitHub/WebProjects/Fullstack/tea-growth-record/server/app/services/EmailService.scala:41:7: not found: value bodyHtml[0m
[0m[[0m[31merror[0m] [0m[0m      bodyHtml = Some(s"""[0m
[0m[[0m[31merror[0m] [0m[0m      ^[0m
[0m[[0m[31merror[0m] [0m[0m/Users/io/GitHub/WebProjects/Fullstack/tea-growth-record/server/app/services/UserService.scala:8:12: object mindrot is not a member of package org[0m
[0m[[0m[31merror[0m] [0m[0mimport org.mindrot.jbcrypt.BCrypt[0m
[0m[[0m[31merror[0m] [0m[0m           ^[0m
[0m[[0m[31merror[0m] [0m[0m/Users/io/GitHub/WebProjects/Fullstack/tea-growth-record/server/app/services/UserService.scala:23:5: not found: value BCrypt[0m
[0m[[0m[31merror[0m] [0m[0m    BCrypt.hashpw(password, BCrypt.gensalt())[0m
[0m[[0m[31merror[0m] [0m[0m    ^[0m
[0m[[0m[31merror[0m] [0m[0m/Users/io/GitHub/WebProjects/Fullstack/tea-growth-record/server/app/services/UserService.scala:23:29: not found: value BCrypt[0m
[0m[[0m[31merror[0m] [0m[0m    BCrypt.hashpw(password, BCrypt.gensalt())[0m
[0m[[0m[31merror[0m] [0m[0m                            ^[0m
[0m[[0m[31merror[0m] [0m[0m/Users/io/GitHub/WebProjects/Fullstack/tea-growth-record/server/app/services/UserService.scala:27:5: not found: value BCrypt[0m
[0m[[0m[31merror[0m] [0m[0m    BCrypt.checkpw(password, hashedPassword)[0m
[0m[[0m[31merror[0m] [0m[0m    ^[0m
[0m[[0m[33mwarn[0m] [0m[0mtwo warnings found[0m
[0m[[0m[31merror[0m] [0m[0m17 errors found[0m
[0m[[0m[31merror[0m] [0m[0m(Compile / [31mcompileIncremental[0m) Compilation failed[0m
[0m[[0m[0mdebug[0m] [0m[0mRunning task... Cancel: Signal, check cycles: false, forcegc: true[0m
[0m[[0m[0mdebug[0m] [0m[0mRunning task... Cancel: Signal, check cycles: false, forcegc: true[0m
[0m[[0m[0mdebug[0m] [0m[0mRunning task... Cancel: Signal, check cycles: false, forcegc: true[0m
[0m[[0m[0minfo[0m] [0m[0mcompiling 3 Scala sources to /Users/io/GitHub/WebProjects/Fullstack/tea-growth-record/server/target/scala-2.13/classes ...[0m
[0m[[0m[31merror[0m] [0m[0m/Users/io/GitHub/WebProjects/Fullstack/tea-growth-record/server/app/controllers/AuthController.scala:43:25: type mismatch;[0m
[0m[[0m[31merror[0m] [0m[0m found   : play.api.data.Form[controllers.LoginData][0m
[0m[[0m[31merror[0m] [0m[0m required: play.api.data.Form[forms.Forms.LoginData][0m
[0m[[0m[31merror[0m] [0m[0m    Ok(views.html.login(loginForm))[0m
[0m[[0m[31merror[0m] [0m[0m                        ^[0m
[0m[[0m[31merror[0m] [0m[0m/Users/io/GitHub/WebProjects/Fullstack/tea-growth-record/server/app/controllers/AuthController.scala:50:28: type mismatch;[0m
[0m[[0m[31merror[0m] [0m[0m found   : play.api.data.Form[controllers.RegisterData][0m
[0m[[0m[31merror[0m] [0m[0m required: play.api.data.Form[forms.Forms.RegisterData][0m
[0m[[0m[31merror[0m] [0m[0m    Ok(views.html.register(registerForm))[0m
[0m[[0m[31merror[0m] [0m[0m                           ^[0m
[0m[[0m[31merror[0m] [0m[0m/Users/io/GitHub/WebProjects/Fullstack/tea-growth-record/server/app/controllers/AuthController.scala:86:21: value get is not a member of services.UserService[0m
[0m[[0m[31merror[0m] [0m[0m        userService.get(userId).map {[0m
[0m[[0m[31merror[0m] [0m[0m                    ^[0m
[0m[[0m[31merror[0m] [0m[0m/Users/io/GitHub/WebProjects/Fullstack/tea-growth-record/server/app/controllers/AuthController.scala:91:30: value id is not a member of Any[0m
[0m[[0m[31merror[0m] [0m[0m                "id" -> user.id,[0m
[0m[[0m[31merror[0m] [0m[0m                             ^[0m
[0m[[0m[31merror[0m] [0m[0m/Users/io/GitHub/WebProjects/Fullstack/tea-growth-record/server/app/controllers/AuthController.scala:92:33: value email is not a member of Any[0m
[0m[[0m[31merror[0m] [0m[0m                "email" -> user.email)))[0m
[0m[[0m[31merror[0m] [0m[0m                                ^[0m
[0m[[0m[33mwarn[0m] [0m[0m/Users/io/GitHub/WebProjects/Fullstack/tea-growth-record/server/app/controllers/AuthController.scala:57:15: Auto-application to `()` is deprecated. Supply the empty argument list `()` explicitly to invoke method bindFromRequest,[0m
[0m[[0m[33mwarn[0m] [0m[0mor remove the empty argument list from its definition (Java-defined methods are exempt).[0m
[0m[[0m[33mwarn[0m] [0m[0mIn Scala 3, an unapplied method like this will be eta-expanded into a function. [quickfixable][0m
[0m[[0m[33mwarn[0m] [0m[0m    loginForm.bindFromRequest.fold([0m
[0m[[0m[33mwarn[0m] [0m[0m              ^[0m
[0m[[0m[33mwarn[0m] [0m[0m/Users/io/GitHub/WebProjects/Fullstack/tea-growth-record/server/app/controllers/AuthController.scala:105:18: Auto-application to `()` is deprecated. Supply the empty argument list `()` explicitly to invoke method bindFromRequest,[0m
[0m[[0m[33mwarn[0m] [0m[0mor remove the empty argument list from its definition (Java-defined methods are exempt).[0m
[0m[[0m[33mwarn[0m] [0m[0mIn Scala 3, an unapplied method like this will be eta-expanded into a function. [quickfixable][0m
[0m[[0m[33mwarn[0m] [0m[0m    registerForm.bindFromRequest.fold([0m
[0m[[0m[33mwarn[0m] [0m[0m                 ^[0m
[0m[[0m[31merror[0m] [0m[0m/Users/io/GitHub/WebProjects/Fullstack/tea-growth-record/server/app/services/EmailService.scala:4:22: object mailer is not a member of package play.api.libs[0m
[0m[[0m[31merror[0m] [0m[0mimport play.api.libs.mailer._[0m
[0m[[0m[31merror[0m] [0m[0m                     ^[0m
[0m[[0m[31merror[0m] [0m[0m/Users/io/GitHub/WebProjects/Fullstack/tea-growth-record/server/app/services/EmailService.scala:10:17: not found: type MailerClient[0m
[0m[[0m[31merror[0m] [0m[0m  mailerClient: MailerClient,[0m
[0m[[0m[31merror[0m] [0m[0m                ^[0m
[0m[[0m[31merror[0m] [0m[0m/Users/io/GitHub/WebProjects/Fullstack/tea-growth-record/server/app/services/EmailService.scala:21:17: not found: value Email[0m
[0m[[0m[31merror[0m] [0m[0m    val email = Email([0m
[0m[[0m[31merror[0m] [0m[0m                ^[0m
[0m[[0m[31merror[0m] [0m[0m/Users/io/GitHub/WebProjects/Fullstack/tea-growth-record/server/app/services/EmailService.scala:22:7: not found: value subject[0m
[0m[[0m[31merror[0m] [0m[0m      subject = "パスワードリセット - お茶の木成長記録",[0m
[0m[[0m[31merror[0m] [0m[0m      ^[0m
[0m[[0m[31merror[0m] [0m[0m/Users/io/GitHub/WebProjects/Fullstack/tea-growth-record/server/app/services/EmailService.scala:23:12: reassignment to val[0m
[0m[[0m[31merror[0m] [0m[0m      from = from,[0m
[0m[[0m[31merror[0m] [0m[0m           ^[0m
[0m[[0m[31merror[0m] [0m[0m/Users/io/GitHub/WebProjects/Fullstack/tea-growth-record/server/app/services/EmailService.scala:24:7: not found: value to[0m
[0m[[0m[31merror[0m] [0m[0m      to = Seq(username),[0m
[0m[[0m[31merror[0m] [0m[0m      ^[0m
[0m[[0m[31merror[0m] [0m[0m/Users/io/GitHub/WebProjects/Fullstack/tea-growth-record/server/app/services/EmailService.scala:25:7: not found: value bodyText[0m
[0m[[0m[31merror[0m] [0m[0m      bodyText = Some(s"""[0m
[0m[[0m[31merror[0m] [0m[0m      ^[0m
[0m[[0m[31merror[0m] [0m[0m/Users/io/GitHub/WebProjects/Fullstack/tea-growth-record/server/app/services/EmailService.scala:41:7: not found: value bodyHtml[0m
[0m[[0m[31merror[0m] [0m[0m      bodyHtml = Some(s"""[0m
[0m[[0m[31merror[0m] [0m[0m      ^[0m
[0m[[0m[31merror[0m] [0m[0m/Users/io/GitHub/WebProjects/Fullstack/tea-growth-record/server/app/services/UserService.scala:8:12: object mindrot is not a member of package org[0m
[0m[[0m[31merror[0m] [0m[0mimport org.mindrot.jbcrypt.BCrypt[0m
[0m[[0m[31merror[0m] [0m[0m           ^[0m
[0m[[0m[31merror[0m] [0m[0m/Users/io/GitHub/WebProjects/Fullstack/tea-growth-record/server/app/services/UserService.scala:23:5: not found: value BCrypt[0m
[0m[[0m[31merror[0m] [0m[0m    BCrypt.hashpw(password, BCrypt.gensalt())[0m
[0m[[0m[31merror[0m] [0m[0m    ^[0m
[0m[[0m[31merror[0m] [0m[0m/Users/io/GitHub/WebProjects/Fullstack/tea-growth-record/server/app/services/UserService.scala:23:29: not found: value BCrypt[0m
[0m[[0m[31merror[0m] [0m[0m    BCrypt.hashpw(password, BCrypt.gensalt())[0m
[0m[[0m[31merror[0m] [0m[0m                            ^[0m
[0m[[0m[31merror[0m] [0m[0m/Users/io/GitHub/WebProjects/Fullstack/tea-growth-record/server/app/services/UserService.scala:27:5: not found: value BCrypt[0m
[0m[[0m[31merror[0m] [0m[0m    BCrypt.checkpw(password, hashedPassword)[0m
[0m[[0m[31merror[0m] [0m[0m    ^[0m
[0m[[0m[33mwarn[0m] [0m[0mtwo warnings found[0m
[0m[[0m[31merror[0m] [0m[0m17 errors found[0m
[0m[[0m[31merror[0m] [0m[0m(Compile / [31mcompileIncremental[0m) Compilation failed[0m
[0m[[0m[0mdebug[0m] [0m[0mRunning task... Cancel: Signal, check cycles: false, forcegc: true[0m
[0m[[0m[0mdebug[0m] [0m[0mRunning task... Cancel: Signal, check cycles: false, forcegc: true[0m
[0m[[0m[0mdebug[0m] [0m[0mRunning task... Cancel: Signal, check cycles: false, forcegc: true[0m
[0m[[0m[0minfo[0m] [0m[0mcompiling 3 Scala sources to /Users/io/GitHub/WebProjects/Fullstack/tea-growth-record/server/target/scala-2.13/classes ...[0m
[0m[[0m[31merror[0m] [0m[0m/Users/io/GitHub/WebProjects/Fullstack/tea-growth-record/server/app/controllers/AuthController.scala:43:25: type mismatch;[0m
[0m[[0m[31merror[0m] [0m[0m found   : play.api.data.Form[controllers.LoginData][0m
[0m[[0m[31merror[0m] [0m[0m required: play.api.data.Form[forms.Forms.LoginData][0m
[0m[[0m[31merror[0m] [0m[0m    Ok(views.html.login(loginForm))[0m
[0m[[0m[31merror[0m] [0m[0m                        ^[0m
[0m[[0m[31merror[0m] [0m[0m/Users/io/GitHub/WebProjects/Fullstack/tea-growth-record/server/app/controllers/AuthController.scala:50:28: type mismatch;[0m
[0m[[0m[31merror[0m] [0m[0m found   : play.api.data.Form[controllers.RegisterData][0m
[0m[[0m[31merror[0m] [0m[0m required: play.api.data.Form[forms.Forms.RegisterData][0m
[0m[[0m[31merror[0m] [0m[0m    Ok(views.html.register(registerForm))[0m
[0m[[0m[31merror[0m] [0m[0m                           ^[0m
[0m[[0m[31merror[0m] [0m[0m/Users/io/GitHub/WebProjects/Fullstack/tea-growth-record/server/app/controllers/AuthController.scala:86:21: value get is not a member of services.UserService[0m
[0m[[0m[31merror[0m] [0m[0m        userService.get(userId).map {[0m
[0m[[0m[31merror[0m] [0m[0m                    ^[0m
[0m[[0m[31merror[0m] [0m[0m/Users/io/GitHub/WebProjects/Fullstack/tea-growth-record/server/app/controllers/AuthController.scala:91:30: value id is not a member of Any[0m
[0m[[0m[31merror[0m] [0m[0m                "id" -> user.id,[0m
[0m[[0m[31merror[0m] [0m[0m                             ^[0m
[0m[[0m[31merror[0m] [0m[0m/Users/io/GitHub/WebProjects/Fullstack/tea-growth-record/server/app/controllers/AuthController.scala:92:33: value email is not a member of Any[0m
[0m[[0m[31merror[0m] [0m[0m                "email" -> user.email)))[0m
[0m[[0m[31merror[0m] [0m[0m                                ^[0m
[0m[[0m[33mwarn[0m] [0m[0m/Users/io/GitHub/WebProjects/Fullstack/tea-growth-record/server/app/controllers/AuthController.scala:57:15: Auto-application to `()` is deprecated. Supply the empty argument list `()` explicitly to invoke method bindFromRequest,[0m
[0m[[0m[33mwarn[0m] [0m[0mor remove the empty argument list from its definition (Java-defined methods are exempt).[0m
[0m[[0m[33mwarn[0m] [0m[0mIn Scala 3, an unapplied method like this will be eta-expanded into a function. [quickfixable][0m
[0m[[0m[33mwarn[0m] [0m[0m    loginForm.bindFromRequest.fold([0m
[0m[[0m[33mwarn[0m] [0m[0m              ^[0m
[0m[[0m[33mwarn[0m] [0m[0m/Users/io/GitHub/WebProjects/Fullstack/tea-growth-record/server/app/controllers/AuthController.scala:105:18: Auto-application to `()` is deprecated. Supply the empty argument list `()` explicitly to invoke method bindFromRequest,[0m
[0m[[0m[33mwarn[0m] [0m[0mor remove the empty argument list from its definition (Java-defined methods are exempt).[0m
[0m[[0m[33mwarn[0m] [0m[0mIn Scala 3, an unapplied method like this will be eta-expanded into a function. [quickfixable][0m
[0m[[0m[33mwarn[0m] [0m[0m    registerForm.bindFromRequest.fold([0m
[0m[[0m[33mwarn[0m] [0m[0m                 ^[0m
[0m[[0m[31merror[0m] [0m[0m/Users/io/GitHub/WebProjects/Fullstack/tea-growth-record/server/app/services/EmailService.scala:4:22: object mailer is not a member of package play.api.libs[0m
[0m[[0m[31merror[0m] [0m[0mimport play.api.libs.mailer._[0m
[0m[[0m[31merror[0m] [0m[0m                     ^[0m
[0m[[0m[31merror[0m] [0m[0m/Users/io/GitHub/WebProjects/Fullstack/tea-growth-record/server/app/services/EmailService.scala:10:17: not found: type MailerClient[0m
[0m[[0m[31merror[0m] [0m[0m  mailerClient: MailerClient,[0m
[0m[[0m[31merror[0m] [0m[0m                ^[0m
[0m[[0m[31merror[0m] [0m[0m/Users/io/GitHub/WebProjects/Fullstack/tea-growth-record/server/app/services/EmailService.scala:21:17: not found: value Email[0m
[0m[[0m[31merror[0m] [0m[0m    val email = Email([0m
[0m[[0m[31merror[0m] [0m[0m                ^[0m
[0m[[0m[31merror[0m] [0m[0m/Users/io/GitHub/WebProjects/Fullstack/tea-growth-record/server/app/services/EmailService.scala:22:7: not found: value subject[0m
[0m[[0m[31merror[0m] [0m[0m      subject = "パスワードリセット - お茶の木成長記録",[0m
[0m[[0m[31merror[0m] [0m[0m      ^[0m
[0m[[0m[31merror[0m] [0m[0m/Users/io/GitHub/WebProjects/Fullstack/tea-growth-record/server/app/services/EmailService.scala:23:12: reassignment to val[0m
[0m[[0m[31merror[0m] [0m[0m      from = from,[0m
[0m[[0m[31merror[0m] [0m[0m           ^[0m
[0m[[0m[31merror[0m] [0m[0m/Users/io/GitHub/WebProjects/Fullstack/tea-growth-record/server/app/services/EmailService.scala:24:7: not found: value to[0m
[0m[[0m[31merror[0m] [0m[0m      to = Seq(username),[0m
[0m[[0m[31merror[0m] [0m[0m      ^[0m
[0m[[0m[31merror[0m] [0m[0m/Users/io/GitHub/WebProjects/Fullstack/tea-growth-record/server/app/services/EmailService.scala:25:7: not found: value bodyText[0m
[0m[[0m[31merror[0m] [0m[0m      bodyText = Some(s"""[0m
[0m[[0m[31merror[0m] [0m[0m      ^[0m
[0m[[0m[31merror[0m] [0m[0m/Users/io/GitHub/WebProjects/Fullstack/tea-growth-record/server/app/services/EmailService.scala:41:7: not found: value bodyHtml[0m
[0m[[0m[31merror[0m] [0m[0m      bodyHtml = Some(s"""[0m
[0m[[0m[31merror[0m] [0m[0m      ^[0m
[0m[[0m[31merror[0m] [0m[0m/Users/io/GitHub/WebProjects/Fullstack/tea-growth-record/server/app/services/UserService.scala:8:12: object mindrot is not a member of package org[0m
[0m[[0m[31merror[0m] [0m[0mimport org.mindrot.jbcrypt.BCrypt[0m
[0m[[0m[31merror[0m] [0m[0m           ^[0m
[0m[[0m[31merror[0m] [0m[0m/Users/io/GitHub/WebProjects/Fullstack/tea-growth-record/server/app/services/UserService.scala:23:5: not found: value BCrypt[0m
[0m[[0m[31merror[0m] [0m[0m    BCrypt.hashpw(password, BCrypt.gensalt())[0m
[0m[[0m[31merror[0m] [0m[0m    ^[0m
[0m[[0m[31merror[0m] [0m[0m/Users/io/GitHub/WebProjects/Fullstack/tea-growth-record/server/app/services/UserService.scala:23:29: not found: value BCrypt[0m
[0m[[0m[31merror[0m] [0m[0m    BCrypt.hashpw(password, BCrypt.gensalt())[0m
[0m[[0m[31merror[0m] [0m[0m                            ^[0m
[0m[[0m[31merror[0m] [0m[0m/Users/io/GitHub/WebProjects/Fullstack/tea-growth-record/server/app/services/UserService.scala:27:5: not found: value BCrypt[0m
[0m[[0m[31merror[0m] [0m[0m    BCrypt.checkpw(password, hashedPassword)[0m
[0m[[0m[31merror[0m] [0m[0m    ^[0m
[0m[[0m[33mwarn[0m] [0m[0mtwo warnings found[0m
[0m[[0m[31merror[0m] [0m[0m17 errors found[0m
[0m[[0m[31merror[0m] [0m[0m(Compile / [31mcompileIncremental[0m) Compilation failed[0m
[0m[[0m[0mdebug[0m] [0m[0mRunning task... Cancel: Signal, check cycles: false, forcegc: true[0m
[0m[[0m[0mdebug[0m] [0m[0mRunning task... Cancel: Signal, check cycles: false, forcegc: true[0m
[0m[[0m[0mdebug[0m] [0m[0mRunning task... Cancel: Signal, check cycles: false, forcegc: true[0m
[0m[[0m[0minfo[0m] [0m[0mcompiling 3 Scala sources to /Users/io/GitHub/WebProjects/Fullstack/tea-growth-record/server/target/scala-2.13/classes ...[0m
[0m[[0m[31merror[0m] [0m[0m/Users/io/GitHub/WebProjects/Fullstack/tea-growth-record/server/app/controllers/AuthController.scala:43:25: type mismatch;[0m
[0m[[0m[31merror[0m] [0m[0m found   : play.api.data.Form[controllers.LoginData][0m
[0m[[0m[31merror[0m] [0m[0m required: play.api.data.Form[forms.Forms.LoginData][0m
[0m[[0m[31merror[0m] [0m[0m    Ok(views.html.login(loginForm))[0m
[0m[[0m[31merror[0m] [0m[0m                        ^[0m
[0m[[0m[31merror[0m] [0m[0m/Users/io/GitHub/WebProjects/Fullstack/tea-growth-record/server/app/controllers/AuthController.scala:50:28: type mismatch;[0m
[0m[[0m[31merror[0m] [0m[0m found   : play.api.data.Form[controllers.RegisterData][0m
[0m[[0m[31merror[0m] [0m[0m required: play.api.data.Form[forms.Forms.RegisterData][0m
[0m[[0m[31merror[0m] [0m[0m    Ok(views.html.register(registerForm))[0m
[0m[[0m[31merror[0m] [0m[0m                           ^[0m
[0m[[0m[31merror[0m] [0m[0m/Users/io/GitHub/WebProjects/Fullstack/tea-growth-record/server/app/controllers/AuthController.scala:86:21: value get is not a member of services.UserService[0m
[0m[[0m[31merror[0m] [0m[0m        userService.get(userId).map {[0m
[0m[[0m[31merror[0m] [0m[0m                    ^[0m
[0m[[0m[31merror[0m] [0m[0m/Users/io/GitHub/WebProjects/Fullstack/tea-growth-record/server/app/controllers/AuthController.scala:91:30: value id is not a member of Any[0m
[0m[[0m[31merror[0m] [0m[0m                "id" -> user.id,[0m
[0m[[0m[31merror[0m] [0m[0m                             ^[0m
[0m[[0m[31merror[0m] [0m[0m/Users/io/GitHub/WebProjects/Fullstack/tea-growth-record/server/app/controllers/AuthController.scala:92:33: value email is not a member of Any[0m
[0m[[0m[31merror[0m] [0m[0m                "email" -> user.email)))[0m
[0m[[0m[31merror[0m] [0m[0m                                ^[0m
[0m[[0m[33mwarn[0m] [0m[0m/Users/io/GitHub/WebProjects/Fullstack/tea-growth-record/server/app/controllers/AuthController.scala:57:15: Auto-application to `()` is deprecated. Supply the empty argument list `()` explicitly to invoke method bindFromRequest,[0m
[0m[[0m[33mwarn[0m] [0m[0mor remove the empty argument list from its definition (Java-defined methods are exempt).[0m
[0m[[0m[33mwarn[0m] [0m[0mIn Scala 3, an unapplied method like this will be eta-expanded into a function. [quickfixable][0m
[0m[[0m[33mwarn[0m] [0m[0m    loginForm.bindFromRequest.fold([0m
[0m[[0m[33mwarn[0m] [0m[0m              ^[0m
[0m[[0m[33mwarn[0m] [0m[0m/Users/io/GitHub/WebProjects/Fullstack/tea-growth-record/server/app/controllers/AuthController.scala:105:18: Auto-application to `()` is deprecated. Supply the empty argument list `()` explicitly to invoke method bindFromRequest,[0m
[0m[[0m[33mwarn[0m] [0m[0mor remove the empty argument list from its definition (Java-defined methods are exempt).[0m
[0m[[0m[33mwarn[0m] [0m[0mIn Scala 3, an unapplied method like this will be eta-expanded into a function. [quickfixable][0m
[0m[[0m[33mwarn[0m] [0m[0m    registerForm.bindFromRequest.fold([0m
[0m[[0m[33mwarn[0m] [0m[0m                 ^[0m
[0m[[0m[31merror[0m] [0m[0m/Users/io/GitHub/WebProjects/Fullstack/tea-growth-record/server/app/services/EmailService.scala:4:22: object mailer is not a member of package play.api.libs[0m
[0m[[0m[31merror[0m] [0m[0mimport play.api.libs.mailer._[0m
[0m[[0m[31merror[0m] [0m[0m                     ^[0m
[0m[[0m[31merror[0m] [0m[0m/Users/io/GitHub/WebProjects/Fullstack/tea-growth-record/server/app/services/EmailService.scala:10:17: not found: type MailerClient[0m
[0m[[0m[31merror[0m] [0m[0m  mailerClient: MailerClient,[0m
[0m[[0m[31merror[0m] [0m[0m                ^[0m
[0m[[0m[31merror[0m] [0m[0m/Users/io/GitHub/WebProjects/Fullstack/tea-growth-record/server/app/services/EmailService.scala:21:17: not found: value Email[0m
[0m[[0m[31merror[0m] [0m[0m    val email = Email([0m
[0m[[0m[31merror[0m] [0m[0m                ^[0m
[0m[[0m[31merror[0m] [0m[0m/Users/io/GitHub/WebProjects/Fullstack/tea-growth-record/server/app/services/EmailService.scala:22:7: not found: value subject[0m
[0m[[0m[31merror[0m] [0m[0m      subject = "パスワードリセット - お茶の木成長記録",[0m
[0m[[0m[31merror[0m] [0m[0m      ^[0m
[0m[[0m[31merror[0m] [0m[0m/Users/io/GitHub/WebProjects/Fullstack/tea-growth-record/server/app/services/EmailService.scala:23:12: reassignment to val[0m
[0m[[0m[31merror[0m] [0m[0m      from = from,[0m
[0m[[0m[31merror[0m] [0m[0m           ^[0m
[0m[[0m[31merror[0m] [0m[0m/Users/io/GitHub/WebProjects/Fullstack/tea-growth-record/server/app/services/EmailService.scala:24:7: not found: value to[0m
[0m[[0m[31merror[0m] [0m[0m      to = Seq(username),[0m
[0m[[0m[31merror[0m] [0m[0m      ^[0m
[0m[[0m[31merror[0m] [0m[0m/Users/io/GitHub/WebProjects/Fullstack/tea-growth-record/server/app/services/EmailService.scala:25:7: not found: value bodyText[0m
[0m[[0m[31merror[0m] [0m[0m      bodyText = Some(s"""[0m
[0m[[0m[31merror[0m] [0m[0m      ^[0m
[0m[[0m[31merror[0m] [0m[0m/Users/io/GitHub/WebProjects/Fullstack/tea-growth-record/server/app/services/EmailService.scala:41:7: not found: value bodyHtml[0m
[0m[[0m[31merror[0m] [0m[0m      bodyHtml = Some(s"""[0m
[0m[[0m[31merror[0m] [0m[0m      ^[0m
[0m[[0m[31merror[0m] [0m[0m/Users/io/GitHub/WebProjects/Fullstack/tea-growth-record/server/app/services/UserService.scala:8:12: object mindrot is not a member of package org[0m
[0m[[0m[31merror[0m] [0m[0mimport org.mindrot.jbcrypt.BCrypt[0m
[0m[[0m[31merror[0m] [0m[0m           ^[0m
[0m[[0m[31merror[0m] [0m[0m/Users/io/GitHub/WebProjects/Fullstack/tea-growth-record/server/app/services/UserService.scala:23:5: not found: value BCrypt[0m
[0m[[0m[31merror[0m] [0m[0m    BCrypt.hashpw(password, BCrypt.gensalt())[0m
[0m[[0m[31merror[0m] [0m[0m    ^[0m
[0m[[0m[31merror[0m] [0m[0m/Users/io/GitHub/WebProjects/Fullstack/tea-growth-record/server/app/services/UserService.scala:23:29: not found: value BCrypt[0m
[0m[[0m[31merror[0m] [0m[0m    BCrypt.hashpw(password, BCrypt.gensalt())[0m
[0m[[0m[31merror[0m] [0m[0m                            ^[0m
[0m[[0m[31merror[0m] [0m[0m/Users/io/GitHub/WebProjects/Fullstack/tea-growth-record/server/app/services/UserService.scala:27:5: not found: value BCrypt[0m
[0m[[0m[31merror[0m] [0m[0m    BCrypt.checkpw(password, hashedPassword)[0m
[0m[[0m[31merror[0m] [0m[0m    ^[0m
[0m[[0m[33mwarn[0m] [0m[0mtwo warnings found[0m
[0m[[0m[31merror[0m] [0m[0m17 errors found[0m
[0m[[0m[31merror[0m] [0m[0m(Compile / [31mcompileIncremental[0m) Compilation failed[0m
[0m[[0m[0mdebug[0m] [0m[0mRunning task... Cancel: Signal, check cycles: false, forcegc: true[0m
[0m[[0m[0mdebug[0m] [0m[0mRunning task... Cancel: Signal, check cycles: false, forcegc: true[0m
